Attribution_method: BCos, Layer: Final, AdaptiveLambda: True, Lambda: 0.0001, SimilarityThreshold: 0.97, NumGuidingPoints: 10.
loading bcos resnet50 model
Loading guiding points train dataset from datasets/COCO2014/processed
Loading guiding points validation dataset from datasets/COCO2014/processed
Train data size: 73872
Annotated: 73872, Total: 73872

Epoch: 0, Average Loss: 0.04610079154372215
Validation Metrics: {'Accuracy': 0.9803355932235718, 'Precision': 0.7984439134597778, 'Recall': 0.6258447170257568, 'F-Score': 0.7016863226890564, 'True Positives': 15188.0, 'True Negatives': 628618.0, 'False Positives': 3834.0, 'False Negatives': 9080.0, 'BB-Loc': 0.29010732806902145, 'BB-IoU': 0.2299600457172893, 'Average-Loss': 0.05872623881812739}
Current Pareto Front Size: 1
Pareto Costs: (0.7017,0.2901,0.2300,1)

Epoch: 1, Average Loss: 0.04120679199695587
Validation Metrics: {'Accuracy': 0.9798787832260132, 'Precision': 0.7844570279121399, 'Recall': 0.6280698776245117, 'F-Score': 0.6976063251495361, 'True Positives': 15242.0, 'True Negatives': 628264.0, 'False Positives': 4188.0, 'False Negatives': 9026.0, 'BB-Loc': 0.29127247867221906, 'BB-IoU': 0.2245999932853911, 'Average-Loss': 0.06111808049140044}
Current Pareto Front Size: 1
Pareto Costs: (0.7017,0.2901,0.2300,1)

Epoch: 2, Average Loss: 0.036950670182704926
Validation Metrics: {'Accuracy': 0.9792864322662354, 'Precision': 0.7678436636924744, 'Recall': 0.6299241781234741, 'F-Score': 0.6920796036720276, 'True Positives': 15287.0, 'True Negatives': 627830.0, 'False Positives': 4622.0, 'False Negatives': 8981.0, 'BB-Loc': 0.29248109338849154, 'BB-IoU': 0.21936155965624507, 'Average-Loss': 0.0641974654669941}
Current Pareto Front Size: 1
Pareto Costs: (0.7017,0.2901,0.2300,1)

Epoch: 3, Average Loss: 0.0327860452234745
Validation Metrics: {'Accuracy': 0.9785707592964172, 'Precision': 0.747223436832428, 'Recall': 0.6348689794540405, 'F-Score': 0.686479389667511, 'True Positives': 15407.0, 'True Negatives': 627240.0, 'False Positives': 5212.0, 'False Negatives': 8861.0, 'BB-Loc': 0.2934611650942987, 'BB-IoU': 0.21378576812068467, 'Average-Loss': 0.06817496837978895}
Current Pareto Front Size: 2
Pareto Costs: (0.7017,0.2901,0.2300,1)(0.6865,0.2935,0.2138,4)

Epoch: 4, Average Loss: 0.028846245259046555
Validation Metrics: {'Accuracy': 0.9778885841369629, 'Precision': 0.7285131812095642, 'Recall': 0.6402258276939392, 'F-Score': 0.6815220713615417, 'True Positives': 15537.0, 'True Negatives': 626662.0, 'False Positives': 5790.0, 'False Negatives': 8731.0, 'BB-Loc': 0.293832756994661, 'BB-IoU': 0.20851775034823913, 'Average-Loss': 0.07278899086975328}
Current Pareto Front Size: 2
Pareto Costs: (0.7017,0.2901,0.2300,1)(0.6865,0.2935,0.2138,4)

Epoch: 5, Average Loss: 0.025025397539138794
Validation Metrics: {'Accuracy': 0.9771820306777954, 'Precision': 0.7109293341636658, 'Recall': 0.6446349024772644, 'F-Score': 0.6761610507965088, 'True Positives': 15644.0, 'True Negatives': 626091.0, 'False Positives': 6361.0, 'False Negatives': 8624.0, 'BB-Loc': 0.29471574028987557, 'BB-IoU': 0.2033804421485743, 'Average-Loss': 0.07819876041753905}
Current Pareto Front Size: 2
Pareto Costs: (0.7017,0.2901,0.2300,1)(0.6865,0.2935,0.2138,4)

Epoch: 6, Average Loss: 0.021562200039625168
Validation Metrics: {'Accuracy': 0.9770084619522095, 'Precision': 0.7119411826133728, 'Recall': 0.6345804929733276, 'F-Score': 0.6710385680198669, 'True Positives': 15400.0, 'True Negatives': 626221.0, 'False Positives': 6231.0, 'False Negatives': 8868.0, 'BB-Loc': 0.29498961233042603, 'BB-IoU': 0.19774791337833858, 'Average-Loss': 0.08245625253687358}
Current Pareto Front Size: 2
Pareto Costs: (0.7017,0.2901,0.2300,1)(0.6865,0.2935,0.2138,4)

Epoch: 7, Average Loss: 0.01887565478682518
Validation Metrics: {'Accuracy': 0.9767130613327026, 'Precision': 0.7108688354492188, 'Recall': 0.6233723163604736, 'F-Score': 0.6642516851425171, 'True Positives': 15128.0, 'True Negatives': 626299.0, 'False Positives': 6153.0, 'False Negatives': 9140.0, 'BB-Loc': 0.29658384451129005, 'BB-IoU': 0.19419742660608294, 'Average-Loss': 0.08695665662247133}
Current Pareto Front Size: 2
Pareto Costs: (0.7017,0.2901,0.2300,1)(0.6865,0.2935,0.2138,4)

Epoch: 8, Average Loss: 0.017114704474806786
Validation Metrics: {'Accuracy': 0.9778962135314941, 'Precision': 0.754461944103241, 'Recall': 0.5957227349281311, 'F-Score': 0.6657609939575195, 'True Positives': 14457.0, 'True Negatives': 627747.0, 'False Positives': 4705.0, 'False Negatives': 9811.0, 'BB-Loc': 0.30063845888072077, 'BB-IoU': 0.1939079852836804, 'Average-Loss': 0.08895809151743227}
Current Pareto Front Size: 3
Pareto Costs: (0.7017,0.2901,0.2300,1)(0.6865,0.2935,0.2138,4)(0.6658,0.3006,0.1939,9)

Epoch: 9, Average Loss: 0.014827149920165539
Validation Metrics: {'Accuracy': 0.9783043265342712, 'Precision': 0.7776238322257996, 'Recall': 0.5782511830329895, 'F-Score': 0.6632792949676514, 'True Positives': 14033.0, 'True Negatives': 628439.0, 'False Positives': 4013.0, 'False Negatives': 10235.0, 'BB-Loc': 0.3004285844337566, 'BB-IoU': 0.19072220908549645, 'Average-Loss': 0.09364551010252657}
Current Pareto Front Size: 3
Pareto Costs: (0.7017,0.2901,0.2300,1)(0.6865,0.2935,0.2138,4)(0.6658,0.3006,0.1939,9)
Loading test dataset from datasets/COCO2014/processed
Validation Metrics: {'Accuracy': 0.9783345460891724, 'Precision': 0.7674981951713562, 'Recall': 0.5707852840423584, 'F-Score': 0.6546844244003296, 'True Positives': 66549.0, 'True Negatives': 3103568.0, 'False Positives': 20160.0, 'False Negatives': 50043.0, 'BB-Loc': 0.3062079912768519, 'BB-IoU': 0.19023643012344854, 'Average-Loss': 0.09316254716933821}
Validation Metrics: {'Accuracy': 0.9804599285125732, 'Precision': 0.789556086063385, 'Recall': 0.622992992401123, 'F-Score': 0.6964542269706726, 'True Positives': 72636.0, 'True Negatives': 3104368.0, 'False Positives': 19360.0, 'False Negatives': 43956.0, 'BB-Loc': 0.29566668848488453, 'BB-IoU': 0.23102502694384291, 'Average-Loss': 0.05825088835506601}
