Attribution_method: BCos, Layer: Final, AdaptiveLambda: True, Lambda: 0.0001, SimilarityThreshold: 0.99, NumGuidingPoints: 10.
loading bcos resnet50 model
Loading guiding points train dataset from datasets/COCO2014/processed
Loading guiding points validation dataset from datasets/COCO2014/processed
Train data size: 73872
Annotated: 73872, Total: 73872

Epoch: 0, Average Loss: 0.04609422758221626
Validation Metrics: {'Accuracy': 0.9803736805915833, 'Precision': 0.799463152885437, 'Recall': 0.6258859634399414, 'F-Score': 0.7021055221557617, 'True Positives': 15189.0, 'True Negatives': 628642.0, 'False Positives': 3810.0, 'False Negatives': 9079.0, 'BB-Loc': 0.29120037763014867, 'BB-IoU': 0.22956504710371187, 'Average-Loss': 0.058675722542046074}
Current Pareto Front Size: 1
Pareto Costs: (0.7021,0.2912,0.2296,1)

Epoch: 1, Average Loss: 0.04120808467268944
Validation Metrics: {'Accuracy': 0.9798696637153625, 'Precision': 0.7853010892868042, 'Recall': 0.626545250415802, 'F-Score': 0.6969974637031555, 'True Positives': 15205.0, 'True Negatives': 628295.0, 'False Positives': 4157.0, 'False Negatives': 9063.0, 'BB-Loc': 0.29281452175360384, 'BB-IoU': 0.22435827390289312, 'Average-Loss': 0.06104982022696602}
Current Pareto Front Size: 2
Pareto Costs: (0.7021,0.2912,0.2296,1)(0.6970,0.2928,0.2244,2)

Epoch: 2, Average Loss: 0.03694750741124153
Validation Metrics: {'Accuracy': 0.979313850402832, 'Precision': 0.7696774005889893, 'Recall': 0.6281934976577759, 'F-Score': 0.691775381565094, 'True Positives': 15245.0, 'True Negatives': 627890.0, 'False Positives': 4562.0, 'False Negatives': 9023.0, 'BB-Loc': 0.2943876688988875, 'BB-IoU': 0.21888977735003537, 'Average-Loss': 0.06414000104211079}
Current Pareto Front Size: 2
Pareto Costs: (0.7021,0.2912,0.2296,1)(0.6970,0.2928,0.2244,2)

Epoch: 3, Average Loss: 0.03278471156954765
Validation Metrics: {'Accuracy': 0.9785433411598206, 'Precision': 0.7468827366828918, 'Recall': 0.6343332529067993, 'F-Score': 0.6860224008560181, 'True Positives': 15394.0, 'True Negatives': 627235.0, 'False Positives': 5217.0, 'False Negatives': 8874.0, 'BB-Loc': 0.2954149600147358, 'BB-IoU': 0.2134109415703398, 'Average-Loss': 0.06817603904156261}
Current Pareto Front Size: 2
Pareto Costs: (0.7021,0.2912,0.2296,1)(0.6970,0.2928,0.2244,2)

Epoch: 4, Average Loss: 0.02878865785896778
Validation Metrics: {'Accuracy': 0.977948009967804, 'Precision': 0.7301072478294373, 'Recall': 0.6397313475608826, 'F-Score': 0.6819379925727844, 'True Positives': 15525.0, 'True Negatives': 626713.0, 'False Positives': 5739.0, 'False Negatives': 8743.0, 'BB-Loc': 0.2961180273479661, 'BB-IoU': 0.20772343752853953, 'Average-Loss': 0.07277315399768451}
Current Pareto Front Size: 2
Pareto Costs: (0.7021,0.2912,0.2296,1)(0.6970,0.2928,0.2244,2)

Epoch: 5, Average Loss: 0.024940181523561478
Validation Metrics: {'Accuracy': 0.9772247076034546, 'Precision': 0.7125119566917419, 'Recall': 0.643192708492279, 'F-Score': 0.6760801076889038, 'True Positives': 15609.0, 'True Negatives': 626154.0, 'False Positives': 6298.0, 'False Negatives': 8659.0, 'BB-Loc': 0.2969340816650048, 'BB-IoU': 0.20275213806099104, 'Average-Loss': 0.07825891264958335}
Current Pareto Front Size: 2
Pareto Costs: (0.7021,0.2912,0.2296,1)(0.6970,0.2928,0.2244,2)

Epoch: 6, Average Loss: 0.021460101008415222
Validation Metrics: {'Accuracy': 0.9771317839622498, 'Precision': 0.71501624584198, 'Recall': 0.6337563991546631, 'F-Score': 0.6719384789466858, 'True Positives': 15380.0, 'True Negatives': 626322.0, 'False Positives': 6130.0, 'False Negatives': 8888.0, 'BB-Loc': 0.2973207574513206, 'BB-IoU': 0.1971601634575603, 'Average-Loss': 0.08253027876106826}
Current Pareto Front Size: 2
Pareto Costs: (0.7021,0.2912,0.2296,1)(0.6970,0.2928,0.2244,2)

Epoch: 7, Average Loss: 0.01881980709731579
Validation Metrics: {'Accuracy': 0.9768059253692627, 'Precision': 0.711101770401001, 'Recall': 0.627122163772583, 'F-Score': 0.6664769053459167, 'True Positives': 15219.0, 'True Negatives': 626269.0, 'False Positives': 6183.0, 'False Negatives': 9049.0, 'BB-Loc': 0.2991676573339838, 'BB-IoU': 0.19430024597569823, 'Average-Loss': 0.08703261226840396}
Current Pareto Front Size: 3
Pareto Costs: (0.7021,0.2912,0.2296,1)(0.6970,0.2928,0.2244,2)(0.6665,0.2992,0.1943,8)

Epoch: 8, Average Loss: 0.017022691667079926
Validation Metrics: {'Accuracy': 0.9779327511787415, 'Precision': 0.754054069519043, 'Recall': 0.5978242754936218, 'F-Score': 0.6669118404388428, 'True Positives': 14508.0, 'True Negatives': 627720.0, 'False Positives': 4732.0, 'False Negatives': 9760.0, 'BB-Loc': 0.3024785656562397, 'BB-IoU': 0.19308446469250895, 'Average-Loss': 0.08836273107855136}
Current Pareto Front Size: 3
Pareto Costs: (0.7021,0.2912,0.2296,1)(0.6970,0.2928,0.2244,2)(0.6665,0.2992,0.1943,8)

Epoch: 9, Average Loss: 0.01471642404794693
Validation Metrics: {'Accuracy': 0.9781398177146912, 'Precision': 0.7696702480316162, 'Recall': 0.5828663110733032, 'F-Score': 0.6633681654930115, 'True Positives': 14145.0, 'True Negatives': 628219.0, 'False Positives': 4233.0, 'False Negatives': 10123.0, 'BB-Loc': 0.3026569872314025, 'BB-IoU': 0.19048882928166794, 'Average-Loss': 0.09421203516624284}
Current Pareto Front Size: 4
Pareto Costs: (0.7021,0.2912,0.2296,1)(0.6970,0.2928,0.2244,2)(0.6665,0.2992,0.1943,8)(0.6634,0.3027,0.1905,10)
Loading test dataset from datasets/COCO2014/processed
Validation Metrics: {'Accuracy': 0.9781617522239685, 'Precision': 0.7590760588645935, 'Recall': 0.5758371353149414, 'F-Score': 0.6548802852630615, 'True Positives': 67138.0, 'True Negatives': 3102419.0, 'False Positives': 21309.0, 'False Negatives': 49454.0, 'BB-Loc': 0.308335847026547, 'BB-IoU': 0.1900536178571203, 'Average-Loss': 0.09385862280770109}
Validation Metrics: {'Accuracy': 0.9804726243019104, 'Precision': 0.7903059124946594, 'Recall': 0.6224526762962341, 'F-Score': 0.6964077353477478, 'True Positives': 72573.0, 'True Negatives': 3104472.0, 'False Positives': 19256.0, 'False Negatives': 44019.0, 'BB-Loc': 0.2967533474144128, 'BB-IoU': 0.23070377013049062, 'Average-Loss': 0.058202657260702645}
