Attribution_method: BCos, Layer: Final, AdaptiveLambda: True, Lambda: 0.0001, SimilarityThreshold: 0.9, NumGuidingPoints: 50.
loading bcos resnet50 model
Loading guiding points train dataset from datasets/COCO2014/processed
Loading guiding points validation dataset from datasets/COCO2014/processed
Train data size: 73872
Annotated: 73872, Total: 73872

Epoch: 0, Average Loss: 0.04540250822901726
Validation Metrics: {'Accuracy': 0.9803234338760376, 'Precision': 0.7983277440071106, 'Recall': 0.6255562901496887, 'F-Score': 0.7014601230621338, 'True Positives': 15181.0, 'True Negatives': 628617.0, 'False Positives': 3835.0, 'False Negatives': 9087.0, 'BB-Loc': 0.29300814774911116, 'BB-IoU': 0.22840432763307386, 'Average-Loss': 0.058811735621845114}
Current Pareto Front Size: 1
Pareto Costs: (0.7015,0.2930,0.2284,1)

Epoch: 1, Average Loss: 0.040506888180971146
Validation Metrics: {'Accuracy': 0.9798696637153625, 'Precision': 0.784918487071991, 'Recall': 0.6270809173583984, 'F-Score': 0.6971779465675354, 'True Positives': 15218.0, 'True Negatives': 628282.0, 'False Positives': 4170.0, 'False Negatives': 9050.0, 'BB-Loc': 0.29499642948339805, 'BB-IoU': 0.22299271282746314, 'Average-Loss': 0.06128084896281425}
Current Pareto Front Size: 1
Pareto Costs: (0.7015,0.2930,0.2284,1)

Epoch: 2, Average Loss: 0.03623142093420029
Validation Metrics: {'Accuracy': 0.9792712330818176, 'Precision': 0.7676731944084167, 'Recall': 0.6295945048332214, 'F-Score': 0.6918113827705383, 'True Positives': 15279.0, 'True Negatives': 627828.0, 'False Positives': 4624.0, 'False Negatives': 8989.0, 'BB-Loc': 0.29684773209919324, 'BB-IoU': 0.21775164093664132, 'Average-Loss': 0.06443814131153212}
Current Pareto Front Size: 1
Pareto Costs: (0.7015,0.2930,0.2284,1)

Epoch: 3, Average Loss: 0.032057248055934906
Validation Metrics: {'Accuracy': 0.9785585999488831, 'Precision': 0.7465988993644714, 'Recall': 0.6354458332061768, 'F-Score': 0.6865525245666504, 'True Positives': 15421.0, 'True Negatives': 627218.0, 'False Positives': 5234.0, 'False Negatives': 8847.0, 'BB-Loc': 0.29831389139688697, 'BB-IoU': 0.21222942019026778, 'Average-Loss': 0.06845613977537039}
Current Pareto Front Size: 2
Pareto Costs: (0.7015,0.2930,0.2284,1)(0.6866,0.2983,0.2122,4)

Epoch: 4, Average Loss: 0.02802368253469467
Validation Metrics: {'Accuracy': 0.9779403805732727, 'Precision': 0.7294178605079651, 'Recall': 0.6407203078269958, 'F-Score': 0.6821981072425842, 'True Positives': 15549.0, 'True Negatives': 626684.0, 'False Positives': 5768.0, 'False Negatives': 8719.0, 'BB-Loc': 0.2991586964100186, 'BB-IoU': 0.20714654544368802, 'Average-Loss': 0.0731414616478246}
Current Pareto Front Size: 2
Pareto Costs: (0.7015,0.2930,0.2284,1)(0.6866,0.2983,0.2122,4)

Epoch: 5, Average Loss: 0.024191144853830338
Validation Metrics: {'Accuracy': 0.9772186279296875, 'Precision': 0.712285041809082, 'Recall': 0.6433987021446228, 'F-Score': 0.676091730594635, 'True Positives': 15614.0, 'True Negatives': 626145.0, 'False Positives': 6307.0, 'False Negatives': 8654.0, 'BB-Loc': 0.3004228155940366, 'BB-IoU': 0.20205953314402605, 'Average-Loss': 0.07858504626329524}
Current Pareto Front Size: 2
Pareto Costs: (0.7015,0.2930,0.2284,1)(0.6866,0.2983,0.2122,4)

Epoch: 6, Average Loss: 0.020743409171700478
Validation Metrics: {'Accuracy': 0.9770221710205078, 'Precision': 0.710969090461731, 'Recall': 0.6372589468955994, 'F-Score': 0.6720991134643555, 'True Positives': 15465.0, 'True Negatives': 626165.0, 'False Positives': 6287.0, 'False Negatives': 8803.0, 'BB-Loc': 0.301689334196454, 'BB-IoU': 0.19714950967531017, 'Average-Loss': 0.08328521799149562}
Current Pareto Front Size: 2
Pareto Costs: (0.7015,0.2930,0.2284,1)(0.6866,0.2983,0.2122,4)

Epoch: 7, Average Loss: 0.018260324373841286
Validation Metrics: {'Accuracy': 0.9774150252342224, 'Precision': 0.7325741648674011, 'Recall': 0.6123701930046082, 'F-Score': 0.6671006083488464, 'True Positives': 14861.0, 'True Negatives': 627027.0, 'False Positives': 5425.0, 'False Negatives': 9407.0, 'BB-Loc': 0.3050840147874328, 'BB-IoU': 0.19488172059249825, 'Average-Loss': 0.085919146329248}
Current Pareto Front Size: 3
Pareto Costs: (0.7015,0.2930,0.2284,1)(0.6866,0.2983,0.2122,4)(0.6671,0.3051,0.1949,8)

Epoch: 8, Average Loss: 0.01636340841650963
Validation Metrics: {'Accuracy': 0.9780469536781311, 'Precision': 0.7605395317077637, 'Recall': 0.5924674272537231, 'F-Score': 0.666064441204071, 'True Positives': 14378.0, 'True Negatives': 627925.0, 'False Positives': 4527.0, 'False Negatives': 9890.0, 'BB-Loc': 0.308155074054956, 'BB-IoU': 0.19431847507526168, 'Average-Loss': 0.08928400207660799}
Current Pareto Front Size: 3
Pareto Costs: (0.7015,0.2930,0.2284,1)(0.6866,0.2983,0.2122,4)(0.6661,0.3082,0.1943,9)

Epoch: 9, Average Loss: 0.01403734739869833
Validation Metrics: {'Accuracy': 0.978168785572052, 'Precision': 0.7667185664176941, 'Recall': 0.5881819725036621, 'F-Score': 0.6656873226165771, 'True Positives': 14274.0, 'True Negatives': 628109.0, 'False Positives': 4343.0, 'False Negatives': 9994.0, 'BB-Loc': 0.30829854548388724, 'BB-IoU': 0.19162395427428547, 'Average-Loss': 0.09390275889910274}
Current Pareto Front Size: 3
Pareto Costs: (0.7015,0.2930,0.2284,1)(0.6866,0.2983,0.2122,4)(0.6661,0.3082,0.1943,9)
Loading test dataset from datasets/COCO2014/processed
Validation Metrics: {'Accuracy': 0.978164792060852, 'Precision': 0.7561839818954468, 'Recall': 0.5802456140518188, 'F-Score': 0.6566338539123535, 'True Positives': 67652.0, 'True Negatives': 3101915.0, 'False Positives': 21813.0, 'False Negatives': 48940.0, 'BB-Loc': 0.31392441311825753, 'BB-IoU': 0.1915033786201621, 'Average-Loss': 0.09329766113956338}
Validation Metrics: {'Accuracy': 0.9804692268371582, 'Precision': 0.7899397611618042, 'Recall': 0.6228214502334595, 'F-Score': 0.6964962482452393, 'True Positives': 72616.0, 'True Negatives': 3104418.0, 'False Positives': 19310.0, 'False Negatives': 43976.0, 'BB-Loc': 0.29855849122745454, 'BB-IoU': 0.22943111067261582, 'Average-Loss': 0.05834901867331004}
