Attribution_method: BCos, Layer: Final, AdaptiveLambda: True, Lambda: 0.001, SimilarityThreshold: 0.95, NumGuidingPoints: 10.
loading bcos resnet50 model
Loading guiding points train dataset from datasets/COCO2014/processed
Loading guiding points validation dataset from datasets/COCO2014/processed
Train data size: 73872
Annotated: 73872, Total: 73872

Epoch: 0, Average Loss: 0.07747825980186462
Validation Metrics: {'Accuracy': 0.9804117679595947, 'Precision': 0.8088171482086182, 'Recall': 0.6153782606124878, 'F-Score': 0.6989609599113464, 'True Positives': 14934.0, 'True Negatives': 628922.0, 'False Positives': 3530.0, 'False Negatives': 9334.0, 'BB-Loc': 0.2620546508929456, 'BB-IoU': 0.2258925105512262, 'Average-Loss': 0.05833093041638274}
Current Pareto Front Size: 1
Pareto Costs: (0.6990,0.2621,0.2259,1)

Epoch: 1, Average Loss: 0.07086808234453201
Validation Metrics: {'Accuracy': 0.9799518585205078, 'Precision': 0.7933622002601624, 'Recall': 0.618592381477356, 'F-Score': 0.6951609253883362, 'True Positives': 15012.0, 'True Negatives': 628542.0, 'False Positives': 3910.0, 'False Negatives': 9256.0, 'BB-Loc': 0.25889849768279083, 'BB-IoU': 0.2087187155192263, 'Average-Loss': 0.06029441258201269}
Current Pareto Front Size: 1
Pareto Costs: (0.6990,0.2621,0.2259,1)

Epoch: 2, Average Loss: 0.06609316915273666
Validation Metrics: {'Accuracy': 0.9792103171348572, 'Precision': 0.7714416980743408, 'Recall': 0.6215592622756958, 'F-Score': 0.6884370446205139, 'True Positives': 15084.0, 'True Negatives': 627983.0, 'False Positives': 4469.0, 'False Negatives': 9184.0, 'BB-Loc': 0.2578786309192208, 'BB-IoU': 0.19040665309823782, 'Average-Loss': 0.06314810540153623}
Current Pareto Front Size: 1
Pareto Costs: (0.6990,0.2621,0.2259,1)

Epoch: 3, Average Loss: 0.0616070032119751
Validation Metrics: {'Accuracy': 0.9786149263381958, 'Precision': 0.7561122179031372, 'Recall': 0.6218889355659485, 'F-Score': 0.6824635863304138, 'True Positives': 15092.0, 'True Negatives': 627584.0, 'False Positives': 4868.0, 'False Negatives': 9176.0, 'BB-Loc': 0.25885808019362416, 'BB-IoU': 0.1765538739372633, 'Average-Loss': 0.06579261210066695}
Current Pareto Front Size: 1
Pareto Costs: (0.6990,0.2621,0.2259,1)

Epoch: 4, Average Loss: 0.057282090187072754
Validation Metrics: {'Accuracy': 0.977459192276001, 'Precision': 0.7286563515663147, 'Recall': 0.6214356422424316, 'F-Score': 0.6707884073257446, 'True Positives': 15081.0, 'True Negatives': 626836.0, 'False Positives': 5616.0, 'False Negatives': 9187.0, 'BB-Loc': 0.2585894783268951, 'BB-IoU': 0.163473761365702, 'Average-Loss': 0.07085231985937214}
Current Pareto Front Size: 1
Pareto Costs: (0.6990,0.2621,0.2259,1)

Epoch: 5, Average Loss: 0.05304193124175072
Validation Metrics: {'Accuracy': 0.9772871136665344, 'Precision': 0.726946234703064, 'Recall': 0.6171913743019104, 'F-Score': 0.6675878167152405, 'True Positives': 14978.0, 'True Negatives': 626826.0, 'False Positives': 5626.0, 'False Negatives': 9290.0, 'BB-Loc': 0.259362798670485, 'BB-IoU': 0.15394938641207728, 'Average-Loss': 0.07357836972056679}
Current Pareto Front Size: 1
Pareto Costs: (0.6990,0.2621,0.2259,1)

Epoch: 6, Average Loss: 0.04905260354280472
Validation Metrics: {'Accuracy': 0.9770693778991699, 'Precision': 0.7262097597122192, 'Recall': 0.6091148853302002, 'F-Score': 0.6625282764434814, 'True Positives': 14782.0, 'True Negatives': 626879.0, 'False Positives': 5573.0, 'False Negatives': 9486.0, 'BB-Loc': 0.25895037506692903, 'BB-IoU': 0.1453484716545644, 'Average-Loss': 0.07736595842489474}
Current Pareto Front Size: 1
Pareto Costs: (0.6990,0.2621,0.2259,1)

Epoch: 7, Average Loss: 0.045473363250494
Validation Metrics: {'Accuracy': 0.9770587086677551, 'Precision': 0.7311595678329468, 'Recall': 0.5996785759925842, 'F-Score': 0.6589242219924927, 'True Positives': 14553.0, 'True Negatives': 627101.0, 'False Positives': 5351.0, 'False Negatives': 9715.0, 'BB-Loc': 0.26068342060105065, 'BB-IoU': 0.13874356187328113, 'Average-Loss': 0.08099107978143272}
Current Pareto Front Size: 1
Pareto Costs: (0.6990,0.2621,0.2259,1)

Epoch: 8, Average Loss: 0.04291677847504616
Validation Metrics: {'Accuracy': 0.9755649566650391, 'Precision': 0.6834471225738525, 'Recall': 0.6310367584228516, 'F-Score': 0.6561971306800842, 'True Positives': 15314.0, 'True Negatives': 625359.0, 'False Positives': 7093.0, 'False Negatives': 8954.0, 'BB-Loc': 0.26215165590722816, 'BB-IoU': 0.13562803045608776, 'Average-Loss': 0.08540039954718144}
Current Pareto Front Size: 1
Pareto Costs: (0.6990,0.2621,0.2259,1)

Epoch: 9, Average Loss: 0.04049227014183998
Validation Metrics: {'Accuracy': 0.9765668511390686, 'Precision': 0.7181251049041748, 'Recall': 0.6022745966911316, 'F-Score': 0.6551175713539124, 'True Positives': 14616.0, 'True Negatives': 626715.0, 'False Positives': 5737.0, 'False Negatives': 9652.0, 'BB-Loc': 0.26485333221014445, 'BB-IoU': 0.12948482750242546, 'Average-Loss': 0.08677121465745484}
Current Pareto Front Size: 2
Pareto Costs: (0.6990,0.2621,0.2259,1)(0.6551,0.2649,0.1295,10)
Loading test dataset from datasets/COCO2014/processed
Validation Metrics: {'Accuracy': 0.9767263531684875, 'Precision': 0.7105128765106201, 'Recall': 0.5960186123847961, 'F-Score': 0.6482490301132202, 'True Positives': 69491.0, 'True Negatives': 3095415.0, 'False Positives': 28313.0, 'False Negatives': 47101.0, 'BB-Loc': 0.27098637037681256, 'BB-IoU': 0.12923631400817617, 'Average-Loss': 0.08668347787602768}
Validation Metrics: {'Accuracy': 0.9804936051368713, 'Precision': 0.8004322052001953, 'Recall': 0.6099560856819153, 'F-Score': 0.6923320293426514, 'True Positives': 71116.0, 'True Negatives': 3105997.0, 'False Positives': 17731.0, 'False Negatives': 45476.0, 'BB-Loc': 0.2676539250412454, 'BB-IoU': 0.22722068932910255, 'Average-Loss': 0.05768453352022331}
