Attribution_method: BCos, Layer: Final, AdaptiveLambda: True, Lambda: 0.001, SimilarityThreshold: 0.97, NumGuidingPoints: 10.
loading bcos resnet50 model
Loading guiding points train dataset from datasets/COCO2014/processed
Loading guiding points validation dataset from datasets/COCO2014/processed
Train data size: 73872
Annotated: 73872, Total: 73872

Epoch: 0, Average Loss: 0.07769846171140671
Validation Metrics: {'Accuracy': 0.9803493022918701, 'Precision': 0.80729079246521, 'Recall': 0.6150486469268799, 'F-Score': 0.6981780529022217, 'True Positives': 14926.0, 'True Negatives': 628889.0, 'False Positives': 3563.0, 'False Negatives': 9342.0, 'BB-Loc': 0.2652969176923458, 'BB-IoU': 0.225776564489291, 'Average-Loss': 0.05840468339877059}
Current Pareto Front Size: 1
Pareto Costs: (0.6982,0.2653,0.2258,1)

Epoch: 1, Average Loss: 0.07108187675476074
Validation Metrics: {'Accuracy': 0.9798300862312317, 'Precision': 0.787810742855072, 'Recall': 0.6216004490852356, 'F-Score': 0.6949051022529602, 'True Positives': 15085.0, 'True Negatives': 628389.0, 'False Positives': 4063.0, 'False Negatives': 9183.0, 'BB-Loc': 0.26295994733411215, 'BB-IoU': 0.2080006138347921, 'Average-Loss': 0.06050622516956903}
Current Pareto Front Size: 1
Pareto Costs: (0.6982,0.2653,0.2258,1)

Epoch: 2, Average Loss: 0.06624685227870941
Validation Metrics: {'Accuracy': 0.9791265726089478, 'Precision': 0.7689212560653687, 'Recall': 0.6220949292182922, 'F-Score': 0.6877591013908386, 'True Positives': 15097.0, 'True Negatives': 627915.0, 'False Positives': 4537.0, 'False Negatives': 9171.0, 'BB-Loc': 0.2633338842968684, 'BB-IoU': 0.18953080245486276, 'Average-Loss': 0.06355250327563021}
Current Pareto Front Size: 1
Pareto Costs: (0.6982,0.2653,0.2258,1)

Epoch: 3, Average Loss: 0.061682794243097305
Validation Metrics: {'Accuracy': 0.9784458875656128, 'Precision': 0.7504085302352905, 'Recall': 0.6244025230407715, 'F-Score': 0.6816310882568359, 'True Positives': 15153.0, 'True Negatives': 627412.0, 'False Positives': 5040.0, 'False Negatives': 9115.0, 'BB-Loc': 0.26329349161426857, 'BB-IoU': 0.17304904488870243, 'Average-Loss': 0.06665061925589959}
Current Pareto Front Size: 1
Pareto Costs: (0.6982,0.2653,0.2258,1)

Epoch: 4, Average Loss: 0.057302076369524
Validation Metrics: {'Accuracy': 0.9774408936500549, 'Precision': 0.7277721762657166, 'Recall': 0.6223009824752808, 'F-Score': 0.670916736125946, 'True Positives': 15102.0, 'True Negatives': 626803.0, 'False Positives': 5649.0, 'False Negatives': 9166.0, 'BB-Loc': 0.2650786767041241, 'BB-IoU': 0.162305177239858, 'Average-Loss': 0.07169179675901163}
Current Pareto Front Size: 1
Pareto Costs: (0.6982,0.2653,0.2258,1)

Epoch: 5, Average Loss: 0.05300186574459076
Validation Metrics: {'Accuracy': 0.976854681968689, 'Precision': 0.7195216417312622, 'Recall': 0.6123701930046082, 'F-Score': 0.66163569688797, 'True Positives': 14861.0, 'True Negatives': 626659.0, 'False Positives': 5793.0, 'False Negatives': 9407.0, 'BB-Loc': 0.26512948282434207, 'BB-IoU': 0.15317021396925895, 'Average-Loss': 0.0753765628985241}
Current Pareto Front Size: 1
Pareto Costs: (0.6982,0.2653,0.2258,1)

Epoch: 6, Average Loss: 0.048929717391729355
Validation Metrics: {'Accuracy': 0.9770510792732239, 'Precision': 0.7328236699104309, 'Recall': 0.5964232683181763, 'F-Score': 0.657625138759613, 'True Positives': 14474.0, 'True Negatives': 627175.0, 'False Positives': 5277.0, 'False Negatives': 9794.0, 'BB-Loc': 0.26509366993002187, 'BB-IoU': 0.1453055368962107, 'Average-Loss': 0.07815168475767831}
Current Pareto Front Size: 1
Pareto Costs: (0.6982,0.2653,0.2258,1)

Epoch: 7, Average Loss: 0.04537953808903694
Validation Metrics: {'Accuracy': 0.9770449995994568, 'Precision': 0.7380496263504028, 'Recall': 0.5872341990470886, 'F-Score': 0.6540606021881104, 'True Positives': 14251.0, 'True Negatives': 627394.0, 'False Positives': 5058.0, 'False Negatives': 10017.0, 'BB-Loc': 0.26493001888659456, 'BB-IoU': 0.1365828355609457, 'Average-Loss': 0.08201716968240365}
Current Pareto Front Size: 1
Pareto Costs: (0.6982,0.2653,0.2258,1)

Epoch: 8, Average Loss: 0.04280226677656174
Validation Metrics: {'Accuracy': 0.9745797514915466, 'Precision': 0.6575422286987305, 'Recall': 0.651310384273529, 'F-Score': 0.6544114351272583, 'True Positives': 15806.0, 'True Negatives': 624220.0, 'False Positives': 8232.0, 'False Negatives': 8462.0, 'BB-Loc': 0.2672811144346971, 'BB-IoU': 0.13761451986872741, 'Average-Loss': 0.0882306604876793}
Current Pareto Front Size: 1
Pareto Costs: (0.6982,0.2653,0.2258,1)

Epoch: 9, Average Loss: 0.04022342339158058
Validation Metrics: {'Accuracy': 0.9759867191314697, 'Precision': 0.699896514415741, 'Recall': 0.6130294799804688, 'F-Score': 0.6535893082618713, 'True Positives': 14877.0, 'True Negatives': 626073.0, 'False Positives': 6379.0, 'False Negatives': 9391.0, 'BB-Loc': 0.269619490169373, 'BB-IoU': 0.13022574311716437, 'Average-Loss': 0.08836922196555419}
Current Pareto Front Size: 2
Pareto Costs: (0.6982,0.2653,0.2258,1)(0.6536,0.2696,0.1302,10)
Loading test dataset from datasets/COCO2014/processed
Validation Metrics: {'Accuracy': 0.9759551286697388, 'Precision': 0.6891190409660339, 'Recall': 0.6044154167175293, 'F-Score': 0.6439939141273499, 'True Positives': 70470.0, 'True Negatives': 3091937.0, 'False Positives': 31791.0, 'False Negatives': 46122.0, 'BB-Loc': 0.2757764205326548, 'BB-IoU': 0.12986360358144045, 'Average-Loss': 0.08795783841372148}
Validation Metrics: {'Accuracy': 0.9804843068122864, 'Precision': 0.7991388440132141, 'Recall': 0.6112597584724426, 'F-Score': 0.692685604095459, 'True Positives': 71268.0, 'True Negatives': 3105815.0, 'False Positives': 17913.0, 'False Negatives': 45324.0, 'BB-Loc': 0.270958626347978, 'BB-IoU': 0.22703141362208162, 'Average-Loss': 0.057689235023469905}
