Attribution_method: BCos, Layer: Final, AdaptiveLambda: True, Lambda: 0.001, SimilarityThreshold: 0.95, NumGuidingPoints: 50.
loading bcos resnet50 model
Loading guiding points train dataset from datasets/COCO2014/processed
Loading guiding points validation dataset from datasets/COCO2014/processed
Train data size: 73872
Annotated: 73872, Total: 73872

Epoch: 0, Average Loss: 0.07522820681333542
Validation Metrics: {'Accuracy': 0.9804345965385437, 'Precision': 0.8058933615684509, 'Recall': 0.6198285818099976, 'F-Score': 0.7007197141647339, 'True Positives': 15042.0, 'True Negatives': 628829.0, 'False Positives': 3623.0, 'False Negatives': 9226.0, 'BB-Loc': 0.2731027042313962, 'BB-IoU': 0.23041594425276293, 'Average-Loss': 0.05838552301411275}
Current Pareto Front Size: 1
Pareto Costs: (0.7007,0.2731,0.2304,1)

Epoch: 1, Average Loss: 0.0692051574587822
Validation Metrics: {'Accuracy': 0.980046272277832, 'Precision': 0.7950005531311035, 'Recall': 0.6198697686195374, 'F-Score': 0.6965964436531067, 'True Positives': 15043.0, 'True Negatives': 628573.0, 'False Positives': 3879.0, 'False Negatives': 9225.0, 'BB-Loc': 0.2712261560187563, 'BB-IoU': 0.21300475712425226, 'Average-Loss': 0.0603188649355414}
Current Pareto Front Size: 1
Pareto Costs: (0.7007,0.2731,0.2304,1)

Epoch: 2, Average Loss: 0.06457726657390594
Validation Metrics: {'Accuracy': 0.9793854355812073, 'Precision': 0.7757787704467773, 'Recall': 0.6218889355659485, 'F-Score': 0.6903618574142456, 'True Positives': 15092.0, 'True Negatives': 628090.0, 'False Positives': 4362.0, 'False Negatives': 9176.0, 'BB-Loc': 0.270841227631344, 'BB-IoU': 0.19461040696384577, 'Average-Loss': 0.06304102249507972}
Current Pareto Front Size: 1
Pareto Costs: (0.7007,0.2731,0.2304,1)

Epoch: 3, Average Loss: 0.060163531452417374
Validation Metrics: {'Accuracy': 0.9784595966339111, 'Precision': 0.7509171962738037, 'Recall': 0.6241140365600586, 'F-Score': 0.6816688179969788, 'True Positives': 15146.0, 'True Negatives': 627428.0, 'False Positives': 5024.0, 'False Negatives': 9122.0, 'BB-Loc': 0.2708747404190857, 'BB-IoU': 0.1788775888457404, 'Average-Loss': 0.06700745075015321}
Current Pareto Front Size: 1
Pareto Costs: (0.7007,0.2731,0.2304,1)

Epoch: 4, Average Loss: 0.055928949266672134
Validation Metrics: {'Accuracy': 0.9774059057235718, 'Precision': 0.7235444784164429, 'Recall': 0.6288527846336365, 'F-Score': 0.6728835701942444, 'True Positives': 15261.0, 'True Negatives': 626621.0, 'False Positives': 5831.0, 'False Negatives': 9007.0, 'BB-Loc': 0.27063121466430934, 'BB-IoU': 0.1661722109234517, 'Average-Loss': 0.07193892445600865}
Current Pareto Front Size: 1
Pareto Costs: (0.7007,0.2731,0.2304,1)

Epoch: 5, Average Loss: 0.05181359872221947
Validation Metrics: {'Accuracy': 0.9765074849128723, 'Precision': 0.7047433853149414, 'Recall': 0.6269161105155945, 'F-Score': 0.6635555028915405, 'True Positives': 15214.0, 'True Negatives': 626078.0, 'False Positives': 6374.0, 'False Negatives': 9054.0, 'BB-Loc': 0.27010314869382257, 'BB-IoU': 0.15431508644288455, 'Average-Loss': 0.07680155237927218}
Current Pareto Front Size: 1
Pareto Costs: (0.7007,0.2731,0.2304,1)

Epoch: 6, Average Loss: 0.04801429435610771
Validation Metrics: {'Accuracy': 0.9767237305641174, 'Precision': 0.7106274962425232, 'Recall': 0.6243612766265869, 'F-Score': 0.6647071838378906, 'True Positives': 15152.0, 'True Negatives': 626282.0, 'False Positives': 6170.0, 'False Negatives': 9116.0, 'BB-Loc': 0.2685922632446467, 'BB-IoU': 0.1443293986767645, 'Average-Loss': 0.0788920417978029}
Current Pareto Front Size: 1
Pareto Costs: (0.7007,0.2731,0.2304,1)

Epoch: 7, Average Loss: 0.04453037679195404
Validation Metrics: {'Accuracy': 0.9762881994247437, 'Precision': 0.6971345543861389, 'Recall': 0.6335915327072144, 'F-Score': 0.663845956325531, 'True Positives': 15376.0, 'True Negatives': 625772.0, 'False Positives': 6680.0, 'False Negatives': 8892.0, 'BB-Loc': 0.26541396014099095, 'BB-IoU': 0.13488931133627716, 'Average-Loss': 0.08292287705019832}
Current Pareto Front Size: 1
Pareto Costs: (0.7007,0.2731,0.2304,1)

Epoch: 8, Average Loss: 0.04203379526734352
Validation Metrics: {'Accuracy': 0.9757126569747925, 'Precision': 0.6816950440406799, 'Recall': 0.6429866552352905, 'F-Score': 0.6617752909660339, 'True Positives': 15604.0, 'True Negatives': 625166.0, 'False Positives': 7286.0, 'False Negatives': 8664.0, 'BB-Loc': 0.26684056867257305, 'BB-IoU': 0.13176681933892828, 'Average-Loss': 0.08654824376672611}
Current Pareto Front Size: 1
Pareto Costs: (0.7007,0.2731,0.2304,1)

Epoch: 9, Average Loss: 0.039791956543922424
Validation Metrics: {'Accuracy': 0.9770069718360901, 'Precision': 0.7297284007072449, 'Recall': 0.6000082492828369, 'F-Score': 0.6585410237312317, 'True Positives': 14561.0, 'True Negatives': 627059.0, 'False Positives': 5393.0, 'False Negatives': 9707.0, 'BB-Loc': 0.26449212193621563, 'BB-IoU': 0.12199065000350327, 'Average-Loss': 0.08740499624019274}
Current Pareto Front Size: 1
Pareto Costs: (0.7007,0.2731,0.2304,1)
Loading test dataset from datasets/COCO2014/processed
Validation Metrics: {'Accuracy': 0.9770476222038269, 'Precision': 0.7199845910072327, 'Recall': 0.5925706624984741, 'F-Score': 0.6500933766365051, 'True Positives': 69089.0, 'True Negatives': 3096858.0, 'False Positives': 26870.0, 'False Negatives': 47503.0, 'BB-Loc': 0.27167466152896874, 'BB-IoU': 0.12200544761147894, 'Average-Loss': 0.08681398075653021}
Validation Metrics: {'Accuracy': 0.9804889559745789, 'Precision': 0.796223521232605, 'Recall': 0.6151965856552124, 'F-Score': 0.6941009163856506, 'True Positives': 71727.0, 'True Negatives': 3105371.0, 'False Positives': 18357.0, 'False Negatives': 44865.0, 'BB-Loc': 0.2788652648855262, 'BB-IoU': 0.23189333543435503, 'Average-Loss': 0.0577720944975149}
