Attribution_method: BCos, Layer: Final, AdaptiveLambda: True, Lambda: 0.0001, SimilarityThreshold: 0.95, NumGuidingPoints: 10.
loading bcos resnet50 model
Loading guiding points train dataset from datasets/COCO2014/processed
Loading guiding points validation dataset from datasets/COCO2014/processed
Train data size: 73872
Annotated: 73872, Total: 73872

Epoch: 0, Average Loss: 0.04609835520386696
Validation Metrics: {'Accuracy': 0.9803523421287537, 'Precision': 0.7982156872749329, 'Recall': 0.6267513036727905, 'F-Score': 0.7021674513816833, 'True Positives': 15210.0, 'True Negatives': 628607.0, 'False Positives': 3845.0, 'False Negatives': 9058.0, 'BB-Loc': 0.2892821750406485, 'BB-IoU': 0.229993683841587, 'Average-Loss': 0.05869595916484099}
Current Pareto Front Size: 1
Pareto Costs: (0.7022,0.2893,0.2300,1)

Epoch: 1, Average Loss: 0.04119649529457092
Validation Metrics: {'Accuracy': 0.9798879027366638, 'Precision': 0.7847579717636108, 'Recall': 0.6279874444007874, 'F-Score': 0.6976743936538696, 'True Positives': 15240.0, 'True Negatives': 628272.0, 'False Positives': 4180.0, 'False Negatives': 9028.0, 'BB-Loc': 0.290313938046894, 'BB-IoU': 0.22487561800169878, 'Average-Loss': 0.06109113550342992}
Current Pareto Front Size: 1
Pareto Costs: (0.7022,0.2893,0.2300,1)

Epoch: 2, Average Loss: 0.0369347482919693
Validation Metrics: {'Accuracy': 0.9792681932449341, 'Precision': 0.7675154209136963, 'Recall': 0.6297181248664856, 'F-Score': 0.6918219327926636, 'True Positives': 15282.0, 'True Negatives': 627823.0, 'False Positives': 4629.0, 'False Negatives': 8986.0, 'BB-Loc': 0.29135398499914383, 'BB-IoU': 0.21943199495246557, 'Average-Loss': 0.06421999955151167}
Current Pareto Front Size: 1
Pareto Costs: (0.7022,0.2893,0.2300,1)

Epoch: 3, Average Loss: 0.03277069330215454
Validation Metrics: {'Accuracy': 0.9786103963851929, 'Precision': 0.7481909394264221, 'Recall': 0.634827733039856, 'F-Score': 0.6868633031845093, 'True Positives': 15406.0, 'True Negatives': 627267.0, 'False Positives': 5185.0, 'False Negatives': 8862.0, 'BB-Loc': 0.29205867788978784, 'BB-IoU': 0.21378380497539484, 'Average-Loss': 0.06817460033980426}
Current Pareto Front Size: 1
Pareto Costs: (0.7022,0.2893,0.2300,1)

Epoch: 4, Average Loss: 0.02874435856938362
Validation Metrics: {'Accuracy': 0.9778505563735962, 'Precision': 0.7276175022125244, 'Recall': 0.6403082013130188, 'F-Score': 0.6811766028404236, 'True Positives': 15539.0, 'True Negatives': 626635.0, 'False Positives': 5817.0, 'False Negatives': 8729.0, 'BB-Loc': 0.2923132343766197, 'BB-IoU': 0.20817497700204105, 'Average-Loss': 0.07291621002446343}
Current Pareto Front Size: 1
Pareto Costs: (0.7022,0.2893,0.2300,1)

Epoch: 5, Average Loss: 0.02489251084625721
Validation Metrics: {'Accuracy': 0.9771226644515991, 'Precision': 0.7101291418075562, 'Recall': 0.6436459422111511, 'F-Score': 0.6752550601959229, 'True Positives': 15620.0, 'True Negatives': 626076.0, 'False Positives': 6376.0, 'False Negatives': 8648.0, 'BB-Loc': 0.29297992365578474, 'BB-IoU': 0.2029813136528283, 'Average-Loss': 0.07827488335437381}
Current Pareto Front Size: 2
Pareto Costs: (0.7022,0.2893,0.2300,1)(0.6753,0.2930,0.2030,6)

Epoch: 6, Average Loss: 0.02140362188220024
Validation Metrics: {'Accuracy': 0.9769155979156494, 'Precision': 0.7094948887825012, 'Recall': 0.6355282664299011, 'F-Score': 0.6704777479171753, 'True Positives': 15423.0, 'True Negatives': 626137.0, 'False Positives': 6315.0, 'False Negatives': 8845.0, 'BB-Loc': 0.2933913243586377, 'BB-IoU': 0.19719377026017215, 'Average-Loss': 0.08285650717295803}
Current Pareto Front Size: 2
Pareto Costs: (0.7022,0.2893,0.2300,1)(0.6753,0.2930,0.2030,6)

Epoch: 7, Average Loss: 0.018810804933309555
Validation Metrics: {'Accuracy': 0.9766643047332764, 'Precision': 0.7078317403793335, 'Recall': 0.6275342106819153, 'F-Score': 0.6652687788009644, 'True Positives': 15229.0, 'True Negatives': 626166.0, 'False Positives': 6286.0, 'False Negatives': 9039.0, 'BB-Loc': 0.2950841202628939, 'BB-IoU': 0.19465738966813798, 'Average-Loss': 0.08691290447519966}
Current Pareto Front Size: 2
Pareto Costs: (0.7022,0.2893,0.2300,1)(0.6753,0.2930,0.2030,6)

Epoch: 8, Average Loss: 0.01698315143585205
Validation Metrics: {'Accuracy': 0.9779510498046875, 'Precision': 0.7549223899841309, 'Recall': 0.597206175327301, 'F-Score': 0.6668660640716553, 'True Positives': 14493.0, 'True Negatives': 627747.0, 'False Positives': 4705.0, 'False Negatives': 9775.0, 'BB-Loc': 0.29849408892110824, 'BB-IoU': 0.19275289540363252, 'Average-Loss': 0.08872756465429045}
Current Pareto Front Size: 3
Pareto Costs: (0.7022,0.2893,0.2300,1)(0.6753,0.2930,0.2030,6)(0.6669,0.2985,0.1928,9)

Epoch: 9, Average Loss: 0.014754816889762878
Validation Metrics: {'Accuracy': 0.9781306982040405, 'Precision': 0.7751361131668091, 'Recall': 0.5749958753585815, 'F-Score': 0.6602318286895752, 'True Positives': 13954.0, 'True Negatives': 628404.0, 'False Positives': 4048.0, 'False Negatives': 10314.0, 'BB-Loc': 0.298541079853112, 'BB-IoU': 0.18992223378139758, 'Average-Loss': 0.09411740427926855}
Current Pareto Front Size: 3
Pareto Costs: (0.7022,0.2893,0.2300,1)(0.6753,0.2930,0.2030,6)(0.6669,0.2985,0.1928,9)
Loading test dataset from datasets/COCO2014/processed
Validation Metrics: {'Accuracy': 0.9782518148422241, 'Precision': 0.7660571336746216, 'Recall': 0.5694901943206787, 'F-Score': 0.6533082127571106, 'True Positives': 66398.0, 'True Negatives': 3103451.0, 'False Positives': 20277.0, 'False Negatives': 50194.0, 'BB-Loc': 0.30422781608952004, 'BB-IoU': 0.1895245149993523, 'Average-Loss': 0.09358839486725076}
Validation Metrics: {'Accuracy': 0.9804602861404419, 'Precision': 0.7890179753303528, 'Recall': 0.6237391829490662, 'F-Score': 0.6967105865478516, 'True Positives': 72723.0, 'True Negatives': 3104282.0, 'False Positives': 19446.0, 'False Negatives': 43869.0, 'BB-Loc': 0.2948523749052367, 'BB-IoU': 0.23101522425898688, 'Average-Loss': 0.05824160288615399}
