Attribution_method: BCos, Layer: Final, AdaptiveLambda: True, Lambda: 0.0001, SimilarityThreshold: 0.99, NumGuidingPoints: 10.
loading bcos resnet50 model
Loading guiding points train dataset from datasets/COCO2014/processed
Loading guiding points validation dataset from datasets/COCO2014/processed
Train data size: 73872
Annotated: 73872, Total: 73872

Epoch: 0, Average Loss: 0.046096429228782654
Validation Metrics: {'Accuracy': 0.9803553819656372, 'Precision': 0.7991158366203308, 'Recall': 0.6256799101829529, 'F-Score': 0.7018419504165649, 'True Positives': 15184.0, 'True Negatives': 628635.0, 'False Positives': 3817.0, 'False Negatives': 9084.0, 'BB-Loc': 0.29116472454227676, 'BB-IoU': 0.22962268476216444, 'Average-Loss': 0.05869707443752189}
Current Pareto Front Size: 1
Pareto Costs: (0.7018,0.2912,0.2296,1)

Epoch: 1, Average Loss: 0.041209928691387177
Validation Metrics: {'Accuracy': 0.9799092411994934, 'Precision': 0.7855006456375122, 'Recall': 0.627740204334259, 'F-Score': 0.6978150606155396, 'True Positives': 15234.0, 'True Negatives': 628292.0, 'False Positives': 4160.0, 'False Negatives': 9034.0, 'BB-Loc': 0.29264048180086966, 'BB-IoU': 0.22417640579907844, 'Average-Loss': 0.06109192734703336}
Current Pareto Front Size: 2
Pareto Costs: (0.7018,0.2912,0.2296,1)(0.6978,0.2926,0.2242,2)

Epoch: 2, Average Loss: 0.03695424646139145
Validation Metrics: {'Accuracy': 0.9793108105659485, 'Precision': 0.7685152888298035, 'Recall': 0.6298417448997498, 'F-Score': 0.6923024654388428, 'True Positives': 15285.0, 'True Negatives': 627848.0, 'False Positives': 4604.0, 'False Negatives': 8983.0, 'BB-Loc': 0.29421515391255054, 'BB-IoU': 0.21892516622650166, 'Average-Loss': 0.06422064083330319}
Current Pareto Front Size: 2
Pareto Costs: (0.7018,0.2912,0.2296,1)(0.6978,0.2926,0.2242,2)

Epoch: 3, Average Loss: 0.03278709203004837
Validation Metrics: {'Accuracy': 0.9785997271537781, 'Precision': 0.7483949661254883, 'Recall': 0.6340448260307312, 'F-Score': 0.6864905953407288, 'True Positives': 15387.0, 'True Negatives': 627279.0, 'False Positives': 5173.0, 'False Negatives': 8881.0, 'BB-Loc': 0.2953806895237295, 'BB-IoU': 0.21342324037106924, 'Average-Loss': 0.06816570604017408}
Current Pareto Front Size: 2
Pareto Costs: (0.7018,0.2912,0.2296,1)(0.6978,0.2926,0.2242,2)

Epoch: 4, Average Loss: 0.028767449781298637
Validation Metrics: {'Accuracy': 0.9779236316680908, 'Precision': 0.7302724719047546, 'Recall': 0.6383715271949768, 'F-Score': 0.6812365055084229, 'True Positives': 15492.0, 'True Negatives': 626730.0, 'False Positives': 5722.0, 'False Negatives': 8776.0, 'BB-Loc': 0.29585390777750514, 'BB-IoU': 0.20795944316090423, 'Average-Loss': 0.07274123489355719}
Current Pareto Front Size: 2
Pareto Costs: (0.7018,0.2912,0.2296,1)(0.6978,0.2926,0.2242,2)

Epoch: 5, Average Loss: 0.024906879290938377
Validation Metrics: {'Accuracy': 0.977226197719574, 'Precision': 0.7131282687187195, 'Recall': 0.6419565081596375, 'F-Score': 0.6756733059883118, 'True Positives': 15579.0, 'True Negatives': 626185.0, 'False Positives': 6267.0, 'False Negatives': 8689.0, 'BB-Loc': 0.29666876443373047, 'BB-IoU': 0.2027691362108175, 'Average-Loss': 0.07812901126407563}
Current Pareto Front Size: 2
Pareto Costs: (0.7018,0.2912,0.2296,1)(0.6978,0.2926,0.2242,2)

Epoch: 6, Average Loss: 0.021430931985378265
Validation Metrics: {'Accuracy': 0.9771333336830139, 'Precision': 0.7173330783843994, 'Recall': 0.6291000247001648, 'F-Score': 0.6703255772590637, 'True Positives': 15267.0, 'True Negatives': 626436.0, 'False Positives': 6016.0, 'False Negatives': 9001.0, 'BB-Loc': 0.29731261083948424, 'BB-IoU': 0.1976779173114989, 'Average-Loss': 0.08246934583814734}
Current Pareto Front Size: 2
Pareto Costs: (0.7018,0.2912,0.2296,1)(0.6978,0.2926,0.2242,2)

Epoch: 7, Average Loss: 0.018773214891552925
Validation Metrics: {'Accuracy': 0.9768759608268738, 'Precision': 0.7126533389091492, 'Recall': 0.6270809173583984, 'F-Score': 0.6671342849731445, 'True Positives': 15218.0, 'True Negatives': 626316.0, 'False Positives': 6136.0, 'False Negatives': 9050.0, 'BB-Loc': 0.299071856188776, 'BB-IoU': 0.19432260325400733, 'Average-Loss': 0.08685356081584902}
Current Pareto Front Size: 3
Pareto Costs: (0.7018,0.2912,0.2296,1)(0.6978,0.2926,0.2242,2)(0.6671,0.2991,0.1943,8)

Epoch: 8, Average Loss: 0.01697196066379547
Validation Metrics: {'Accuracy': 0.9778368473052979, 'Precision': 0.7481731176376343, 'Recall': 0.6033047437667847, 'F-Score': 0.6679745316505432, 'True Positives': 14641.0, 'True Negatives': 627524.0, 'False Positives': 4928.0, 'False Negatives': 9627.0, 'BB-Loc': 0.30205062161063734, 'BB-IoU': 0.19333866813859663, 'Average-Loss': 0.08863313451639873}
Current Pareto Front Size: 3
Pareto Costs: (0.7018,0.2912,0.2296,1)(0.6978,0.2926,0.2242,2)(0.6680,0.3021,0.1933,9)

Epoch: 9, Average Loss: 0.014708664268255234
Validation Metrics: {'Accuracy': 0.9781063199043274, 'Precision': 0.7674129605293274, 'Recall': 0.5847617983818054, 'F-Score': 0.6637511849403381, 'True Positives': 14191.0, 'True Negatives': 628151.0, 'False Positives': 4301.0, 'False Negatives': 10077.0, 'BB-Loc': 0.3015186974959441, 'BB-IoU': 0.1902098676331188, 'Average-Loss': 0.09366148080731704}
Current Pareto Front Size: 3
Pareto Costs: (0.7018,0.2912,0.2296,1)(0.6978,0.2926,0.2242,2)(0.6680,0.3021,0.1933,9)
Loading test dataset from datasets/COCO2014/processed
Validation Metrics: {'Accuracy': 0.9782071113586426, 'Precision': 0.7593060731887817, 'Recall': 0.5773466229438782, 'F-Score': 0.6559412479400635, 'True Positives': 67314.0, 'True Negatives': 3102390.0, 'False Positives': 21338.0, 'False Negatives': 49278.0, 'BB-Loc': 0.30723787860037005, 'BB-IoU': 0.18992029536610502, 'Average-Loss': 0.09315994325984779}
Validation Metrics: {'Accuracy': 0.9804769158363342, 'Precision': 0.7904074192047119, 'Recall': 0.6224783658981323, 'F-Score': 0.6964632868766785, 'True Positives': 72576.0, 'True Negatives': 3104483.0, 'False Positives': 19245.0, 'False Negatives': 44016.0, 'BB-Loc': 0.29673214797831254, 'BB-IoU': 0.2307806338270987, 'Average-Loss': 0.05822726782192808}
