Attribution_method: BCos, Layer: Final, AdaptiveLambda: True, Lambda: 0.0001, SimilarityThreshold: 0.95, NumGuidingPoints: 50.
loading bcos resnet50 model
Loading guiding points train dataset from datasets/COCO2014/processed
Loading guiding points validation dataset from datasets/COCO2014/processed
Train data size: 73872
Annotated: 73872, Total: 73872

Epoch: 0, Average Loss: 0.045556265860795975
Validation Metrics: {'Accuracy': 0.9803508520126343, 'Precision': 0.7988638877868652, 'Recall': 0.6258447170257568, 'F-Score': 0.7018484473228455, 'True Positives': 15188.0, 'True Negatives': 628628.0, 'False Positives': 3824.0, 'False Negatives': 9080.0, 'BB-Loc': 0.29290178402833894, 'BB-IoU': 0.22890103386711053, 'Average-Loss': 0.05877073262173186}
Current Pareto Front Size: 1
Pareto Costs: (0.7018,0.2929,0.2289,1)

Epoch: 1, Average Loss: 0.040663864463567734
Validation Metrics: {'Accuracy': 0.9798574447631836, 'Precision': 0.7841552495956421, 'Recall': 0.6276990175247192, 'F-Score': 0.6972582340240479, 'True Positives': 15233.0, 'True Negatives': 628259.0, 'False Positives': 4193.0, 'False Negatives': 9035.0, 'BB-Loc': 0.2948771557089266, 'BB-IoU': 0.22343281281222493, 'Average-Loss': 0.06123942773544566}
Current Pareto Front Size: 1
Pareto Costs: (0.7018,0.2929,0.2289,1)

Epoch: 2, Average Loss: 0.036393698304891586
Validation Metrics: {'Accuracy': 0.9793016910552979, 'Precision': 0.7685264348983765, 'Recall': 0.6294708847999573, 'F-Score': 0.6920828819274902, 'True Positives': 15276.0, 'True Negatives': 627851.0, 'False Positives': 4601.0, 'False Negatives': 8992.0, 'BB-Loc': 0.29680375926634495, 'BB-IoU': 0.2182375967882854, 'Average-Loss': 0.064372987081514}
Current Pareto Front Size: 1
Pareto Costs: (0.7018,0.2929,0.2289,1)

Epoch: 3, Average Loss: 0.032224852591753006
Validation Metrics: {'Accuracy': 0.9785677194595337, 'Precision': 0.7468636631965637, 'Recall': 0.6353634595870972, 'F-Score': 0.6866163611412048, 'True Positives': 15419.0, 'True Negatives': 627226.0, 'False Positives': 5226.0, 'False Negatives': 8849.0, 'BB-Loc': 0.298185904430661, 'BB-IoU': 0.21272341199227754, 'Average-Loss': 0.06841985437869735}
Current Pareto Front Size: 2
Pareto Costs: (0.7018,0.2929,0.2289,1)(0.6866,0.2982,0.2127,4)

Epoch: 4, Average Loss: 0.02819473296403885
Validation Metrics: {'Accuracy': 0.9779555797576904, 'Precision': 0.7304306626319885, 'Recall': 0.6394428610801697, 'F-Score': 0.6819150447845459, 'True Positives': 15518.0, 'True Negatives': 626725.0, 'False Positives': 5727.0, 'False Negatives': 8750.0, 'BB-Loc': 0.2991024117284665, 'BB-IoU': 0.2075471589632702, 'Average-Loss': 0.07300655826434306}
Current Pareto Front Size: 2
Pareto Costs: (0.7018,0.2929,0.2289,1)(0.6866,0.2982,0.2127,4)

Epoch: 5, Average Loss: 0.024360843002796173
Validation Metrics: {'Accuracy': 0.977285623550415, 'Precision': 0.7135028839111328, 'Recall': 0.6438519954681396, 'F-Score': 0.6768904328346252, 'True Positives': 15625.0, 'True Negatives': 626178.0, 'False Positives': 6274.0, 'False Negatives': 8643.0, 'BB-Loc': 0.30046387097027716, 'BB-IoU': 0.20246360334746596, 'Average-Loss': 0.07851200705542316}
Current Pareto Front Size: 2
Pareto Costs: (0.7018,0.2929,0.2289,1)(0.6866,0.2982,0.2127,4)

Epoch: 6, Average Loss: 0.02090786024928093
Validation Metrics: {'Accuracy': 0.977023720741272, 'Precision': 0.7101708054542542, 'Recall': 0.6390308141708374, 'F-Score': 0.6727253198623657, 'True Positives': 15508.0, 'True Negatives': 626123.0, 'False Positives': 6329.0, 'False Negatives': 8760.0, 'BB-Loc': 0.3015640029363014, 'BB-IoU': 0.19764909786321072, 'Average-Loss': 0.0832180841524689}
Current Pareto Front Size: 2
Pareto Costs: (0.7018,0.2929,0.2289,1)(0.6866,0.2982,0.2127,4)

Epoch: 7, Average Loss: 0.01839423179626465
Validation Metrics: {'Accuracy': 0.9772566556930542, 'Precision': 0.727565348148346, 'Recall': 0.6147189736366272, 'F-Score': 0.6663986444473267, 'True Positives': 14918.0, 'True Negatives': 626866.0, 'False Positives': 5586.0, 'False Negatives': 9350.0, 'BB-Loc': 0.3047801758905256, 'BB-IoU': 0.19492858110752975, 'Average-Loss': 0.0862460271756561}
Current Pareto Front Size: 3
Pareto Costs: (0.7018,0.2929,0.2289,1)(0.6866,0.2982,0.2127,4)(0.6664,0.3048,0.1949,8)

Epoch: 8, Average Loss: 0.016537675634026527
Validation Metrics: {'Accuracy': 0.9780134558677673, 'Precision': 0.7590805888175964, 'Recall': 0.5933327674865723, 'F-Score': 0.6660498976707458, 'True Positives': 14399.0, 'True Negatives': 627882.0, 'False Positives': 4570.0, 'False Negatives': 9869.0, 'BB-Loc': 0.3079452920736304, 'BB-IoU': 0.1943183850762079, 'Average-Loss': 0.08933976571065294}
Current Pareto Front Size: 3
Pareto Costs: (0.7018,0.2929,0.2289,1)(0.6866,0.2982,0.2127,4)(0.6660,0.3079,0.1943,9)

Epoch: 9, Average Loss: 0.014202971011400223
Validation Metrics: {'Accuracy': 0.9783453941345215, 'Precision': 0.7721436619758606, 'Recall': 0.587316632270813, 'F-Score': 0.6671659350395203, 'True Positives': 14253.0, 'True Negatives': 628246.0, 'False Positives': 4206.0, 'False Negatives': 10015.0, 'BB-Loc': 0.3082390827132258, 'BB-IoU': 0.19164851859543108, 'Average-Loss': 0.09337137050119819}
Current Pareto Front Size: 3
Pareto Costs: (0.7018,0.2929,0.2289,1)(0.6866,0.2982,0.2127,4)(0.6660,0.3079,0.1943,9)
Loading test dataset from datasets/COCO2014/processed
Validation Metrics: {'Accuracy': 0.9782851934432983, 'Precision': 0.7605301737785339, 'Recall': 0.5787275433540344, 'F-Score': 0.6572890877723694, 'True Positives': 67475.0, 'True Negatives': 3102482.0, 'False Positives': 21246.0, 'False Negatives': 49117.0, 'BB-Loc': 0.3139214111006587, 'BB-IoU': 0.19148450946860107, 'Average-Loss': 0.09284707630149182}
Validation Metrics: {'Accuracy': 0.9804651737213135, 'Precision': 0.7899478673934937, 'Recall': 0.6226584911346436, 'F-Score': 0.6963974833488464, 'True Positives': 72597.0, 'True Negatives': 3104424.0, 'False Positives': 19304.0, 'False Negatives': 43995.0, 'BB-Loc': 0.29844699521246965, 'BB-IoU': 0.22995250884375576, 'Average-Loss': 0.05830748722107307}
