Attribution_method: BCos, Layer: Final, AdaptiveLambda: True, Lambda: 0.001, SimilarityThreshold: 0.99, NumGuidingPoints: 10.
loading bcos resnet50 model
Loading guiding points train dataset from datasets/COCO2014/processed
Loading guiding points validation dataset from datasets/COCO2014/processed
Train data size: 73872
Annotated: 73872, Total: 73872

Epoch: 0, Average Loss: 0.07789552211761475
Validation Metrics: {'Accuracy': 0.9803965091705322, 'Precision': 0.8108698129653931, 'Recall': 0.6123290061950684, 'F-Score': 0.6977508664131165, 'True Positives': 14860.0, 'True Negatives': 628986.0, 'False Positives': 3466.0, 'False Negatives': 9408.0, 'BB-Loc': 0.26979569866494396, 'BB-IoU': 0.22328769720127734, 'Average-Loss': 0.05816036618892945}
Current Pareto Front Size: 1
Pareto Costs: (0.6978,0.2698,0.2233,1)

Epoch: 1, Average Loss: 0.07128043472766876
Validation Metrics: {'Accuracy': 0.9798757433891296, 'Precision': 0.7982190847396851, 'Recall': 0.6094857454299927, 'F-Score': 0.6912004947662354, 'True Positives': 14791.0, 'True Negatives': 628713.0, 'False Positives': 3739.0, 'False Negatives': 9477.0, 'BB-Loc': 0.2694932089947585, 'BB-IoU': 0.2038377075968873, 'Average-Loss': 0.06057374935403406}
Current Pareto Front Size: 1
Pareto Costs: (0.6978,0.2698,0.2233,1)

Epoch: 2, Average Loss: 0.06634525209665298
Validation Metrics: {'Accuracy': 0.9791646599769592, 'Precision': 0.7747495174407959, 'Recall': 0.6149662137031555, 'F-Score': 0.6856722831726074, 'True Positives': 14924.0, 'True Negatives': 628113.0, 'False Positives': 4339.0, 'False Negatives': 9344.0, 'BB-Loc': 0.270966536335133, 'BB-IoU': 0.18573489617845648, 'Average-Loss': 0.06348728212925124}
Current Pareto Front Size: 1
Pareto Costs: (0.6978,0.2698,0.2233,1)

Epoch: 3, Average Loss: 0.061690907925367355
Validation Metrics: {'Accuracy': 0.9784916043281555, 'Precision': 0.7594515681266785, 'Recall': 0.6117109060287476, 'F-Score': 0.6776218414306641, 'True Positives': 14845.0, 'True Negatives': 627750.0, 'False Positives': 4702.0, 'False Negatives': 9423.0, 'BB-Loc': 0.2709697768179726, 'BB-IoU': 0.16935758285370953, 'Average-Loss': 0.0671682117307414}
Current Pareto Front Size: 1
Pareto Costs: (0.6978,0.2698,0.2233,1)

Epoch: 4, Average Loss: 0.05724198371171951
Validation Metrics: {'Accuracy': 0.9769977927207947, 'Precision': 0.7179975509643555, 'Recall': 0.6217240691184998, 'F-Score': 0.6664016842842102, 'True Positives': 15088.0, 'True Negatives': 626526.0, 'False Positives': 5926.0, 'False Negatives': 9180.0, 'BB-Loc': 0.2716846277338115, 'BB-IoU': 0.1604528668304818, 'Average-Loss': 0.07296165180984666}
Current Pareto Front Size: 1
Pareto Costs: (0.6978,0.2698,0.2233,1)

Epoch: 5, Average Loss: 0.05281616374850273
Validation Metrics: {'Accuracy': 0.9767983555793762, 'Precision': 0.7110342383384705, 'Recall': 0.6269161105155945, 'F-Score': 0.666330873966217, 'True Positives': 15214.0, 'True Negatives': 626269.0, 'False Positives': 6183.0, 'False Negatives': 9054.0, 'BB-Loc': 0.2715402304322396, 'BB-IoU': 0.15149149444460147, 'Average-Loss': 0.07488812922792437}
Current Pareto Front Size: 1
Pareto Costs: (0.6978,0.2698,0.2233,1)

Epoch: 6, Average Loss: 0.048699039965867996
Validation Metrics: {'Accuracy': 0.9765699505805969, 'Precision': 0.7069873809814453, 'Recall': 0.6249793767929077, 'F-Score': 0.6634588241577148, 'True Positives': 15167.0, 'True Negatives': 626166.0, 'False Positives': 6286.0, 'False Negatives': 9101.0, 'BB-Loc': 0.27117728095303234, 'BB-IoU': 0.14524737028491577, 'Average-Loss': 0.07792100733272456}
Current Pareto Front Size: 1
Pareto Costs: (0.6978,0.2698,0.2233,1)

Epoch: 7, Average Loss: 0.04507021605968475
Validation Metrics: {'Accuracy': 0.9772688746452332, 'Precision': 0.7353355884552002, 'Recall': 0.6012856364250183, 'F-Score': 0.6615886688232422, 'True Positives': 14592.0, 'True Negatives': 627200.0, 'False Positives': 5252.0, 'False Negatives': 9676.0, 'BB-Loc': 0.2730899208555477, 'BB-IoU': 0.13835216444022636, 'Average-Loss': 0.07997201609835146}
Current Pareto Front Size: 2
Pareto Costs: (0.6978,0.2698,0.2233,1)(0.6616,0.2731,0.1384,8)

Epoch: 8, Average Loss: 0.042342059314250946
Validation Metrics: {'Accuracy': 0.9757964015007019, 'Precision': 0.6863731741905212, 'Recall': 0.6353222131729126, 'F-Score': 0.6598617434501648, 'True Positives': 15418.0, 'True Negatives': 625407.0, 'False Positives': 7045.0, 'False Negatives': 8850.0, 'BB-Loc': 0.2757804988972699, 'BB-IoU': 0.13690225039599058, 'Average-Loss': 0.08476545808085542}
Current Pareto Front Size: 2
Pareto Costs: (0.6978,0.2698,0.2233,1)(0.6616,0.2731,0.1384,8)

Epoch: 9, Average Loss: 0.03973018005490303
Validation Metrics: {'Accuracy': 0.9763826131820679, 'Precision': 0.7128621339797974, 'Recall': 0.604293704032898, 'F-Score': 0.6541034579277039, 'True Positives': 14665.0, 'True Negatives': 626545.0, 'False Positives': 5907.0, 'False Negatives': 9603.0, 'BB-Loc': 0.27853888996773024, 'BB-IoU': 0.13086220348712543, 'Average-Loss': 0.08693034176356552}
Current Pareto Front Size: 3
Pareto Costs: (0.6978,0.2698,0.2233,1)(0.6616,0.2731,0.1384,8)(0.6541,0.2785,0.1309,10)
Loading test dataset from datasets/COCO2014/processed
Validation Metrics: {'Accuracy': 0.9766430258750916, 'Precision': 0.7063267827033997, 'Recall': 0.6005643606185913, 'F-Score': 0.6491660475730896, 'True Positives': 70021.0, 'True Negatives': 3094615.0, 'False Positives': 29113.0, 'False Negatives': 46571.0, 'BB-Loc': 0.28472224093700377, 'BB-IoU': 0.13042598846367467, 'Average-Loss': 0.086348269735898}
Validation Metrics: {'Accuracy': 0.9805077910423279, 'Precision': 0.8016552925109863, 'Recall': 0.6089354157447815, 'F-Score': 0.6921303272247314, 'True Positives': 70997.0, 'True Negatives': 3106162.0, 'False Positives': 17566.0, 'False Negatives': 45595.0, 'BB-Loc': 0.27544443904175475, 'BB-IoU': 0.2244277144914654, 'Average-Loss': 0.05755018354427572}
