Attribution_method: BCos, Layer: Input, AdaptiveLambda: True, Lambda: 0.001, SimilarityThreshold: 0.99, NumGuidingPoints: 100.
loading bcos resnet50 model
Loading guiding points train dataset from datasets/COCO2014/processed
Loading guiding points validation dataset from datasets/COCO2014/processed
Train data size: 73872
Annotated: 73872, Total: 73872

Epoch: 0, Average Loss: 0.07166171818971634
Validation Metrics: {'Accuracy': 0.9797919988632202, 'Precision': 0.8280532360076904, 'Recall': 0.5719053745269775, 'F-Score': 0.6765458583831787, 'True Positives': 13879.0, 'True Negatives': 629570.0, 'False Positives': 2882.0, 'False Negatives': 10389.0, 'BB-Loc': 0.2885310861001921, 'BB-IoU': 0.011149469986873755, 'Average-Loss': 0.06107852176940895}
Current Pareto Front Size: 1
Pareto Costs: (0.6765,0.2885,0.0111,1)

Epoch: 1, Average Loss: 0.06626291573047638
Validation Metrics: {'Accuracy': 0.9794326424598694, 'Precision': 0.8123657703399658, 'Recall': 0.5766029357910156, 'F-Score': 0.6744751930236816, 'True Positives': 13993.0, 'True Negatives': 629220.0, 'False Positives': 3232.0, 'False Negatives': 10275.0, 'BB-Loc': 0.28919527816702184, 'BB-IoU': 0.010974440995893044, 'Average-Loss': 0.06355833615175131}
Current Pareto Front Size: 1
Pareto Costs: (0.6765,0.2885,0.0111,1)

Epoch: 2, Average Loss: 0.06167680025100708
Validation Metrics: {'Accuracy': 0.978878378868103, 'Precision': 0.7904676795005798, 'Recall': 0.5829487442970276, 'F-Score': 0.6710304617881775, 'True Positives': 14147.0, 'True Negatives': 628702.0, 'False Positives': 3750.0, 'False Negatives': 10121.0, 'BB-Loc': 0.2886427583558581, 'BB-IoU': 0.01038769716206691, 'Average-Loss': 0.06637274349109018}
Current Pareto Front Size: 1
Pareto Costs: (0.6765,0.2885,0.0111,1)

Epoch: 3, Average Loss: 0.05716675519943237
Validation Metrics: {'Accuracy': 0.9782464504241943, 'Precision': 0.7699589133262634, 'Recall': 0.586574912071228, 'F-Score': 0.6658714413642883, 'True Positives': 14235.0, 'True Negatives': 628199.0, 'False Positives': 4253.0, 'False Negatives': 10033.0, 'BB-Loc': 0.2862180355659926, 'BB-IoU': 0.009150282337173556, 'Average-Loss': 0.070076787118892}
Current Pareto Front Size: 1
Pareto Costs: (0.6765,0.2885,0.0111,1)

Epoch: 4, Average Loss: 0.052589815109968185
Validation Metrics: {'Accuracy': 0.9776221513748169, 'Precision': 0.7521601915359497, 'Recall': 0.5882644057273865, 'F-Score': 0.6601923704147339, 'True Positives': 14276.0, 'True Negatives': 627748.0, 'False Positives': 4704.0, 'False Negatives': 9992.0, 'BB-Loc': 0.28189206034180725, 'BB-IoU': 0.007141209253649918, 'Average-Loss': 0.07456688050855483}
Current Pareto Front Size: 1
Pareto Costs: (0.6765,0.2885,0.0111,1)

Epoch: 5, Average Loss: 0.04788699373602867
Validation Metrics: {'Accuracy': 0.9766247272491455, 'Precision': 0.7250971794128418, 'Recall': 0.5918081402778625, 'F-Score': 0.6517072916030884, 'True Positives': 14362.0, 'True Negatives': 627007.0, 'False Positives': 5445.0, 'False Negatives': 9906.0, 'BB-Loc': 0.2733462214193514, 'BB-IoU': 0.005046718985309523, 'Average-Loss': 0.081007295846213}
Current Pareto Front Size: 1
Pareto Costs: (0.6765,0.2885,0.0111,1)

Epoch: 6, Average Loss: 0.043189868330955505
Validation Metrics: {'Accuracy': 0.9758298993110657, 'Precision': 0.7111949920654297, 'Recall': 0.582454264163971, 'F-Score': 0.6404186487197876, 'True Positives': 14135.0, 'True Negatives': 626712.0, 'False Positives': 5740.0, 'False Negatives': 10133.0, 'BB-Loc': 0.26205936231581445, 'BB-IoU': 0.0034924773375594694, 'Average-Loss': 0.08812662227564164}
Current Pareto Front Size: 1
Pareto Costs: (0.6765,0.2885,0.0111,1)

Epoch: 7, Average Loss: 0.03881843760609627
Validation Metrics: {'Accuracy': 0.9756913185119629, 'Precision': 0.7177698612213135, 'Recall': 0.5639113187789917, 'F-Score': 0.6316056847572327, 'True Positives': 13685.0, 'True Negatives': 627071.0, 'False Positives': 5381.0, 'False Negatives': 10583.0, 'BB-Loc': 0.2524618823376224, 'BB-IoU': 0.0026722365877732673, 'Average-Loss': 0.09578188183914949}
Current Pareto Front Size: 1
Pareto Costs: (0.6765,0.2885,0.0111,1)

Epoch: 8, Average Loss: 0.03582114726305008
Validation Metrics: {'Accuracy': 0.9761085510253906, 'Precision': 0.7335802316665649, 'Recall': 0.5550519227981567, 'F-Score': 0.6319493055343628, 'True Positives': 13470.0, 'True Negatives': 627560.0, 'False Positives': 4892.0, 'False Negatives': 10798.0, 'BB-Loc': 0.24750139605460547, 'BB-IoU': 0.0022080610983318018, 'Average-Loss': 0.09834900534331602}
Current Pareto Front Size: 1
Pareto Costs: (0.6765,0.2885,0.0111,1)

Epoch: 9, Average Loss: 0.03349535912275314
Validation Metrics: {'Accuracy': 0.9757750630378723, 'Precision': 0.7201474905014038, 'Recall': 0.5633756518363953, 'F-Score': 0.6321873664855957, 'True Positives': 13672.0, 'True Negatives': 627139.0, 'False Positives': 5313.0, 'False Negatives': 10596.0, 'BB-Loc': 0.24241446679232692, 'BB-IoU': 0.0019707299577746288, 'Average-Loss': 0.10268970238100902}
Current Pareto Front Size: 1
Pareto Costs: (0.6765,0.2885,0.0111,1)
Loading test dataset from datasets/COCO2014/processed
