Attribution_method: BCos, Layer: Final, AdaptiveLambda: True, Lambda: 0.0001, SimilarityThreshold: 0.95, NumGuidingPoints: 50.
loading bcos resnet50 model
Loading guiding points train dataset from datasets/COCO2014/processed
Loading guiding points validation dataset from datasets/COCO2014/processed
Train data size: 73872
Annotated: 73872, Total: 73872

Epoch: 0, Average Loss: 0.04555314779281616
Validation Metrics: {'Accuracy': 0.9803676009178162, 'Precision': 0.7995470762252808, 'Recall': 0.6255562901496887, 'F-Score': 0.7019304037094116, 'True Positives': 15181.0, 'True Negatives': 628646.0, 'False Positives': 3806.0, 'False Negatives': 9087.0, 'BB-Loc': 0.2928906122865346, 'BB-IoU': 0.22882576096661922, 'Average-Loss': 0.05879396375167499}
Current Pareto Front Size: 1
Pareto Costs: (0.7019,0.2929,0.2288,1)

Epoch: 1, Average Loss: 0.04066261649131775
Validation Metrics: {'Accuracy': 0.9798727035522461, 'Precision': 0.7845005393028259, 'Recall': 0.6277814507484436, 'F-Score': 0.6974455118179321, 'True Positives': 15235.0, 'True Negatives': 628267.0, 'False Positives': 4185.0, 'False Negatives': 9033.0, 'BB-Loc': 0.2948426796835345, 'BB-IoU': 0.22344330682229463, 'Average-Loss': 0.06123852436457413}
Current Pareto Front Size: 1
Pareto Costs: (0.7019,0.2929,0.2288,1)

Epoch: 2, Average Loss: 0.03639235347509384
Validation Metrics: {'Accuracy': 0.979284942150116, 'Precision': 0.7673754096031189, 'Recall': 0.6305834650993347, 'F-Score': 0.6922867894172668, 'True Positives': 15303.0, 'True Negatives': 627813.0, 'False Positives': 4639.0, 'False Negatives': 8965.0, 'BB-Loc': 0.296718330931533, 'BB-IoU': 0.21819778210895868, 'Average-Loss': 0.06440616086740734}
Current Pareto Front Size: 1
Pareto Costs: (0.7019,0.2929,0.2288,1)

Epoch: 3, Average Loss: 0.032219067215919495
Validation Metrics: {'Accuracy': 0.9785646796226501, 'Precision': 0.7465763092041016, 'Recall': 0.6357343196868896, 'F-Score': 0.686711311340332, 'True Positives': 15428.0, 'True Negatives': 627215.0, 'False Positives': 5237.0, 'False Negatives': 8840.0, 'BB-Loc': 0.29813377853100187, 'BB-IoU': 0.2125969923245727, 'Average-Loss': 0.06843405179992519}
Current Pareto Front Size: 2
Pareto Costs: (0.7019,0.2929,0.2288,1)(0.6867,0.2981,0.2126,4)

Epoch: 4, Average Loss: 0.02819385938346386
Validation Metrics: {'Accuracy': 0.9779205918312073, 'Precision': 0.7291666865348816, 'Recall': 0.6403494477272034, 'F-Score': 0.6818780303001404, 'True Positives': 15540.0, 'True Negatives': 626680.0, 'False Positives': 5772.0, 'False Negatives': 8728.0, 'BB-Loc': 0.29910548604631565, 'BB-IoU': 0.20750632200280675, 'Average-Loss': 0.07310847188192361}
Current Pareto Front Size: 2
Pareto Costs: (0.7019,0.2929,0.2288,1)(0.6867,0.2981,0.2126,4)

Epoch: 5, Average Loss: 0.024350352585315704
Validation Metrics: {'Accuracy': 0.9772551655769348, 'Precision': 0.7132019996643066, 'Recall': 0.6431102752685547, 'F-Score': 0.6763450503349304, 'True Positives': 15607.0, 'True Negatives': 626176.0, 'False Positives': 6276.0, 'False Negatives': 8661.0, 'BB-Loc': 0.30041090411093996, 'BB-IoU': 0.20243493329856876, 'Average-Loss': 0.07851539190800969}
Current Pareto Front Size: 2
Pareto Costs: (0.7019,0.2929,0.2288,1)(0.6867,0.2981,0.2126,4)

Epoch: 6, Average Loss: 0.020891929045319557
Validation Metrics: {'Accuracy': 0.9770419597625732, 'Precision': 0.7122142910957336, 'Recall': 0.6355282664299011, 'F-Score': 0.6716895699501038, 'True Positives': 15423.0, 'True Negatives': 626220.0, 'False Positives': 6232.0, 'False Negatives': 8845.0, 'BB-Loc': 0.301390913866043, 'BB-IoU': 0.19722444273073525, 'Average-Loss': 0.08306354081707672}
Current Pareto Front Size: 2
Pareto Costs: (0.7019,0.2929,0.2288,1)(0.6867,0.2981,0.2126,4)

Epoch: 7, Average Loss: 0.01833394542336464
Validation Metrics: {'Accuracy': 0.9770998358726501, 'Precision': 0.7217550277709961, 'Recall': 0.6188808083534241, 'F-Score': 0.6663708686828613, 'True Positives': 15019.0, 'True Negatives': 626662.0, 'False Positives': 5790.0, 'False Negatives': 9249.0, 'BB-Loc': 0.30447362219935914, 'BB-IoU': 0.1947457973502553, 'Average-Loss': 0.08642966239892952}
Current Pareto Front Size: 3
Pareto Costs: (0.7019,0.2929,0.2288,1)(0.6867,0.2981,0.2126,4)(0.6664,0.3045,0.1947,8)

Epoch: 8, Average Loss: 0.016532180830836296
Validation Metrics: {'Accuracy': 0.9779343008995056, 'Precision': 0.7580636739730835, 'Recall': 0.5917257070541382, 'F-Score': 0.6646455526351929, 'True Positives': 14360.0, 'True Negatives': 627869.0, 'False Positives': 4583.0, 'False Negatives': 9908.0, 'BB-Loc': 0.30775140585344957, 'BB-IoU': 0.1936859900520367, 'Average-Loss': 0.08941437187664168}
Current Pareto Front Size: 3
Pareto Costs: (0.7019,0.2929,0.2288,1)(0.6867,0.2981,0.2126,4)(0.6646,0.3078,0.1937,9)

Epoch: 9, Average Loss: 0.014224853366613388
Validation Metrics: {'Accuracy': 0.9783332347869873, 'Precision': 0.775993824005127, 'Recall': 0.581547737121582, 'F-Score': 0.6648451089859009, 'True Positives': 14113.0, 'True Negatives': 628378.0, 'False Positives': 4074.0, 'False Negatives': 10155.0, 'BB-Loc': 0.30800510247179885, 'BB-IoU': 0.1910723622346038, 'Average-Loss': 0.09368061888652127}
Current Pareto Front Size: 3
Pareto Costs: (0.7019,0.2929,0.2288,1)(0.6867,0.2981,0.2126,4)(0.6646,0.3078,0.1937,9)
Loading test dataset from datasets/COCO2014/processed
Validation Metrics: {'Accuracy': 0.9783431887626648, 'Precision': 0.764716625213623, 'Recall': 0.5750394463539124, 'F-Score': 0.6564511656761169, 'True Positives': 67045.0, 'True Negatives': 3103100.0, 'False Positives': 20628.0, 'False Negatives': 49547.0, 'BB-Loc': 0.31377118418499267, 'BB-IoU': 0.19106289044774524, 'Average-Loss': 0.09292800544680001}
Validation Metrics: {'Accuracy': 0.9804750680923462, 'Precision': 0.7903115153312683, 'Recall': 0.6225384473800659, 'F-Score': 0.6964635848999023, 'True Positives': 72583.0, 'True Negatives': 3104470.0, 'False Positives': 19258.0, 'False Negatives': 44009.0, 'BB-Loc': 0.29844427727281764, 'BB-IoU': 0.22985850945919406, 'Average-Loss': 0.05833202997215552}
