Attribution_method: BCos, Layer: Final, AdaptiveLambda: True, Lambda: 0.001, SimilarityThreshold: 0.99, NumGuidingPoints: 50.
loading bcos resnet50 model
Loading guiding points train dataset from datasets/COCO2014/processed
Loading guiding points validation dataset from datasets/COCO2014/processed
Train data size: 73872
Annotated: 73872, Total: 73872

Epoch: 0, Average Loss: 0.07605592906475067
Validation Metrics: {'Accuracy': 0.9804620146751404, 'Precision': 0.8063099384307861, 'Recall': 0.6202818751335144, 'F-Score': 0.7011668086051941, 'True Positives': 15053.0, 'True Negatives': 628836.0, 'False Positives': 3616.0, 'False Negatives': 9215.0, 'BB-Loc': 0.2761877497310935, 'BB-IoU': 0.22660201319608142, 'Average-Loss': 0.05830353931933986}
Current Pareto Front Size: 1
Pareto Costs: (0.7012,0.2762,0.2266,1)

Epoch: 1, Average Loss: 0.06985646486282349
Validation Metrics: {'Accuracy': 0.9801117777824402, 'Precision': 0.798264741897583, 'Recall': 0.6179742813110352, 'F-Score': 0.6966438293457031, 'True Positives': 14997.0, 'True Negatives': 628662.0, 'False Positives': 3790.0, 'False Negatives': 9271.0, 'BB-Loc': 0.27700162569431536, 'BB-IoU': 0.20689051198112962, 'Average-Loss': 0.06000061629968346}
Current Pareto Front Size: 1
Pareto Costs: (0.7012,0.2762,0.2266,1)

Epoch: 2, Average Loss: 0.06506653875112534
Validation Metrics: {'Accuracy': 0.9792301058769226, 'Precision': 0.7719271183013916, 'Recall': 0.6216004490852356, 'F-Score': 0.6886555552482605, 'True Positives': 15085.0, 'True Negatives': 627995.0, 'False Positives': 4457.0, 'False Negatives': 9183.0, 'BB-Loc': 0.27705784878208106, 'BB-IoU': 0.18704584414796877, 'Average-Loss': 0.06312637988971231}
Current Pareto Front Size: 1
Pareto Costs: (0.7012,0.2762,0.2266,1)

Epoch: 3, Average Loss: 0.06055830791592598
Validation Metrics: {'Accuracy': 0.9780530333518982, 'Precision': 0.74155592918396, 'Recall': 0.6233311295509338, 'F-Score': 0.6773232817649841, 'True Positives': 15127.0, 'True Negatives': 627180.0, 'False Positives': 5272.0, 'False Negatives': 9141.0, 'BB-Loc': 0.2771708363790529, 'BB-IoU': 0.17134185014523462, 'Average-Loss': 0.06770463558480022}
Current Pareto Front Size: 1
Pareto Costs: (0.7012,0.2762,0.2266,1)

Epoch: 4, Average Loss: 0.05631977319717407
Validation Metrics: {'Accuracy': 0.9774104356765747, 'Precision': 0.72364741563797, 'Recall': 0.6288527846336365, 'F-Score': 0.6729280948638916, 'True Positives': 15261.0, 'True Negatives': 626624.0, 'False Positives': 5828.0, 'False Negatives': 9007.0, 'BB-Loc': 0.27620919226303803, 'BB-IoU': 0.1601794085150118, 'Average-Loss': 0.07133473663385842}
Current Pareto Front Size: 1
Pareto Costs: (0.7012,0.2762,0.2266,1)

Epoch: 5, Average Loss: 0.052134692668914795
Validation Metrics: {'Accuracy': 0.9763399958610535, 'Precision': 0.700874388217926, 'Recall': 0.6275753974914551, 'F-Score': 0.6622027158737183, 'True Positives': 15230.0, 'True Negatives': 625952.0, 'False Positives': 6500.0, 'False Negatives': 9038.0, 'BB-Loc': 0.2751921462534561, 'BB-IoU': 0.14946819102653963, 'Average-Loss': 0.07698771927153124}
Current Pareto Front Size: 1
Pareto Costs: (0.7012,0.2762,0.2266,1)

Epoch: 6, Average Loss: 0.04816282168030739
Validation Metrics: {'Accuracy': 0.9763110876083374, 'Precision': 0.7044163942337036, 'Recall': 0.6184687614440918, 'F-Score': 0.6586505770683289, 'True Positives': 15009.0, 'True Negatives': 626154.0, 'False Positives': 6298.0, 'False Negatives': 9259.0, 'BB-Loc': 0.2715751728554481, 'BB-IoU': 0.1390896784048216, 'Average-Loss': 0.07995620710809972}
Current Pareto Front Size: 1
Pareto Costs: (0.7012,0.2762,0.2266,1)

Epoch: 7, Average Loss: 0.044554196298122406
Validation Metrics: {'Accuracy': 0.9761557579040527, 'Precision': 0.7063024044036865, 'Recall': 0.6072605848312378, 'F-Score': 0.6530476808547974, 'True Positives': 14737.0, 'True Negatives': 626324.0, 'False Positives': 6128.0, 'False Negatives': 9531.0, 'BB-Loc': 0.2693124313764977, 'BB-IoU': 0.1301456547284137, 'Average-Loss': 0.08407615822406238}
Current Pareto Front Size: 1
Pareto Costs: (0.7012,0.2762,0.2266,1)

Epoch: 8, Average Loss: 0.04185061901807785
Validation Metrics: {'Accuracy': 0.974488377571106, 'Precision': 0.6588717699050903, 'Recall': 0.642038881778717, 'F-Score': 0.6503464579582214, 'True Positives': 15581.0, 'True Negatives': 624385.0, 'False Positives': 8067.0, 'False Negatives': 8687.0, 'BB-Loc': 0.2698778693938681, 'BB-IoU': 0.12770772634005462, 'Average-Loss': 0.08971783199675089}
Current Pareto Front Size: 1
Pareto Costs: (0.7012,0.2762,0.2266,1)

Epoch: 9, Average Loss: 0.03973938524723053
Validation Metrics: {'Accuracy': 0.974859893321991, 'Precision': 0.6700718998908997, 'Recall': 0.6297593712806702, 'F-Score': 0.6492905020713806, 'True Positives': 15283.0, 'True Negatives': 624927.0, 'False Positives': 7525.0, 'False Negatives': 8985.0, 'BB-Loc': 0.26891848674220126, 'BB-IoU': 0.12279949971920633, 'Average-Loss': 0.09141397772440595}
Current Pareto Front Size: 1
Pareto Costs: (0.7012,0.2762,0.2266,1)
Loading test dataset from datasets/COCO2014/processed
Validation Metrics: {'Accuracy': 0.9750111103057861, 'Precision': 0.6626127362251282, 'Recall': 0.6224440932273865, 'F-Score': 0.6419005990028381, 'True Positives': 72572.0, 'True Negatives': 3086776.0, 'False Positives': 36952.0, 'False Negatives': 44020.0, 'BB-Loc': 0.2759689136502203, 'BB-IoU': 0.12251081236490183, 'Average-Loss': 0.09106907626985915}
Validation Metrics: {'Accuracy': 0.9804831147193909, 'Precision': 0.7966152429580688, 'Recall': 0.6144675612449646, 'F-Score': 0.6937852501869202, 'True Positives': 71642.0, 'True Negatives': 3105437.0, 'False Positives': 18291.0, 'False Negatives': 44950.0, 'BB-Loc': 0.2819292465682423, 'BB-IoU': 0.22790356322223132, 'Average-Loss': 0.0576788781542988}
