Attribution_method: BCos, Layer: Final, AdaptiveLambda: True, Lambda: 0.0001, SimilarityThreshold: 0.99, NumGuidingPoints: 50.
loading bcos resnet50 model
Loading guiding points train dataset from datasets/COCO2014/processed
Loading guiding points validation dataset from datasets/COCO2014/processed
Train data size: 73872
Annotated: 73872, Total: 73872

Epoch: 0, Average Loss: 0.04571128264069557
Validation Metrics: {'Accuracy': 0.9803873896598816, 'Precision': 0.8002214431762695, 'Recall': 0.6253914833068848, 'F-Score': 0.702086329460144, 'True Positives': 15177.0, 'True Negatives': 628663.0, 'False Positives': 3789.0, 'False Negatives': 9091.0, 'BB-Loc': 0.2928876519220926, 'BB-IoU': 0.2289992774241426, 'Average-Loss': 0.058718699574804516}
Current Pareto Front Size: 1
Pareto Costs: (0.7021,0.2929,0.2290,1)

Epoch: 1, Average Loss: 0.04082494229078293
Validation Metrics: {'Accuracy': 0.9798910021781921, 'Precision': 0.7853384017944336, 'Recall': 0.627286970615387, 'F-Score': 0.6974709033966064, 'True Positives': 15223.0, 'True Negatives': 628291.0, 'False Positives': 4161.0, 'False Negatives': 9045.0, 'BB-Loc': 0.2948886580306196, 'BB-IoU': 0.2235874022163216, 'Average-Loss': 0.06117545569446929}
Current Pareto Front Size: 1
Pareto Costs: (0.7021,0.2929,0.2290,1)

Epoch: 2, Average Loss: 0.03655491769313812
Validation Metrics: {'Accuracy': 0.979313850402832, 'Precision': 0.7693781852722168, 'Recall': 0.6286467909812927, 'F-Score': 0.6919291615486145, 'True Positives': 15256.0, 'True Negatives': 627879.0, 'False Positives': 4573.0, 'False Negatives': 9012.0, 'BB-Loc': 0.29684484262654837, 'BB-IoU': 0.2183071957710987, 'Average-Loss': 0.06429007213405256}
Current Pareto Front Size: 1
Pareto Costs: (0.7021,0.2929,0.2290,1)

Epoch: 3, Average Loss: 0.03238999843597412
Validation Metrics: {'Accuracy': 0.9785783886909485, 'Precision': 0.7484169602394104, 'Recall': 0.6331382989883423, 'F-Score': 0.6859681010246277, 'True Positives': 15365.0, 'True Negatives': 627287.0, 'False Positives': 5165.0, 'False Negatives': 8903.0, 'BB-Loc': 0.29834525455504274, 'BB-IoU': 0.21272222897893975, 'Average-Loss': 0.06825425311467406}
Current Pareto Front Size: 2
Pareto Costs: (0.7021,0.2929,0.2290,1)(0.6860,0.2983,0.2127,4)

Epoch: 4, Average Loss: 0.028381086885929108
Validation Metrics: {'Accuracy': 0.9779175519943237, 'Precision': 0.7299613952636719, 'Recall': 0.6387011408805847, 'F-Score': 0.6812887191772461, 'True Positives': 15500.0, 'True Negatives': 626718.0, 'False Positives': 5734.0, 'False Negatives': 8768.0, 'BB-Loc': 0.2991520666024521, 'BB-IoU': 0.20741092854869367, 'Average-Loss': 0.07291556316630851}
Current Pareto Front Size: 2
Pareto Costs: (0.7021,0.2929,0.2290,1)(0.6860,0.2983,0.2127,4)

Epoch: 5, Average Loss: 0.024527573958039284
Validation Metrics: {'Accuracy': 0.9771789908409119, 'Precision': 0.7107498049736023, 'Recall': 0.6448821425437927, 'F-Score': 0.6762157678604126, 'True Positives': 15650.0, 'True Negatives': 626083.0, 'False Positives': 6369.0, 'False Negatives': 8618.0, 'BB-Loc': 0.30011864475957734, 'BB-IoU': 0.2021583882161645, 'Average-Loss': 0.07857507572552799}
Current Pareto Front Size: 2
Pareto Costs: (0.7021,0.2929,0.2290,1)(0.6860,0.2983,0.2127,4)

Epoch: 6, Average Loss: 0.021056760102510452
Validation Metrics: {'Accuracy': 0.9768790602684021, 'Precision': 0.7073972821235657, 'Recall': 0.6383715271949768, 'F-Score': 0.6711142063140869, 'True Positives': 15492.0, 'True Negatives': 626044.0, 'False Positives': 6408.0, 'False Negatives': 8776.0, 'BB-Loc': 0.3010314633708622, 'BB-IoU': 0.19715934455361198, 'Average-Loss': 0.08317241931254948}
Current Pareto Front Size: 2
Pareto Costs: (0.7021,0.2929,0.2290,1)(0.6860,0.2983,0.2127,4)

Epoch: 7, Average Loss: 0.018496081233024597
Validation Metrics: {'Accuracy': 0.9770358800888062, 'Precision': 0.7208095192909241, 'Recall': 0.6178918480873108, 'F-Score': 0.6653946042060852, 'True Positives': 14995.0, 'True Negatives': 626644.0, 'False Positives': 5808.0, 'False Negatives': 9273.0, 'BB-Loc': 0.30404630167510044, 'BB-IoU': 0.19404416765617102, 'Average-Loss': 0.08640624724899405}
Current Pareto Front Size: 3
Pareto Costs: (0.7021,0.2929,0.2290,1)(0.6860,0.2983,0.2127,4)(0.6654,0.3040,0.1940,8)

Epoch: 8, Average Loss: 0.016684668138623238
Validation Metrics: {'Accuracy': 0.9779388308525085, 'Precision': 0.7561550736427307, 'Recall': 0.5948162078857422, 'F-Score': 0.6658517718315125, 'True Positives': 14435.0, 'True Negatives': 627797.0, 'False Positives': 4655.0, 'False Negatives': 9833.0, 'BB-Loc': 0.307480930386292, 'BB-IoU': 0.1939532529241004, 'Average-Loss': 0.08943121807048665}
Current Pareto Front Size: 3
Pareto Costs: (0.7021,0.2929,0.2290,1)(0.6860,0.2983,0.2127,4)(0.6654,0.3040,0.1940,8)

Epoch: 9, Average Loss: 0.014331200160086155
Validation Metrics: {'Accuracy': 0.9782875776290894, 'Precision': 0.7773036956787109, 'Recall': 0.5780451893806458, 'F-Score': 0.663027286529541, 'True Positives': 14028.0, 'True Negatives': 628433.0, 'False Positives': 4019.0, 'False Negatives': 10240.0, 'BB-Loc': 0.3078777158138881, 'BB-IoU': 0.1902665954681258, 'Average-Loss': 0.09413709999481323}
Current Pareto Front Size: 4
Pareto Costs: (0.7021,0.2929,0.2290,1)(0.6860,0.2983,0.2127,4)(0.6654,0.3040,0.1940,8)(0.6630,0.3079,0.1903,10)
Loading test dataset from datasets/COCO2014/processed
Validation Metrics: {'Accuracy': 0.9783555269241333, 'Precision': 0.7674276828765869, 'Recall': 0.5717201828956604, 'F-Score': 0.6552732586860657, 'True Positives': 66658.0, 'True Negatives': 3103527.0, 'False Positives': 20201.0, 'False Negatives': 49934.0, 'BB-Loc': 0.3135348627349719, 'BB-IoU': 0.1899874915617976, 'Average-Loss': 0.09357272620354624}
Validation Metrics: {'Accuracy': 0.9804902076721191, 'Precision': 0.7909679412841797, 'Recall': 0.622221052646637, 'F-Score': 0.6965196132659912, 'True Positives': 72546.0, 'True Negatives': 3104556.0, 'False Positives': 19172.0, 'False Negatives': 44046.0, 'BB-Loc': 0.2984466450558616, 'BB-IoU': 0.23005390006502185, 'Average-Loss': 0.05825252483984992}
