Attribution_method: BCos, Layer: Final, AdaptiveLambda: True, Lambda: 0.001, SimilarityThreshold: 0.99, NumGuidingPoints: 50.
loading bcos resnet50 model
Loading guiding points train dataset from datasets/COCO2014/processed
Loading guiding points validation dataset from datasets/COCO2014/processed
Train data size: 73872
Annotated: 73872, Total: 73872

Epoch: 0, Average Loss: 0.07605411112308502
Validation Metrics: {'Accuracy': 0.9804878830909729, 'Precision': 0.8086000680923462, 'Recall': 0.6183451414108276, 'F-Score': 0.700789213180542, 'True Positives': 15006.0, 'True Negatives': 628900.0, 'False Positives': 3552.0, 'False Negatives': 9262.0, 'BB-Loc': 0.2764573847420164, 'BB-IoU': 0.2263873543745393, 'Average-Loss': 0.05823462104402371}
Current Pareto Front Size: 1
Pareto Costs: (0.7008,0.2765,0.2264,1)

Epoch: 1, Average Loss: 0.06986062973737717
Validation Metrics: {'Accuracy': 0.9800706505775452, 'Precision': 0.7964573502540588, 'Recall': 0.6188396215438843, 'F-Score': 0.6965031027793884, 'True Positives': 15018.0, 'True Negatives': 628614.0, 'False Positives': 3838.0, 'False Negatives': 9250.0, 'BB-Loc': 0.2774571400659537, 'BB-IoU': 0.20742606789956, 'Average-Loss': 0.060138040199423835}
Current Pareto Front Size: 1
Pareto Costs: (0.7008,0.2765,0.2264,1)

Epoch: 2, Average Loss: 0.06506896764039993
Validation Metrics: {'Accuracy': 0.9793763160705566, 'Precision': 0.7785744071006775, 'Recall': 0.6175209879875183, 'F-Score': 0.688758134841919, 'True Positives': 14986.0, 'True Negatives': 628190.0, 'False Positives': 4262.0, 'False Negatives': 9282.0, 'BB-Loc': 0.27712813047632373, 'BB-IoU': 0.18665109456419335, 'Average-Loss': 0.06295759452218506}
Current Pareto Front Size: 1
Pareto Costs: (0.7008,0.2765,0.2264,1)

Epoch: 3, Average Loss: 0.06057438254356384
Validation Metrics: {'Accuracy': 0.978645384311676, 'Precision': 0.7587130069732666, 'Recall': 0.6189632415771484, 'F-Score': 0.6817501187324524, 'True Positives': 15021.0, 'True Negatives': 627675.0, 'False Positives': 4777.0, 'False Negatives': 9247.0, 'BB-Loc': 0.2766109726387765, 'BB-IoU': 0.17089752254916546, 'Average-Loss': 0.06658802457668413}
Current Pareto Front Size: 1
Pareto Costs: (0.7008,0.2765,0.2264,1)

Epoch: 4, Average Loss: 0.056337591260671616
Validation Metrics: {'Accuracy': 0.9775353074073792, 'Precision': 0.7257842421531677, 'Recall': 0.6301714181900024, 'F-Score': 0.6746068596839905, 'True Positives': 15293.0, 'True Negatives': 626674.0, 'False Positives': 5778.0, 'False Negatives': 8975.0, 'BB-Loc': 0.27536062787643006, 'BB-IoU': 0.15942183093435755, 'Average-Loss': 0.0710743316155953}
Current Pareto Front Size: 1
Pareto Costs: (0.7008,0.2765,0.2264,1)

Epoch: 5, Average Loss: 0.05213077738881111
Validation Metrics: {'Accuracy': 0.9766795635223389, 'Precision': 0.7092898488044739, 'Recall': 0.6251442432403564, 'F-Score': 0.6645640134811401, 'True Positives': 15171.0, 'True Negatives': 626234.0, 'False Positives': 6218.0, 'False Negatives': 9097.0, 'BB-Loc': 0.2737810474352414, 'BB-IoU': 0.14796855392391378, 'Average-Loss': 0.07565752239229619}
Current Pareto Front Size: 1
Pareto Costs: (0.7008,0.2765,0.2264,1)

Epoch: 6, Average Loss: 0.04819153994321823
Validation Metrics: {'Accuracy': 0.97684246301651, 'Precision': 0.7140629291534424, 'Recall': 0.6226718425750732, 'F-Score': 0.6652432084083557, 'True Positives': 15111.0, 'True Negatives': 626401.0, 'False Positives': 6051.0, 'False Negatives': 9157.0, 'BB-Loc': 0.27158128896552086, 'BB-IoU': 0.13992338688457898, 'Average-Loss': 0.0781223865443511}
Current Pareto Front Size: 1
Pareto Costs: (0.7008,0.2765,0.2264,1)

Epoch: 7, Average Loss: 0.04454505071043968
Validation Metrics: {'Accuracy': 0.9766536951065063, 'Precision': 0.7159914970397949, 'Recall': 0.610309898853302, 'F-Score': 0.6589402556419373, 'True Positives': 14811.0, 'True Negatives': 626577.0, 'False Positives': 5875.0, 'False Negatives': 9457.0, 'BB-Loc': 0.270096262145971, 'BB-IoU': 0.13195565079079577, 'Average-Loss': 0.08259050348583681}
Current Pareto Front Size: 1
Pareto Costs: (0.7008,0.2765,0.2264,1)

Epoch: 8, Average Loss: 0.04176558554172516
Validation Metrics: {'Accuracy': 0.9749528169631958, 'Precision': 0.6655936241149902, 'Recall': 0.6475193500518799, 'F-Score': 0.6564320921897888, 'True Positives': 15714.0, 'True Negatives': 624557.0, 'False Positives': 7895.0, 'False Negatives': 8554.0, 'BB-Loc': 0.26965431664136363, 'BB-IoU': 0.12886899531139365, 'Average-Loss': 0.08778510905166013}
Current Pareto Front Size: 1
Pareto Costs: (0.7008,0.2765,0.2264,1)

Epoch: 9, Average Loss: 0.0397397056221962
Validation Metrics: {'Accuracy': 0.9763674139976501, 'Precision': 0.7083650827407837, 'Recall': 0.6127410531044006, 'F-Score': 0.6570923328399658, 'True Positives': 14870.0, 'True Negatives': 626330.0, 'False Positives': 6122.0, 'False Negatives': 9398.0, 'BB-Loc': 0.27005344626990635, 'BB-IoU': 0.12326620780137079, 'Average-Loss': 0.08836376270578118}
Current Pareto Front Size: 1
Pareto Costs: (0.7008,0.2765,0.2264,1)
Loading test dataset from datasets/COCO2014/processed
Validation Metrics: {'Accuracy': 0.9764035940170288, 'Precision': 0.698937177658081, 'Recall': 0.604664146900177, 'F-Score': 0.6483919024467468, 'True Positives': 70499.0, 'True Negatives': 3093361.0, 'False Positives': 30367.0, 'False Negatives': 46093.0, 'BB-Loc': 0.2771951344764845, 'BB-IoU': 0.12294606377627894, 'Average-Loss': 0.08819660244782922}
Validation Metrics: {'Accuracy': 0.9805154800415039, 'Precision': 0.7985301613807678, 'Recall': 0.6131981611251831, 'F-Score': 0.6936989426612854, 'True Positives': 71494.0, 'True Negatives': 3105690.0, 'False Positives': 18038.0, 'False Negatives': 45098.0, 'BB-Loc': 0.2822017174055884, 'BB-IoU': 0.22770469083828668, 'Average-Loss': 0.057609766056573884}
