Attribution_method: BCos, Layer: Final, AdaptiveLambda: True, Lambda: 0.001, SimilarityThreshold: 0.97, NumGuidingPoints: 10.
loading bcos resnet50 model
Loading guiding points train dataset from datasets/COCO2014/processed
Loading guiding points validation dataset from datasets/COCO2014/processed
Train data size: 73872
Annotated: 73872, Total: 73872

Epoch: 0, Average Loss: 0.07768449187278748
Validation Metrics: {'Accuracy': 0.9803401827812195, 'Precision': 0.8050824403762817, 'Recall': 0.6174798011779785, 'F-Score': 0.6989109516143799, 'True Positives': 14985.0, 'True Negatives': 628824.0, 'False Positives': 3628.0, 'False Negatives': 9283.0, 'BB-Loc': 0.265664948633876, 'BB-IoU': 0.22482107821383943, 'Average-Loss': 0.05854304970392633}
Current Pareto Front Size: 1
Pareto Costs: (0.6989,0.2657,0.2248,1)

Epoch: 1, Average Loss: 0.07108267396688461
Validation Metrics: {'Accuracy': 0.979918360710144, 'Precision': 0.7942113876342773, 'Recall': 0.6162436008453369, 'F-Score': 0.693999707698822, 'True Positives': 14955.0, 'True Negatives': 628577.0, 'False Positives': 3875.0, 'False Negatives': 9313.0, 'BB-Loc': 0.2632905453139165, 'BB-IoU': 0.20764614631724257, 'Average-Loss': 0.06025193742196065}
Current Pareto Front Size: 1
Pareto Costs: (0.6989,0.2657,0.2248,1)

Epoch: 2, Average Loss: 0.06621519476175308
Validation Metrics: {'Accuracy': 0.9789347052574158, 'Precision': 0.7668542265892029, 'Recall': 0.6177682280540466, 'F-Score': 0.6842849850654602, 'True Positives': 14992.0, 'True Negatives': 627894.0, 'False Positives': 4558.0, 'False Negatives': 9276.0, 'BB-Loc': 0.26324072130162846, 'BB-IoU': 0.18925985213577284, 'Average-Loss': 0.06451014331581095}
Current Pareto Front Size: 1
Pareto Costs: (0.6989,0.2657,0.2248,1)

Epoch: 3, Average Loss: 0.06162898615002632
Validation Metrics: {'Accuracy': 0.9779114127159119, 'Precision': 0.7368267774581909, 'Recall': 0.6257623434066772, 'F-Score': 0.6767681241035461, 'True Positives': 15186.0, 'True Negatives': 627028.0, 'False Positives': 5424.0, 'False Negatives': 9082.0, 'BB-Loc': 0.26452973823084114, 'BB-IoU': 0.17413541012860512, 'Average-Loss': 0.06798239424597811}
Current Pareto Front Size: 1
Pareto Costs: (0.6989,0.2657,0.2248,1)

Epoch: 4, Average Loss: 0.057270973920822144
Validation Metrics: {'Accuracy': 0.9774028658866882, 'Precision': 0.7280820608139038, 'Recall': 0.6200758218765259, 'F-Score': 0.6697525382041931, 'True Positives': 15048.0, 'True Negatives': 626832.0, 'False Positives': 5620.0, 'False Negatives': 9220.0, 'BB-Loc': 0.26523402965464904, 'BB-IoU': 0.1624231016453445, 'Average-Loss': 0.07173790770800341}
Current Pareto Front Size: 1
Pareto Costs: (0.6989,0.2657,0.2248,1)

Epoch: 5, Average Loss: 0.05291295424103737
Validation Metrics: {'Accuracy': 0.9761404991149902, 'Precision': 0.6960467100143433, 'Recall': 0.6290176510810852, 'F-Score': 0.6608368158340454, 'True Positives': 15265.0, 'True Negatives': 625786.0, 'False Positives': 6666.0, 'False Negatives': 9003.0, 'BB-Loc': 0.26491716810750043, 'BB-IoU': 0.15322681954733122, 'Average-Loss': 0.0767817339837326}
Current Pareto Front Size: 1
Pareto Costs: (0.6989,0.2657,0.2248,1)

Epoch: 6, Average Loss: 0.048890866339206696
Validation Metrics: {'Accuracy': 0.9766765236854553, 'Precision': 0.7148893475532532, 'Recall': 0.6135239601135254, 'F-Score': 0.6603392958641052, 'True Positives': 14889.0, 'True Negatives': 626514.0, 'False Positives': 5938.0, 'False Negatives': 9379.0, 'BB-Loc': 0.26607061783763175, 'BB-IoU': 0.1463870874742357, 'Average-Loss': 0.07798374142102513}
Current Pareto Front Size: 1
Pareto Costs: (0.6989,0.2657,0.2248,1)

Epoch: 7, Average Loss: 0.04547000303864479
Validation Metrics: {'Accuracy': 0.9770739674568176, 'Precision': 0.7565159201622009, 'Recall': 0.5597494840621948, 'F-Score': 0.6434255242347717, 'True Positives': 13584.0, 'True Negatives': 628080.0, 'False Positives': 4372.0, 'False Negatives': 10684.0, 'BB-Loc': 0.26643790195245964, 'BB-IoU': 0.13610870510833023, 'Average-Loss': 0.08377578740927925}
Current Pareto Front Size: 1
Pareto Costs: (0.6989,0.2657,0.2248,1)

Epoch: 8, Average Loss: 0.04268987476825714
Validation Metrics: {'Accuracy': 0.9757217764854431, 'Precision': 0.6888213157653809, 'Recall': 0.6256387233734131, 'F-Score': 0.6557115316390991, 'True Positives': 15183.0, 'True Negatives': 625593.0, 'False Positives': 6859.0, 'False Negatives': 9085.0, 'BB-Loc': 0.26867312906276863, 'BB-IoU': 0.13560037667989783, 'Average-Loss': 0.0851570637772995}
Current Pareto Front Size: 2
Pareto Costs: (0.6989,0.2657,0.2248,1)(0.6557,0.2687,0.1356,9)

Epoch: 9, Average Loss: 0.04012022912502289
Validation Metrics: {'Accuracy': 0.9760187268257141, 'Precision': 0.7016904354095459, 'Recall': 0.6106395125389099, 'F-Score': 0.653006374835968, 'True Positives': 14819.0, 'True Negatives': 626152.0, 'False Positives': 6300.0, 'False Negatives': 9449.0, 'BB-Loc': 0.2697343941621127, 'BB-IoU': 0.12963943700626002, 'Average-Loss': 0.08798762026505778}
Current Pareto Front Size: 2
Pareto Costs: (0.6989,0.2657,0.2248,1)(0.6557,0.2687,0.1356,9)
Loading test dataset from datasets/COCO2014/processed
Validation Metrics: {'Accuracy': 0.9762350916862488, 'Precision': 0.6948552131652832, 'Recall': 0.6053760051727295, 'F-Score': 0.6470367312431335, 'True Positives': 70582.0, 'True Negatives': 3092732.0, 'False Positives': 30996.0, 'False Negatives': 46010.0, 'BB-Loc': 0.2758955686728312, 'BB-IoU': 0.12872679670655823, 'Average-Loss': 0.0874291362909373}
Validation Metrics: {'Accuracy': 0.9804173707962036, 'Precision': 0.7961390018463135, 'Recall': 0.6126320958137512, 'F-Score': 0.6924337148666382, 'True Positives': 71428.0, 'True Negatives': 3105438.0, 'False Positives': 18290.0, 'False Negatives': 45164.0, 'BB-Loc': 0.27126684585282684, 'BB-IoU': 0.2260840317183129, 'Average-Loss': 0.05785654524958183}
