Attribution_method: BCos, Layer: Final, AdaptiveLambda: True, Lambda: 0.001, SimilarityThreshold: 0.95, NumGuidingPoints: 10.
loading bcos resnet50 model
Loading guiding points train dataset from datasets/COCO2014/processed
Loading guiding points validation dataset from datasets/COCO2014/processed
Train data size: 73872
Annotated: 73872, Total: 73872

Epoch: 0, Average Loss: 0.07749732583761215
Validation Metrics: {'Accuracy': 0.9803599715232849, 'Precision': 0.8082637190818787, 'Recall': 0.6142244935035706, 'F-Score': 0.6980098485946655, 'True Positives': 14906.0, 'True Negatives': 628916.0, 'False Positives': 3536.0, 'False Negatives': 9362.0, 'BB-Loc': 0.2620094986744346, 'BB-IoU': 0.22532018860647823, 'Average-Loss': 0.058589701560168336}
Current Pareto Front Size: 1
Pareto Costs: (0.6980,0.2620,0.2253,1)

Epoch: 1, Average Loss: 0.07088515907526016
Validation Metrics: {'Accuracy': 0.9798224568367004, 'Precision': 0.7927405834197998, 'Recall': 0.6146777868270874, 'F-Score': 0.6924451589584351, 'True Positives': 14917.0, 'True Negatives': 628552.0, 'False Positives': 3900.0, 'False Negatives': 9351.0, 'BB-Loc': 0.2584804061975209, 'BB-IoU': 0.2079036124322265, 'Average-Loss': 0.060971572695674145}
Current Pareto Front Size: 1
Pareto Costs: (0.6980,0.2620,0.2253,1)

Epoch: 2, Average Loss: 0.06609557569026947
Validation Metrics: {'Accuracy': 0.9787306785583496, 'Precision': 0.7621132135391235, 'Recall': 0.6170265078544617, 'F-Score': 0.6819382309913635, 'True Positives': 14974.0, 'True Negatives': 627778.0, 'False Positives': 4674.0, 'False Negatives': 9294.0, 'BB-Loc': 0.25692593708625866, 'BB-IoU': 0.18955648559931917, 'Average-Loss': 0.06517716002443964}
Current Pareto Front Size: 1
Pareto Costs: (0.6980,0.2620,0.2253,1)

Epoch: 3, Average Loss: 0.06160378083586693
Validation Metrics: {'Accuracy': 0.9781032800674438, 'Precision': 0.7437388896942139, 'Recall': 0.6216416954994202, 'F-Score': 0.6772310733795166, 'True Positives': 15086.0, 'True Negatives': 627254.0, 'False Positives': 5198.0, 'False Negatives': 9182.0, 'BB-Loc': 0.25742554534752765, 'BB-IoU': 0.17403484053158214, 'Average-Loss': 0.06823212610468503}
Current Pareto Front Size: 1
Pareto Costs: (0.6980,0.2620,0.2253,1)

Epoch: 4, Average Loss: 0.057297270745038986
Validation Metrics: {'Accuracy': 0.9773571491241455, 'Precision': 0.725978672504425, 'Recall': 0.6220537424087524, 'F-Score': 0.6700102090835571, 'True Positives': 15096.0, 'True Negatives': 626754.0, 'False Positives': 5698.0, 'False Negatives': 9172.0, 'BB-Loc': 0.2583181972407791, 'BB-IoU': 0.16229091847470878, 'Average-Loss': 0.07227994138364714}
Current Pareto Front Size: 1
Pareto Costs: (0.6980,0.2620,0.2253,1)

Epoch: 5, Average Loss: 0.05300791934132576
Validation Metrics: {'Accuracy': 0.9768714308738708, 'Precision': 0.7184867858886719, 'Recall': 0.6151310205459595, 'F-Score': 0.6628038883209229, 'True Positives': 14928.0, 'True Negatives': 626603.0, 'False Positives': 5849.0, 'False Negatives': 9340.0, 'BB-Loc': 0.2593569546145799, 'BB-IoU': 0.1527820531396396, 'Average-Loss': 0.07606754124070189}
Current Pareto Front Size: 1
Pareto Costs: (0.6980,0.2620,0.2253,1)

Epoch: 6, Average Loss: 0.049085550010204315
Validation Metrics: {'Accuracy': 0.9769247174263, 'Precision': 0.7225967049598694, 'Recall': 0.609568178653717, 'F-Score': 0.6612874269485474, 'True Positives': 14793.0, 'True Negatives': 626773.0, 'False Positives': 5679.0, 'False Negatives': 9475.0, 'BB-Loc': 0.2598473557321426, 'BB-IoU': 0.14452900480378414, 'Average-Loss': 0.07799864704040535}
Current Pareto Front Size: 1
Pareto Costs: (0.6980,0.2620,0.2253,1)

Epoch: 7, Average Loss: 0.04557552933692932
Validation Metrics: {'Accuracy': 0.9768348932266235, 'Precision': 0.7249242663383484, 'Recall': 0.6012856364250183, 'F-Score': 0.657341718673706, 'True Positives': 14592.0, 'True Negatives': 626915.0, 'False Positives': 5537.0, 'False Negatives': 9676.0, 'BB-Loc': 0.26018926053450997, 'BB-IoU': 0.13787084775955755, 'Average-Loss': 0.08118478034065127}
Current Pareto Front Size: 1
Pareto Costs: (0.6980,0.2620,0.2253,1)

Epoch: 8, Average Loss: 0.04303780198097229
Validation Metrics: {'Accuracy': 0.9757933616638184, 'Precision': 0.6890726089477539, 'Recall': 0.6285643577575684, 'F-Score': 0.6574291586875916, 'True Positives': 15254.0, 'True Negatives': 625569.0, 'False Positives': 6883.0, 'False Negatives': 9014.0, 'BB-Loc': 0.2626520464664665, 'BB-IoU': 0.13573696672739358, 'Average-Loss': 0.08482450619294563}
Current Pareto Front Size: 2
Pareto Costs: (0.6980,0.2620,0.2253,1)(0.6574,0.2627,0.1357,9)

Epoch: 9, Average Loss: 0.040444158017635345
Validation Metrics: {'Accuracy': 0.9768105149269104, 'Precision': 0.7291254997253418, 'Recall': 0.5926322937011719, 'F-Score': 0.6538313031196594, 'True Positives': 14382.0, 'True Negatives': 627109.0, 'False Positives': 5343.0, 'False Negatives': 9886.0, 'BB-Loc': 0.2646365913098071, 'BB-IoU': 0.12846923606418315, 'Average-Loss': 0.08664073890651647}
Current Pareto Front Size: 2
Pareto Costs: (0.6980,0.2620,0.2253,1)(0.6574,0.2627,0.1357,9)
Loading test dataset from datasets/COCO2014/processed
Validation Metrics: {'Accuracy': 0.9769658446311951, 'Precision': 0.7222422361373901, 'Recall': 0.5846970677375793, 'F-Score': 0.6462318897247314, 'True Positives': 68171.0, 'True Negatives': 3097511.0, 'False Positives': 26217.0, 'False Negatives': 48421.0, 'BB-Loc': 0.27108001058998343, 'BB-IoU': 0.12867005916996135, 'Average-Loss': 0.08614272363049791}
Validation Metrics: {'Accuracy': 0.9804182648658752, 'Precision': 0.7989177703857422, 'Recall': 0.6090897917747498, 'F-Score': 0.6912074685096741, 'True Positives': 71015.0, 'True Negatives': 3105854.0, 'False Positives': 17874.0, 'False Negatives': 45577.0, 'BB-Loc': 0.26761427725451725, 'BB-IoU': 0.22648307999413353, 'Average-Loss': 0.057853516396528734}
