Attribution_method: BCos, Layer: Final, AdaptiveLambda: True, Lambda: 0.001, SimilarityThreshold: 0.97, NumGuidingPoints: 50.
loading bcos resnet50 model
Loading guiding points train dataset from datasets/COCO2014/processed
Loading guiding points validation dataset from datasets/COCO2014/processed
Train data size: 73872
Annotated: 73872, Total: 73872

Epoch: 0, Average Loss: 0.0755796954035759
Validation Metrics: {'Accuracy': 0.9804772138595581, 'Precision': 0.8072360157966614, 'Recall': 0.6196637749671936, 'F-Score': 0.7011212706565857, 'True Positives': 15038.0, 'True Negatives': 628861.0, 'False Positives': 3591.0, 'False Negatives': 9230.0, 'BB-Loc': 0.27484357302696594, 'BB-IoU': 0.22942000584258251, 'Average-Loss': 0.058362169204174724}
Current Pareto Front Size: 1
Pareto Costs: (0.7011,0.2748,0.2294,1)

Epoch: 1, Average Loss: 0.06948068737983704
Validation Metrics: {'Accuracy': 0.9799107909202576, 'Precision': 0.7912174463272095, 'Recall': 0.6199522018432617, 'F-Score': 0.6951920986175537, 'True Positives': 15045.0, 'True Negatives': 628482.0, 'False Positives': 3970.0, 'False Negatives': 9223.0, 'BB-Loc': 0.2743896696517468, 'BB-IoU': 0.20997859707069055, 'Average-Loss': 0.06073806805447431}
Current Pareto Front Size: 1
Pareto Costs: (0.7011,0.2748,0.2294,1)

Epoch: 2, Average Loss: 0.06478789448738098
Validation Metrics: {'Accuracy': 0.9793291091918945, 'Precision': 0.7764906883239746, 'Recall': 0.6187160015106201, 'F-Score': 0.688682496547699, 'True Positives': 15015.0, 'True Negatives': 628130.0, 'False Positives': 4322.0, 'False Negatives': 9253.0, 'BB-Loc': 0.2744047054880497, 'BB-IoU': 0.19083065697234494, 'Average-Loss': 0.06312499137522459}
Current Pareto Front Size: 1
Pareto Costs: (0.7011,0.2748,0.2294,1)

Epoch: 3, Average Loss: 0.06034344807267189
Validation Metrics: {'Accuracy': 0.9785251021385193, 'Precision': 0.7528733015060425, 'Recall': 0.6235371828079224, 'F-Score': 0.6821286082267761, 'True Positives': 15132.0, 'True Negatives': 627485.0, 'False Positives': 4967.0, 'False Negatives': 9136.0, 'BB-Loc': 0.27483449818534833, 'BB-IoU': 0.17537613363318458, 'Average-Loss': 0.0666532568757899}
Current Pareto Front Size: 1
Pareto Costs: (0.7011,0.2748,0.2294,1)

Epoch: 4, Average Loss: 0.056125033646821976
Validation Metrics: {'Accuracy': 0.9775779843330383, 'Precision': 0.727268397808075, 'Recall': 0.6291824579238892, 'F-Score': 0.6746791005134583, 'True Positives': 15269.0, 'True Negatives': 626726.0, 'False Positives': 5726.0, 'False Negatives': 8999.0, 'BB-Loc': 0.2744728794929584, 'BB-IoU': 0.16376408634154047, 'Average-Loss': 0.07123140104360971}
Current Pareto Front Size: 1
Pareto Costs: (0.7011,0.2748,0.2294,1)

Epoch: 5, Average Loss: 0.0519949272274971
Validation Metrics: {'Accuracy': 0.976598858833313, 'Precision': 0.7056947350502014, 'Recall': 0.6291000247001648, 'F-Score': 0.6651997566223145, 'True Positives': 15267.0, 'True Negatives': 626085.0, 'False Positives': 6367.0, 'False Negatives': 9001.0, 'BB-Loc': 0.27398059804442354, 'BB-IoU': 0.15224174721321726, 'Average-Loss': 0.07669511075460718}
Current Pareto Front Size: 1
Pareto Costs: (0.7011,0.2748,0.2294,1)

Epoch: 6, Average Loss: 0.04810403287410736
Validation Metrics: {'Accuracy': 0.9767481088638306, 'Precision': 0.7133845686912537, 'Recall': 0.6197873950004578, 'F-Score': 0.6633003950119019, 'True Positives': 15041.0, 'True Negatives': 626409.0, 'False Positives': 6043.0, 'False Negatives': 9227.0, 'BB-Loc': 0.2714804927856269, 'BB-IoU': 0.14291347225863138, 'Average-Loss': 0.07866137552557596}
Current Pareto Front Size: 1
Pareto Costs: (0.7011,0.2748,0.2294,1)

Epoch: 7, Average Loss: 0.04452919587492943
Validation Metrics: {'Accuracy': 0.9769201278686523, 'Precision': 0.7206159830093384, 'Recall': 0.6131531000137329, 'F-Score': 0.6625553965568542, 'True Positives': 14880.0, 'True Negatives': 626683.0, 'False Positives': 5769.0, 'False Negatives': 9388.0, 'BB-Loc': 0.26906651247471586, 'BB-IoU': 0.1340617513238495, 'Average-Loss': 0.08192107221185398}
Current Pareto Front Size: 1
Pareto Costs: (0.7011,0.2748,0.2294,1)

Epoch: 8, Average Loss: 0.04181762784719467
Validation Metrics: {'Accuracy': 0.9752345085144043, 'Precision': 0.6719663143157959, 'Recall': 0.6443876624107361, 'F-Score': 0.6578881144523621, 'True Positives': 15638.0, 'True Negatives': 624818.0, 'False Positives': 7634.0, 'False Negatives': 8630.0, 'BB-Loc': 0.2685238369479702, 'BB-IoU': 0.1309005453051664, 'Average-Loss': 0.08759771535945209}
Current Pareto Front Size: 1
Pareto Costs: (0.7011,0.2748,0.2294,1)

Epoch: 9, Average Loss: 0.039782702922821045
Validation Metrics: {'Accuracy': 0.9766414761543274, 'Precision': 0.7187163233757019, 'Recall': 0.6044585704803467, 'F-Score': 0.6566542983055115, 'True Positives': 14669.0, 'True Negatives': 626711.0, 'False Positives': 5741.0, 'False Negatives': 9599.0, 'BB-Loc': 0.2689302162967813, 'BB-IoU': 0.12273384195910615, 'Average-Loss': 0.08837264027632115}
Current Pareto Front Size: 1
Pareto Costs: (0.7011,0.2748,0.2294,1)
Loading test dataset from datasets/COCO2014/processed
Validation Metrics: {'Accuracy': 0.9766640067100525, 'Precision': 0.708541989326477, 'Recall': 0.5970392227172852, 'F-Score': 0.6480292081832886, 'True Positives': 69610.0, 'True Negatives': 3095094.0, 'False Positives': 28634.0, 'False Negatives': 46982.0, 'BB-Loc': 0.2761008344152751, 'BB-IoU': 0.12217330565789916, 'Average-Loss': 0.0880696980255808}
Validation Metrics: {'Accuracy': 0.980524480342865, 'Precision': 0.7977310419082642, 'Recall': 0.614561915397644, 'F-Score': 0.6942682862281799, 'True Positives': 71653.0, 'True Negatives': 3105560.0, 'False Positives': 18168.0, 'False Negatives': 44939.0, 'BB-Loc': 0.28061795315269317, 'BB-IoU': 0.23080070677586992, 'Average-Loss': 0.057754807431731274}
