Attribution_method: BCos, Layer: Final, AdaptiveLambda: True, Lambda: 0.0001, SimilarityThreshold: 0.95, NumGuidingPoints: 50.
loading bcos resnet50 model
Loading guiding points train dataset from datasets/COCO2014/processed
Loading guiding points validation dataset from datasets/COCO2014/processed
Train data size: 73872
Annotated: 73872, Total: 73872

Epoch: 0, Average Loss: 0.04555455595254898
Validation Metrics: {'Accuracy': 0.9803355932235718, 'Precision': 0.7986009120941162, 'Recall': 0.6256387233734131, 'F-Score': 0.7016173601150513, 'True Positives': 15183.0, 'True Negatives': 628623.0, 'False Positives': 3829.0, 'False Negatives': 9085.0, 'BB-Loc': 0.29292535998963515, 'BB-IoU': 0.22885186808195285, 'Average-Loss': 0.0587774800214513}
Current Pareto Front Size: 1
Pareto Costs: (0.7016,0.2929,0.2289,1)

Epoch: 1, Average Loss: 0.04066142439842224
Validation Metrics: {'Accuracy': 0.9798574447631836, 'Precision': 0.7843309044837952, 'Recall': 0.6274517774581909, 'F-Score': 0.6971750259399414, 'True Positives': 15227.0, 'True Negatives': 628265.0, 'False Positives': 4187.0, 'False Negatives': 9041.0, 'BB-Loc': 0.29489898519045243, 'BB-IoU': 0.22338736508962798, 'Average-Loss': 0.06125339094941051}
Current Pareto Front Size: 1
Pareto Costs: (0.7016,0.2929,0.2289,1)

Epoch: 2, Average Loss: 0.03639138862490654
Validation Metrics: {'Accuracy': 0.9792910218238831, 'Precision': 0.7680940628051758, 'Recall': 0.6297181248664856, 'F-Score': 0.6920568943023682, 'True Positives': 15282.0, 'True Negatives': 627838.0, 'False Positives': 4614.0, 'False Negatives': 8986.0, 'BB-Loc': 0.296810869068236, 'BB-IoU': 0.2181983027924673, 'Average-Loss': 0.06442672091927971}
Current Pareto Front Size: 1
Pareto Costs: (0.7016,0.2929,0.2289,1)

Epoch: 3, Average Loss: 0.03222281113266945
Validation Metrics: {'Accuracy': 0.9785585999488831, 'Precision': 0.7455527186393738, 'Recall': 0.6372589468955994, 'F-Score': 0.687165379524231, 'True Positives': 15465.0, 'True Negatives': 627174.0, 'False Positives': 5278.0, 'False Negatives': 8803.0, 'BB-Loc': 0.2981789378586253, 'BB-IoU': 0.21267435857334924, 'Average-Loss': 0.06847899171260202}
Current Pareto Front Size: 2
Pareto Costs: (0.7016,0.2929,0.2289,1)(0.6872,0.2982,0.2127,4)

Epoch: 4, Average Loss: 0.028228195384144783
Validation Metrics: {'Accuracy': 0.9778581261634827, 'Precision': 0.7275960445404053, 'Recall': 0.6406790614128113, 'F-Score': 0.6813769340515137, 'True Positives': 15548.0, 'True Negatives': 626631.0, 'False Positives': 5821.0, 'False Negatives': 8720.0, 'BB-Loc': 0.29919164855709596, 'BB-IoU': 0.20754694341203603, 'Average-Loss': 0.07314262153141274}
Current Pareto Front Size: 2
Pareto Costs: (0.7016,0.2929,0.2289,1)(0.6872,0.2982,0.2127,4)

Epoch: 5, Average Loss: 0.024403151124715805
Validation Metrics: {'Accuracy': 0.9772536158561707, 'Precision': 0.7130526304244995, 'Recall': 0.643357515335083, 'F-Score': 0.6764145493507385, 'True Positives': 15613.0, 'True Negatives': 626169.0, 'False Positives': 6283.0, 'False Negatives': 8655.0, 'BB-Loc': 0.30044993251373336, 'BB-IoU': 0.2026620792241381, 'Average-Loss': 0.07837374670117211}
Current Pareto Front Size: 2
Pareto Costs: (0.7016,0.2929,0.2289,1)(0.6872,0.2982,0.2127,4)

Epoch: 6, Average Loss: 0.02096058614552021
Validation Metrics: {'Accuracy': 0.9770739674568176, 'Precision': 0.7132012844085693, 'Recall': 0.6349101662635803, 'F-Score': 0.671782374382019, 'True Positives': 15408.0, 'True Negatives': 626256.0, 'False Positives': 6196.0, 'False Negatives': 8860.0, 'BB-Loc': 0.301548986936461, 'BB-IoU': 0.19730187787600345, 'Average-Loss': 0.08294223260757533}
Current Pareto Front Size: 2
Pareto Costs: (0.7016,0.2929,0.2289,1)(0.6872,0.2982,0.2127,4)

Epoch: 7, Average Loss: 0.018354281783103943
Validation Metrics: {'Accuracy': 0.9771820306777954, 'Precision': 0.7234821319580078, 'Recall': 0.619169294834137, 'F-Score': 0.6672735810279846, 'True Positives': 15026.0, 'True Negatives': 626709.0, 'False Positives': 5743.0, 'False Negatives': 9242.0, 'BB-Loc': 0.30481551740365853, 'BB-IoU': 0.1948795711781559, 'Average-Loss': 0.08644126123481087}
Current Pareto Front Size: 3
Pareto Costs: (0.7016,0.2929,0.2289,1)(0.6872,0.2982,0.2127,4)(0.6673,0.3048,0.1949,8)

Epoch: 8, Average Loss: 0.01654469221830368
Validation Metrics: {'Accuracy': 0.9781094193458557, 'Precision': 0.7644071578979492, 'Recall': 0.5892121195793152, 'F-Score': 0.665472149848938, 'True Positives': 14299.0, 'True Negatives': 628045.0, 'False Positives': 4407.0, 'False Negatives': 9969.0, 'BB-Loc': 0.3079017343934361, 'BB-IoU': 0.19415166204532813, 'Average-Loss': 0.08916656386330932}
Current Pareto Front Size: 3
Pareto Costs: (0.7016,0.2929,0.2289,1)(0.6872,0.2982,0.2127,4)(0.6655,0.3079,0.1942,9)

Epoch: 9, Average Loss: 0.014266532845795155
Validation Metrics: {'Accuracy': 0.9781627058982849, 'Precision': 0.767617404460907, 'Recall': 0.5866573452949524, 'F-Score': 0.665047287940979, 'True Positives': 14237.0, 'True Negatives': 628142.0, 'False Positives': 4310.0, 'False Negatives': 10031.0, 'BB-Loc': 0.3076183682864402, 'BB-IoU': 0.1912224906531332, 'Average-Loss': 0.0939287782107481}
Current Pareto Front Size: 3
Pareto Costs: (0.7016,0.2929,0.2289,1)(0.6872,0.2982,0.2127,4)(0.6655,0.3079,0.1942,9)
Loading test dataset from datasets/COCO2014/processed
Validation Metrics: {'Accuracy': 0.9781935214996338, 'Precision': 0.758754312992096, 'Recall': 0.5776039361953735, 'F-Score': 0.6559011936187744, 'True Positives': 67344.0, 'True Negatives': 3102316.0, 'False Positives': 21412.0, 'False Negatives': 49248.0, 'BB-Loc': 0.3133876460559513, 'BB-IoU': 0.1909061673587681, 'Average-Loss': 0.09368922402918539}
Validation Metrics: {'Accuracy': 0.9804633259773254, 'Precision': 0.7898080348968506, 'Recall': 0.622778594493866, 'F-Score': 0.6964182257652283, 'True Positives': 72611.0, 'True Negatives': 3104404.0, 'False Positives': 19324.0, 'False Negatives': 43981.0, 'BB-Loc': 0.298470074244789, 'BB-IoU': 0.22989736361627897, 'Average-Loss': 0.058310484429392774}
