Attribution_method: BCos, Layer: Final, AdaptiveLambda: True, Lambda: 0.0001, SimilarityThreshold: 0.95, NumGuidingPoints: 10.
loading bcos resnet50 model
Loading guiding points train dataset from datasets/COCO2014/processed
Loading guiding points validation dataset from datasets/COCO2014/processed
Train data size: 73872
Annotated: 73872, Total: 73872

Epoch: 0, Average Loss: 0.04609813168644905
Validation Metrics: {'Accuracy': 0.9803493022918701, 'Precision': 0.7990420460700989, 'Recall': 0.6255562901496887, 'F-Score': 0.7017357349395752, 'True Positives': 15181.0, 'True Negatives': 628634.0, 'False Positives': 3818.0, 'False Negatives': 9087.0, 'BB-Loc': 0.2893353231207759, 'BB-IoU': 0.23001703364718953, 'Average-Loss': 0.05869317098313874}
Current Pareto Front Size: 1
Pareto Costs: (0.7017,0.2893,0.2300,1)

Epoch: 1, Average Loss: 0.04119681194424629
Validation Metrics: {'Accuracy': 0.9798620343208313, 'Precision': 0.7840716242790222, 'Recall': 0.6279874444007874, 'F-Score': 0.6974030137062073, 'True Positives': 15240.0, 'True Negatives': 628255.0, 'False Positives': 4197.0, 'False Negatives': 9028.0, 'BB-Loc': 0.2903079723596741, 'BB-IoU': 0.2248071843339869, 'Average-Loss': 0.06112583721289609}
Current Pareto Front Size: 1
Pareto Costs: (0.7017,0.2893,0.2300,1)

Epoch: 2, Average Loss: 0.036933548748493195
Validation Metrics: {'Accuracy': 0.9792833924293518, 'Precision': 0.7673905491828918, 'Recall': 0.6305010914802551, 'F-Score': 0.6922433376312256, 'True Positives': 15301.0, 'True Negatives': 627814.0, 'False Positives': 4638.0, 'False Negatives': 8967.0, 'BB-Loc': 0.29134167596399607, 'BB-IoU': 0.21949205724560544, 'Average-Loss': 0.06422941802930186}
Current Pareto Front Size: 1
Pareto Costs: (0.7017,0.2893,0.2300,1)

Epoch: 3, Average Loss: 0.032772816717624664
Validation Metrics: {'Accuracy': 0.9785585999488831, 'Precision': 0.7462412118911743, 'Recall': 0.6360639333724976, 'F-Score': 0.686761736869812, 'True Positives': 15436.0, 'True Negatives': 627203.0, 'False Positives': 5249.0, 'False Negatives': 8832.0, 'BB-Loc': 0.29203074598315004, 'BB-IoU': 0.21392755396545174, 'Average-Loss': 0.06825439810012257}
Current Pareto Front Size: 1
Pareto Costs: (0.7017,0.2893,0.2300,1)

Epoch: 4, Average Loss: 0.028747642412781715
Validation Metrics: {'Accuracy': 0.9778687953948975, 'Precision': 0.7280907034873962, 'Recall': 0.6401845812797546, 'F-Score': 0.6813138723373413, 'True Positives': 15536.0, 'True Negatives': 626650.0, 'False Positives': 5802.0, 'False Negatives': 8732.0, 'BB-Loc': 0.2924642539147274, 'BB-IoU': 0.20853124017742733, 'Average-Loss': 0.07290583241216766}
Current Pareto Front Size: 1
Pareto Costs: (0.7017,0.2893,0.2300,1)

Epoch: 5, Average Loss: 0.02488958276808262
Validation Metrics: {'Accuracy': 0.9772247076034546, 'Precision': 0.7125508189201355, 'Recall': 0.6431102752685547, 'F-Score': 0.6760520935058594, 'True Positives': 15607.0, 'True Negatives': 626156.0, 'False Positives': 6296.0, 'False Negatives': 8661.0, 'BB-Loc': 0.29304218259153975, 'BB-IoU': 0.20325035332566854, 'Average-Loss': 0.07809956248893649}
Current Pareto Front Size: 2
Pareto Costs: (0.7017,0.2893,0.2300,1)(0.6761,0.2930,0.2033,6)

Epoch: 6, Average Loss: 0.02140074409544468
Validation Metrics: {'Accuracy': 0.9769734144210815, 'Precision': 0.7116933465003967, 'Recall': 0.6335091590881348, 'F-Score': 0.670329213142395, 'True Positives': 15374.0, 'True Negatives': 626224.0, 'False Positives': 6228.0, 'False Negatives': 8894.0, 'BB-Loc': 0.29333781571096623, 'BB-IoU': 0.19759379072548283, 'Average-Loss': 0.08264084131828918}
Current Pareto Front Size: 2
Pareto Costs: (0.7017,0.2893,0.2300,1)(0.6761,0.2930,0.2033,6)

Epoch: 7, Average Loss: 0.01876768097281456
Validation Metrics: {'Accuracy': 0.9767800569534302, 'Precision': 0.71142578125, 'Recall': 0.6252678632736206, 'F-Score': 0.665570080280304, 'True Positives': 15174.0, 'True Negatives': 626297.0, 'False Positives': 6155.0, 'False Negatives': 9094.0, 'BB-Loc': 0.2957554006492307, 'BB-IoU': 0.19454678276523843, 'Average-Loss': 0.08706085097268432}
Current Pareto Front Size: 2
Pareto Costs: (0.7017,0.2893,0.2300,1)(0.6761,0.2930,0.2033,6)

Epoch: 8, Average Loss: 0.016989221796393394
Validation Metrics: {'Accuracy': 0.97789466381073, 'Precision': 0.752760648727417, 'Recall': 0.5983187556266785, 'F-Score': 0.6667125821113586, 'True Positives': 14520.0, 'True Negatives': 627683.0, 'False Positives': 4769.0, 'False Negatives': 9748.0, 'BB-Loc': 0.29847527195017726, 'BB-IoU': 0.1929141286983247, 'Average-Loss': 0.0885094173179066}
Current Pareto Front Size: 3
Pareto Costs: (0.7017,0.2893,0.2300,1)(0.6761,0.2930,0.2033,6)(0.6667,0.2985,0.1929,9)

Epoch: 9, Average Loss: 0.014709968119859695
Validation Metrics: {'Accuracy': 0.9781641960144043, 'Precision': 0.7739514112472534, 'Recall': 0.577880322933197, 'F-Score': 0.66169673204422, 'True Positives': 14024.0, 'True Negatives': 628356.0, 'False Positives': 4096.0, 'False Negatives': 10244.0, 'BB-Loc': 0.29839514762336944, 'BB-IoU': 0.19061414546621425, 'Average-Loss': 0.09387005910409878}
Current Pareto Front Size: 3
Pareto Costs: (0.7017,0.2893,0.2300,1)(0.6761,0.2930,0.2033,6)(0.6667,0.2985,0.1929,9)
Loading test dataset from datasets/COCO2014/processed
Validation Metrics: {'Accuracy': 0.9782506227493286, 'Precision': 0.7644596099853516, 'Recall': 0.5716858506202698, 'F-Score': 0.6541664600372314, 'True Positives': 66654.0, 'True Negatives': 3103191.0, 'False Positives': 20537.0, 'False Negatives': 49938.0, 'BB-Loc': 0.304094968061269, 'BB-IoU': 0.1902461811140034, 'Average-Loss': 0.09340468362789014}
Validation Metrics: {'Accuracy': 0.9804713726043701, 'Precision': 0.789955735206604, 'Recall': 0.6228814721107483, 'F-Score': 0.6965399980545044, 'True Positives': 72623.0, 'True Negatives': 3104418.0, 'False Positives': 19310.0, 'False Negatives': 43969.0, 'BB-Loc': 0.2949048713022005, 'BB-IoU': 0.23105919478537548, 'Average-Loss': 0.058230821073420216}
