Attribution_method: BCos, Layer: Final, AdaptiveLambda: True, Lambda: 0.001, SimilarityThreshold: 0.97, NumGuidingPoints: 10.
loading bcos resnet50 model
Loading guiding points train dataset from datasets/COCO2014/processed
Loading guiding points validation dataset from datasets/COCO2014/processed
Train data size: 73872
Annotated: 73872, Total: 73872

Epoch: 0, Average Loss: 0.07769637554883957
Validation Metrics: {'Accuracy': 0.980366051197052, 'Precision': 0.8074386715888977, 'Recall': 0.6154606938362122, 'F-Score': 0.6984987854957581, 'True Positives': 14936.0, 'True Negatives': 628890.0, 'False Positives': 3562.0, 'False Negatives': 9332.0, 'BB-Loc': 0.26518452396492065, 'BB-IoU': 0.22506734907146464, 'Average-Loss': 0.05842460774521485}
Current Pareto Front Size: 1
Pareto Costs: (0.6985,0.2652,0.2251,1)

Epoch: 1, Average Loss: 0.07107184082269669
Validation Metrics: {'Accuracy': 0.9797082543373108, 'Precision': 0.7886766791343689, 'Recall': 0.615913987159729, 'F-Score': 0.6916705369949341, 'True Positives': 14947.0, 'True Negatives': 628447.0, 'False Positives': 4005.0, 'False Negatives': 9321.0, 'BB-Loc': 0.26297088005686536, 'BB-IoU': 0.20723063753150492, 'Average-Loss': 0.061373427748055674}
Current Pareto Front Size: 1
Pareto Costs: (0.6985,0.2652,0.2251,1)

Epoch: 2, Average Loss: 0.06621944904327393
Validation Metrics: {'Accuracy': 0.9788691997528076, 'Precision': 0.765171229839325, 'Recall': 0.6177682280540466, 'F-Score': 0.6836141347885132, 'True Positives': 14992.0, 'True Negatives': 627851.0, 'False Positives': 4601.0, 'False Negatives': 9276.0, 'BB-Loc': 0.2642455895813216, 'BB-IoU': 0.18838665659024822, 'Average-Loss': 0.06453873890734921}
Current Pareto Front Size: 1
Pareto Costs: (0.6985,0.2652,0.2251,1)

Epoch: 3, Average Loss: 0.06165589392185211
Validation Metrics: {'Accuracy': 0.9783636927604675, 'Precision': 0.7522696256637573, 'Recall': 0.618015468120575, 'F-Score': 0.6785658001899719, 'True Positives': 14998.0, 'True Negatives': 627513.0, 'False Positives': 4939.0, 'False Negatives': 9270.0, 'BB-Loc': 0.2651083503127794, 'BB-IoU': 0.17424268883276697, 'Average-Loss': 0.06720659384005455}
Current Pareto Front Size: 1
Pareto Costs: (0.6985,0.2652,0.2251,1)

Epoch: 4, Average Loss: 0.05728458613157272
Validation Metrics: {'Accuracy': 0.9769445061683655, 'Precision': 0.7165772914886475, 'Recall': 0.6221773624420166, 'F-Score': 0.6660491228103638, 'True Positives': 15099.0, 'True Negatives': 626480.0, 'False Positives': 5972.0, 'False Negatives': 9169.0, 'BB-Loc': 0.266117172708041, 'BB-IoU': 0.16281993506319217, 'Average-Loss': 0.07320570135424438}
Current Pareto Front Size: 1
Pareto Costs: (0.6985,0.2652,0.2251,1)

Epoch: 5, Average Loss: 0.05297181382775307
Validation Metrics: {'Accuracy': 0.9768988490104675, 'Precision': 0.7185832858085632, 'Recall': 0.6161612272262573, 'F-Score': 0.6634425520896912, 'True Positives': 14953.0, 'True Negatives': 626596.0, 'False Positives': 5856.0, 'False Negatives': 9315.0, 'BB-Loc': 0.26630927403884586, 'BB-IoU': 0.15190720972061397, 'Average-Loss': 0.0747354483979093}
Current Pareto Front Size: 1
Pareto Costs: (0.6985,0.2652,0.2251,1)

Epoch: 6, Average Loss: 0.048942919820547104
Validation Metrics: {'Accuracy': 0.9769780039787292, 'Precision': 0.7224410176277161, 'Recall': 0.6122053861618042, 'F-Score': 0.6627707481384277, 'True Positives': 14857.0, 'True Negatives': 626744.0, 'False Positives': 5708.0, 'False Negatives': 9411.0, 'BB-Loc': 0.26614694724186466, 'BB-IoU': 0.14507261929550935, 'Average-Loss': 0.07754670509192464}
Current Pareto Front Size: 1
Pareto Costs: (0.6985,0.2652,0.2251,1)

Epoch: 7, Average Loss: 0.045307707041502
Validation Metrics: {'Accuracy': 0.9770389199256897, 'Precision': 0.7367444634437561, 'Recall': 0.5891709327697754, 'F-Score': 0.6547452807426453, 'True Positives': 14298.0, 'True Negatives': 627343.0, 'False Positives': 5109.0, 'False Negatives': 9970.0, 'BB-Loc': 0.26665301395139135, 'BB-IoU': 0.13732223353802714, 'Average-Loss': 0.08206223227507536}
Current Pareto Front Size: 1
Pareto Costs: (0.6985,0.2652,0.2251,1)

Epoch: 8, Average Loss: 0.0426245853304863
Validation Metrics: {'Accuracy': 0.9752694964408875, 'Precision': 0.674811601638794, 'Recall': 0.6384127140045166, 'F-Score': 0.6561077237129211, 'True Positives': 15493.0, 'True Negatives': 624986.0, 'False Positives': 7466.0, 'False Negatives': 8775.0, 'BB-Loc': 0.2697259204596008, 'BB-IoU': 0.13719335350867506, 'Average-Loss': 0.08597304745791585}
Current Pareto Front Size: 2
Pareto Costs: (0.6985,0.2652,0.2251,1)(0.6561,0.2697,0.1372,9)

Epoch: 9, Average Loss: 0.040193766355514526
Validation Metrics: {'Accuracy': 0.9765242338180542, 'Precision': 0.7166495323181152, 'Recall': 0.6032223701477051, 'F-Score': 0.6550620794296265, 'True Positives': 14639.0, 'True Negatives': 626664.0, 'False Positives': 5788.0, 'False Negatives': 9629.0, 'BB-Loc': 0.2719862871412881, 'BB-IoU': 0.1309166693123614, 'Average-Loss': 0.08699025978834682}
Current Pareto Front Size: 2
Pareto Costs: (0.6985,0.2652,0.2251,1)(0.6561,0.2697,0.1372,9)
Loading test dataset from datasets/COCO2014/processed
Validation Metrics: {'Accuracy': 0.9768130779266357, 'Precision': 0.7124381065368652, 'Recall': 0.5962587594985962, 'F-Score': 0.6491915583610535, 'True Positives': 69519.0, 'True Negatives': 3095668.0, 'False Positives': 28060.0, 'False Negatives': 47073.0, 'BB-Loc': 0.27825461872471835, 'BB-IoU': 0.13060293814099486, 'Average-Loss': 0.08634530417231168}
Validation Metrics: {'Accuracy': 0.9804645776748657, 'Precision': 0.7985791563987732, 'Recall': 0.6112426519393921, 'F-Score': 0.692464292049408, 'True Positives': 71266.0, 'True Negatives': 3105753.0, 'False Positives': 17975.0, 'False Negatives': 45326.0, 'BB-Loc': 0.270774156924365, 'BB-IoU': 0.2262606629488573, 'Average-Loss': 0.05776916509933818}
