Attribution_method: BCos, Layer: Final, AdaptiveLambda: True, Lambda: 0.001, SimilarityThreshold: 0.95, NumGuidingPoints: 10.
loading bcos resnet50 model
Loading guiding points train dataset from datasets/COCO2014/processed
Loading guiding points validation dataset from datasets/COCO2014/processed
Train data size: 73872
Annotated: 73872, Total: 73872

Epoch: 0, Average Loss: 0.07748018205165863
Validation Metrics: {'Accuracy': 0.9803112149238586, 'Precision': 0.804359495639801, 'Recall': 0.6173561811447144, 'F-Score': 0.6985592246055603, 'True Positives': 14982.0, 'True Negatives': 628808.0, 'False Positives': 3644.0, 'False Negatives': 9286.0, 'BB-Loc': 0.2616601948052523, 'BB-IoU': 0.22511898226653357, 'Average-Loss': 0.058584320369482995}
Current Pareto Front Size: 1
Pareto Costs: (0.6986,0.2617,0.2251,1)

Epoch: 1, Average Loss: 0.07088570296764374
Validation Metrics: {'Accuracy': 0.9797919988632202, 'Precision': 0.7901123762130737, 'Recall': 0.6170677542686462, 'F-Score': 0.6929501891136169, 'True Positives': 14975.0, 'True Negatives': 628474.0, 'False Positives': 3978.0, 'False Negatives': 9293.0, 'BB-Loc': 0.25784782666155337, 'BB-IoU': 0.2082248962248678, 'Average-Loss': 0.06072535394591207}
Current Pareto Front Size: 1
Pareto Costs: (0.6986,0.2617,0.2251,1)

Epoch: 2, Average Loss: 0.06613528728485107
Validation Metrics: {'Accuracy': 0.9796214699745178, 'Precision': 0.785500705242157, 'Recall': 0.6170265078544617, 'F-Score': 0.6911448836326599, 'True Positives': 14974.0, 'True Negatives': 628363.0, 'False Positives': 4089.0, 'False Negatives': 9294.0, 'BB-Loc': 0.2572937431629026, 'BB-IoU': 0.19097959378621093, 'Average-Loss': 0.06207651237518463}
Current Pareto Front Size: 1
Pareto Costs: (0.6986,0.2617,0.2251,1)

Epoch: 3, Average Loss: 0.061629973351955414
Validation Metrics: {'Accuracy': 0.9788981676101685, 'Precision': 0.765182375907898, 'Recall': 0.6188808083534241, 'F-Score': 0.6842992305755615, 'True Positives': 15019.0, 'True Negatives': 627843.0, 'False Positives': 4609.0, 'False Negatives': 9249.0, 'BB-Loc': 0.25815480110944283, 'BB-IoU': 0.17658796927796078, 'Average-Loss': 0.06497288110384276}
Current Pareto Front Size: 1
Pareto Costs: (0.6986,0.2617,0.2251,1)

Epoch: 4, Average Loss: 0.057334013283252716
Validation Metrics: {'Accuracy': 0.9778352975845337, 'Precision': 0.7369705438613892, 'Recall': 0.6223009824752808, 'F-Score': 0.6747989058494568, 'True Positives': 15102.0, 'True Negatives': 627062.0, 'False Positives': 5390.0, 'False Negatives': 9166.0, 'BB-Loc': 0.2588970240982732, 'BB-IoU': 0.1640627645268407, 'Average-Loss': 0.06991762097823749}
Current Pareto Front Size: 1
Pareto Costs: (0.6986,0.2617,0.2251,1)
