Attribution_method: BCos, Layer: Final, AdaptiveLambda: True, Lambda: 0.0001, SimilarityThreshold: 0.97, NumGuidingPoints: 10.
loading bcos resnet50 model
Loading guiding points train dataset from datasets/COCO2014/processed
Loading guiding points validation dataset from datasets/COCO2014/processed
Train data size: 73872
Annotated: 73872, Total: 73872

Epoch: 0, Average Loss: 0.04610766842961311
Validation Metrics: {'Accuracy': 0.9803813099861145, 'Precision': 0.7994528412818909, 'Recall': 0.6261743903160095, 'F-Score': 0.7022830247879028, 'True Positives': 15196.0, 'True Negatives': 628640.0, 'False Positives': 3812.0, 'False Negatives': 9072.0, 'BB-Loc': 0.2900565324989829, 'BB-IoU': 0.22998608348455052, 'Average-Loss': 0.0586882860887964}
Current Pareto Front Size: 1
Pareto Costs: (0.7023,0.2901,0.2300,1)

Epoch: 1, Average Loss: 0.04121449962258339
Validation Metrics: {'Accuracy': 0.9798924922943115, 'Precision': 0.7849966287612915, 'Recall': 0.6278226375579834, 'F-Score': 0.6976669430732727, 'True Positives': 15236.0, 'True Negatives': 628279.0, 'False Positives': 4173.0, 'False Negatives': 9032.0, 'BB-Loc': 0.29124262885555874, 'BB-IoU': 0.22487822311875735, 'Average-Loss': 0.061100565133946926}
Current Pareto Front Size: 1
Pareto Costs: (0.7023,0.2901,0.2300,1)

Epoch: 2, Average Loss: 0.036952435970306396
Validation Metrics: {'Accuracy': 0.9793016910552979, 'Precision': 0.7691221833229065, 'Recall': 0.6285643577575684, 'F-Score': 0.6917756795883179, 'True Positives': 15254.0, 'True Negatives': 627873.0, 'False Positives': 4579.0, 'False Negatives': 9014.0, 'BB-Loc': 0.2924844993528991, 'BB-IoU': 0.21950027467040864, 'Average-Loss': 0.06418564915293999}
Current Pareto Front Size: 1
Pareto Costs: (0.7023,0.2901,0.2300,1)

Epoch: 3, Average Loss: 0.03278890624642372
Validation Metrics: {'Accuracy': 0.97861647605896, 'Precision': 0.7487229108810425, 'Recall': 0.6341684460639954, 'F-Score': 0.6867009997367859, 'True Positives': 15390.0, 'True Negatives': 627287.0, 'False Positives': 5165.0, 'False Negatives': 8878.0, 'BB-Loc': 0.2934996355513241, 'BB-IoU': 0.2137436184308327, 'Average-Loss': 0.06819716788250224}
Current Pareto Front Size: 2
Pareto Costs: (0.7023,0.2901,0.2300,1)(0.6867,0.2935,0.2137,4)

Epoch: 4, Average Loss: 0.028764527291059494
Validation Metrics: {'Accuracy': 0.9779921174049377, 'Precision': 0.7317591309547424, 'Recall': 0.638495147228241, 'F-Score': 0.6819531917572021, 'True Positives': 15495.0, 'True Negatives': 626772.0, 'False Positives': 5680.0, 'False Negatives': 8773.0, 'BB-Loc': 0.2938870137545004, 'BB-IoU': 0.20835561579995643, 'Average-Loss': 0.07269201233378571}
Current Pareto Front Size: 2
Pareto Costs: (0.7023,0.2901,0.2300,1)(0.6867,0.2935,0.2137,4)

Epoch: 5, Average Loss: 0.024909423664212227
Validation Metrics: {'Accuracy': 0.9771775007247925, 'Precision': 0.7117561101913452, 'Recall': 0.6426569819450378, 'F-Score': 0.6754438877105713, 'True Positives': 15596.0, 'True Negatives': 626136.0, 'False Positives': 6316.0, 'False Negatives': 8672.0, 'BB-Loc': 0.29464398841351647, 'BB-IoU': 0.20303785089242196, 'Average-Loss': 0.07838478790071302}
Current Pareto Front Size: 2
Pareto Costs: (0.7023,0.2901,0.2300,1)(0.6867,0.2935,0.2137,4)

Epoch: 6, Average Loss: 0.021419338881969452
Validation Metrics: {'Accuracy': 0.9771044254302979, 'Precision': 0.7142392992973328, 'Recall': 0.6341272592544556, 'F-Score': 0.67180335521698, 'True Positives': 15389.0, 'True Negatives': 626295.0, 'False Positives': 6157.0, 'False Negatives': 8879.0, 'BB-Loc': 0.29476997531859694, 'BB-IoU': 0.19698156020698937, 'Average-Loss': 0.08254206719330535}
Current Pareto Front Size: 2
Pareto Costs: (0.7023,0.2901,0.2300,1)(0.6867,0.2935,0.2137,4)

Epoch: 7, Average Loss: 0.01883593574166298
Validation Metrics: {'Accuracy': 0.9767633080482483, 'Precision': 0.7115547060966492, 'Recall': 0.6242376565933228, 'F-Score': 0.6650423407554626, 'True Positives': 15149.0, 'True Negatives': 626311.0, 'False Positives': 6141.0, 'False Negatives': 9119.0, 'BB-Loc': 0.2967012398200498, 'BB-IoU': 0.19438634060683269, 'Average-Loss': 0.08680400925063668}
Current Pareto Front Size: 2
Pareto Costs: (0.7023,0.2901,0.2300,1)(0.6867,0.2935,0.2137,4)

Epoch: 8, Average Loss: 0.01703193224966526
Validation Metrics: {'Accuracy': 0.9779845476150513, 'Precision': 0.7564303874969482, 'Recall': 0.5962172150611877, 'F-Score': 0.6668356657028198, 'True Positives': 14469.0, 'True Negatives': 627793.0, 'False Positives': 4659.0, 'False Negatives': 9799.0, 'BB-Loc': 0.30009439373038127, 'BB-IoU': 0.19321238787754963, 'Average-Loss': 0.08848760816063161}
Current Pareto Front Size: 3
Pareto Costs: (0.7023,0.2901,0.2300,1)(0.6867,0.2935,0.2137,4)(0.6668,0.3001,0.1932,9)

Epoch: 9, Average Loss: 0.014711053110659122
Validation Metrics: {'Accuracy': 0.9782083630561829, 'Precision': 0.7733787298202515, 'Recall': 0.5803527235984802, 'F-Score': 0.6631041169166565, 'True Positives': 14084.0, 'True Negatives': 628325.0, 'False Positives': 4127.0, 'False Negatives': 10184.0, 'BB-Loc': 0.30046575665371744, 'BB-IoU': 0.1906806905063867, 'Average-Loss': 0.09374159084398602}
Current Pareto Front Size: 3
Pareto Costs: (0.7023,0.2901,0.2300,1)(0.6867,0.2935,0.2137,4)(0.6668,0.3001,0.1932,9)
Loading test dataset from datasets/COCO2014/processed
Validation Metrics: {'Accuracy': 0.9782623052597046, 'Precision': 0.7632224559783936, 'Recall': 0.5739158987998962, 'F-Score': 0.6551685333251953, 'True Positives': 66914.0, 'True Negatives': 3102969.0, 'False Positives': 20759.0, 'False Negatives': 49678.0, 'BB-Loc': 0.3061294611338131, 'BB-IoU': 0.19016286767859988, 'Average-Loss': 0.09340073255689252}
Validation Metrics: {'Accuracy': 0.9804760217666626, 'Precision': 0.7901540994644165, 'Recall': 0.6227871775627136, 'F-Score': 0.6965580582618713, 'True Positives': 72612.0, 'True Negatives': 3104444.0, 'False Positives': 19284.0, 'False Negatives': 43980.0, 'BB-Loc': 0.2956144277632834, 'BB-IoU': 0.231036237339867, 'Average-Loss': 0.05821636395093694}
