Attribution_method: BCos, Layer: Final, AdaptiveLambda: True, Lambda: 0.001, SimilarityThreshold: 0.95, NumGuidingPoints: 50.
loading bcos resnet50 model
Loading guiding points train dataset from datasets/COCO2014/processed
Loading guiding points validation dataset from datasets/COCO2014/processed
Train data size: 73872
Annotated: 73872, Total: 73872

Epoch: 0, Average Loss: 0.07520348578691483
Validation Metrics: {'Accuracy': 0.980430006980896, 'Precision': 0.8059605360031128, 'Recall': 0.6195813417434692, 'F-Score': 0.7005870938301086, 'True Positives': 15036.0, 'True Negatives': 628832.0, 'False Positives': 3620.0, 'False Negatives': 9232.0, 'BB-Loc': 0.27319016724367373, 'BB-IoU': 0.23030756791184945, 'Average-Loss': 0.058423408827082884}
Current Pareto Front Size: 1
Pareto Costs: (0.7006,0.2732,0.2303,1)

Epoch: 1, Average Loss: 0.06916972994804382
Validation Metrics: {'Accuracy': 0.9800264835357666, 'Precision': 0.7930925488471985, 'Recall': 0.62168288230896, 'F-Score': 0.6970040202140808, 'True Positives': 15087.0, 'True Negatives': 628516.0, 'False Positives': 3936.0, 'False Negatives': 9181.0, 'BB-Loc': 0.27128432556704657, 'BB-IoU': 0.21305826714507256, 'Average-Loss': 0.060344198354488024}
Current Pareto Front Size: 1
Pareto Costs: (0.7006,0.2732,0.2303,1)

Epoch: 2, Average Loss: 0.06455542147159576
Validation Metrics: {'Accuracy': 0.9793534278869629, 'Precision': 0.7773059010505676, 'Recall': 0.6184687614440918, 'F-Score': 0.6888496279716492, 'True Positives': 15009.0, 'True Negatives': 628152.0, 'False Positives': 4300.0, 'False Negatives': 9259.0, 'BB-Loc': 0.27083130593140126, 'BB-IoU': 0.1945251504994106, 'Average-Loss': 0.06307505504093734}
Current Pareto Front Size: 1
Pareto Costs: (0.7006,0.2732,0.2303,1)

Epoch: 3, Average Loss: 0.06015755236148834
Validation Metrics: {'Accuracy': 0.9783118963241577, 'Precision': 0.747006356716156, 'Recall': 0.6246497631072998, 'F-Score': 0.6803707480430603, 'True Positives': 15159.0, 'True Negatives': 627318.0, 'False Positives': 5134.0, 'False Negatives': 9109.0, 'BB-Loc': 0.2710974996961721, 'BB-IoU': 0.1784831408584321, 'Average-Loss': 0.06790082320209716}
Current Pareto Front Size: 1
Pareto Costs: (0.7006,0.2732,0.2303,1)

Epoch: 4, Average Loss: 0.05595622956752777
Validation Metrics: {'Accuracy': 0.9775490164756775, 'Precision': 0.727281391620636, 'Recall': 0.6279050707817078, 'F-Score': 0.6739495992660522, 'True Positives': 15238.0, 'True Negatives': 626738.0, 'False Positives': 5714.0, 'False Negatives': 9030.0, 'BB-Loc': 0.27099761197462663, 'BB-IoU': 0.16644089137120202, 'Average-Loss': 0.07184046818373888}
Current Pareto Front Size: 1
Pareto Costs: (0.7006,0.2732,0.2303,1)

Epoch: 5, Average Loss: 0.05186640843749046
Validation Metrics: {'Accuracy': 0.9769049286842346, 'Precision': 0.7154490947723389, 'Recall': 0.6226718425750732, 'F-Score': 0.6658441424369812, 'True Positives': 15111.0, 'True Negatives': 626442.0, 'False Positives': 6010.0, 'False Negatives': 9157.0, 'BB-Loc': 0.27037618479855013, 'BB-IoU': 0.15456949585171542, 'Average-Loss': 0.07607484627676178}
Current Pareto Front Size: 1
Pareto Costs: (0.7006,0.2732,0.2303,1)

Epoch: 6, Average Loss: 0.048043496906757355
Validation Metrics: {'Accuracy': 0.9765623211860657, 'Precision': 0.7070541977882385, 'Recall': 0.6244848966598511, 'F-Score': 0.6632094979286194, 'True Positives': 15155.0, 'True Negatives': 626173.0, 'False Positives': 6279.0, 'False Negatives': 9113.0, 'BB-Loc': 0.2684694199111178, 'BB-IoU': 0.14527787019514266, 'Average-Loss': 0.07909009749684036}
Current Pareto Front Size: 1
Pareto Costs: (0.7006,0.2732,0.2303,1)

Epoch: 7, Average Loss: 0.04455660656094551
Validation Metrics: {'Accuracy': 0.9763719439506531, 'Precision': 0.7020736336708069, 'Recall': 0.6264216303825378, 'F-Score': 0.6620935797691345, 'True Positives': 15202.0, 'True Negatives': 626001.0, 'False Positives': 6451.0, 'False Negatives': 9066.0, 'BB-Loc': 0.2671437974924396, 'BB-IoU': 0.13717685162792687, 'Average-Loss': 0.08241369930773389}
Current Pareto Front Size: 1
Pareto Costs: (0.7006,0.2732,0.2303,1)

Epoch: 8, Average Loss: 0.042086005210876465
Validation Metrics: {'Accuracy': 0.9754705429077148, 'Precision': 0.6754095554351807, 'Recall': 0.6472721099853516, 'F-Score': 0.6610415577888489, 'True Positives': 15708.0, 'True Negatives': 624903.0, 'False Positives': 7549.0, 'False Negatives': 8560.0, 'BB-Loc': 0.26682553578943435, 'BB-IoU': 0.13294147500909265, 'Average-Loss': 0.08695246877355456}
Current Pareto Front Size: 1
Pareto Costs: (0.7006,0.2732,0.2303,1)

Epoch: 9, Average Loss: 0.039877764880657196
Validation Metrics: {'Accuracy': 0.9771561622619629, 'Precision': 0.7363293170928955, 'Recall': 0.5948162078857422, 'F-Score': 0.6580507159233093, 'True Positives': 14435.0, 'True Negatives': 627283.0, 'False Positives': 5169.0, 'False Negatives': 9833.0, 'BB-Loc': 0.26628684556818666, 'BB-IoU': 0.1231874090916256, 'Average-Loss': 0.08711470191408154}
Current Pareto Front Size: 1
Pareto Costs: (0.7006,0.2732,0.2303,1)
Loading test dataset from datasets/COCO2014/processed
Validation Metrics: {'Accuracy': 0.97714763879776, 'Precision': 0.7244421243667603, 'Recall': 0.5888826251029968, 'F-Score': 0.6496662497520447, 'True Positives': 68659.0, 'True Negatives': 3097612.0, 'False Positives': 26116.0, 'False Negatives': 47933.0, 'BB-Loc': 0.27340422700053496, 'BB-IoU': 0.12282397868052361, 'Average-Loss': 0.08670790761020516}
Validation Metrics: {'Accuracy': 0.9805062413215637, 'Precision': 0.7966397404670715, 'Recall': 0.6152995228767395, 'F-Score': 0.6943245530128479, 'True Positives': 71739.0, 'True Negatives': 3105415.0, 'False Positives': 18313.0, 'False Negatives': 44853.0, 'BB-Loc': 0.2789787930763266, 'BB-IoU': 0.23179787859620388, 'Average-Loss': 0.05779932253025936}
