Attribution_method: BCos, Layer: Final, AdaptiveLambda: True, Lambda: 0.001, SimilarityThreshold: 0.95, NumGuidingPoints: 50.
loading bcos resnet50 model
Loading guiding points train dataset from datasets/COCO2014/processed
Loading guiding points validation dataset from datasets/COCO2014/processed
Train data size: 73872
Annotated: 73872, Total: 73872

Epoch: 0, Average Loss: 0.07520043104887009
Validation Metrics: {'Accuracy': 0.9804025888442993, 'Precision': 0.8043687343597412, 'Recall': 0.6206114888191223, 'F-Score': 0.7006419897079468, 'True Positives': 15061.0, 'True Negatives': 628789.0, 'False Positives': 3663.0, 'False Negatives': 9207.0, 'BB-Loc': 0.27298410440430565, 'BB-IoU': 0.23013112625558063, 'Average-Loss': 0.05842845543596396}
Current Pareto Front Size: 1
Pareto Costs: (0.7006,0.2730,0.2301,1)

Epoch: 1, Average Loss: 0.06916383653879166
Validation Metrics: {'Accuracy': 0.9799960255622864, 'Precision': 0.792474627494812, 'Recall': 0.6213944554328918, 'F-Score': 0.6965840458869934, 'True Positives': 15080.0, 'True Negatives': 628503.0, 'False Positives': 3949.0, 'False Negatives': 9188.0, 'BB-Loc': 0.27128133399232784, 'BB-IoU': 0.21263728413217564, 'Average-Loss': 0.060390716378008316}
Current Pareto Front Size: 1
Pareto Costs: (0.7006,0.2730,0.2301,1)

Epoch: 2, Average Loss: 0.06453027576208115
Validation Metrics: {'Accuracy': 0.9793412685394287, 'Precision': 0.7750192880630493, 'Recall': 0.6213120222091675, 'F-Score': 0.6897056698799133, 'True Positives': 15078.0, 'True Negatives': 628075.0, 'False Positives': 4377.0, 'False Negatives': 9190.0, 'BB-Loc': 0.2706643217445798, 'BB-IoU': 0.1938936846603257, 'Average-Loss': 0.06295477845866579}
Current Pareto Front Size: 1
Pareto Costs: (0.7006,0.2730,0.2301,1)

Epoch: 3, Average Loss: 0.06011010706424713
Validation Metrics: {'Accuracy': 0.9784626364707947, 'Precision': 0.7502966523170471, 'Recall': 0.6252678632736206, 'F-Score': 0.6821001768112183, 'True Positives': 15174.0, 'True Negatives': 627402.0, 'False Positives': 5050.0, 'False Negatives': 9094.0, 'BB-Loc': 0.27074782366416555, 'BB-IoU': 0.17804985686620461, 'Average-Loss': 0.06702037676052484}
Current Pareto Front Size: 1
Pareto Costs: (0.7006,0.2730,0.2301,1)

Epoch: 4, Average Loss: 0.055923640727996826
Validation Metrics: {'Accuracy': 0.9776099324226379, 'Precision': 0.7294185161590576, 'Recall': 0.6265040636062622, 'F-Score': 0.6740556955337524, 'True Positives': 15204.0, 'True Negatives': 626812.0, 'False Positives': 5640.0, 'False Negatives': 9064.0, 'BB-Loc': 0.2708653941371739, 'BB-IoU': 0.16617486274824522, 'Average-Loss': 0.07152759516220288}
Current Pareto Front Size: 1
Pareto Costs: (0.7006,0.2730,0.2301,1)

Epoch: 5, Average Loss: 0.0518011748790741
Validation Metrics: {'Accuracy': 0.9770038723945618, 'Precision': 0.7159144282341003, 'Recall': 0.6261743903160095, 'F-Score': 0.6680441498756409, 'True Positives': 15196.0, 'True Negatives': 626422.0, 'False Positives': 6030.0, 'False Negatives': 9072.0, 'BB-Loc': 0.2705018110188065, 'BB-IoU': 0.15453853404655393, 'Average-Loss': 0.0756040785254275}
Current Pareto Front Size: 1
Pareto Costs: (0.7006,0.2730,0.2301,1)

Epoch: 6, Average Loss: 0.04796653240919113
Validation Metrics: {'Accuracy': 0.9767115116119385, 'Precision': 0.7090477347373962, 'Recall': 0.627122163772583, 'F-Score': 0.6655733585357666, 'True Positives': 15219.0, 'True Negatives': 626207.0, 'False Positives': 6245.0, 'False Negatives': 9049.0, 'BB-Loc': 0.2682505573834358, 'BB-IoU': 0.14506123278795877, 'Average-Loss': 0.079064836570618}
Current Pareto Front Size: 1
Pareto Costs: (0.7006,0.2730,0.2301,1)

Epoch: 7, Average Loss: 0.04450896009802818
Validation Metrics: {'Accuracy': 0.9761785864830017, 'Precision': 0.6950954794883728, 'Recall': 0.6330558657646179, 'F-Score': 0.6626266837120056, 'True Positives': 15363.0, 'True Negatives': 625713.0, 'False Positives': 6739.0, 'False Negatives': 8905.0, 'BB-Loc': 0.2654433154649683, 'BB-IoU': 0.13509540202944031, 'Average-Loss': 0.08329664953647482}
Current Pareto Front Size: 1
Pareto Costs: (0.7006,0.2730,0.2301,1)

Epoch: 8, Average Loss: 0.041858647018671036
Validation Metrics: {'Accuracy': 0.9749726057052612, 'Precision': 0.6646485328674316, 'Recall': 0.6513927578926086, 'F-Score': 0.6579538583755493, 'True Positives': 15808.0, 'True Negatives': 624476.0, 'False Positives': 7976.0, 'False Negatives': 8460.0, 'BB-Loc': 0.26547036298963156, 'BB-IoU': 0.13103461079362186, 'Average-Loss': 0.0879556342445696}
Current Pareto Front Size: 1
Pareto Costs: (0.7006,0.2730,0.2301,1)

Epoch: 9, Average Loss: 0.03984302654862404
Validation Metrics: {'Accuracy': 0.9764100313186646, 'Precision': 0.7086741328239441, 'Recall': 0.6140596866607666, 'F-Score': 0.6579830646514893, 'True Positives': 14902.0, 'True Negatives': 626326.0, 'False Positives': 6126.0, 'False Negatives': 9366.0, 'BB-Loc': 0.26549278603866483, 'BB-IoU': 0.12306310798542228, 'Average-Loss': 0.08829883710666266}
Current Pareto Front Size: 1
Pareto Costs: (0.7006,0.2730,0.2301,1)
Loading test dataset from datasets/COCO2014/processed
Validation Metrics: {'Accuracy': 0.9765059947967529, 'Precision': 0.7007381916046143, 'Recall': 0.6057534217834473, 'F-Score': 0.6497929692268372, 'True Positives': 70626.0, 'True Negatives': 3093566.0, 'False Positives': 30162.0, 'False Negatives': 45966.0, 'BB-Loc': 0.2725034977950877, 'BB-IoU': 0.12291413009088208, 'Average-Loss': 0.08791093187748432}
Validation Metrics: {'Accuracy': 0.9804806113243103, 'Precision': 0.7955323457717896, 'Recall': 0.6157884001731873, 'F-Score': 0.694214403629303, 'True Positives': 71796.0, 'True Negatives': 3105275.0, 'False Positives': 18453.0, 'False Negatives': 44796.0, 'BB-Loc': 0.2787595578539329, 'BB-IoU': 0.23158320741545774, 'Average-Loss': 0.05780480611048831}
