Attribution_method: BCos, Layer: Final, AdaptiveLambda: True, Lambda: 0.0001, SimilarityThreshold: 0.97, NumGuidingPoints: 50.
loading bcos resnet50 model
Loading guiding points train dataset from datasets/COCO2014/processed
Loading guiding points validation dataset from datasets/COCO2014/processed
Train data size: 73872
Annotated: 73872, Total: 73872

Epoch: 0, Average Loss: 0.04562830179929733
Validation Metrics: {'Accuracy': 0.9803341031074524, 'Precision': 0.7985903024673462, 'Recall': 0.6255974769592285, 'F-Score': 0.7015873789787292, 'True Positives': 15182.0, 'True Negatives': 628623.0, 'False Positives': 3829.0, 'False Negatives': 9086.0, 'BB-Loc': 0.2928446239534696, 'BB-IoU': 0.22899114630083986, 'Average-Loss': 0.05876439229654095}
Current Pareto Front Size: 1
Pareto Costs: (0.7016,0.2928,0.2290,1)

Epoch: 1, Average Loss: 0.04073828086256981
Validation Metrics: {'Accuracy': 0.9798803329467773, 'Precision': 0.7849079966545105, 'Recall': 0.6274930238723755, 'F-Score': 0.6974284052848816, 'True Positives': 15228.0, 'True Negatives': 628279.0, 'False Positives': 4173.0, 'False Negatives': 9040.0, 'BB-Loc': 0.2948180187276127, 'BB-IoU': 0.22358731413422092, 'Average-Loss': 0.06122096439621338}
Current Pareto Front Size: 1
Pareto Costs: (0.7016,0.2928,0.2290,1)

Epoch: 2, Average Loss: 0.0364687405526638
Validation Metrics: {'Accuracy': 0.9793351888656616, 'Precision': 0.7694594264030457, 'Recall': 0.6293472647666931, 'F-Score': 0.6923861503601074, 'True Positives': 15273.0, 'True Negatives': 627876.0, 'False Positives': 4576.0, 'False Negatives': 8995.0, 'BB-Loc': 0.2967988225833244, 'BB-IoU': 0.21829852741842498, 'Average-Loss': 0.06431006339685767}
Current Pareto Front Size: 1
Pareto Costs: (0.7016,0.2928,0.2290,1)

Epoch: 3, Average Loss: 0.03230428695678711
Validation Metrics: {'Accuracy': 0.9785433411598206, 'Precision': 0.7468109130859375, 'Recall': 0.6344568729400635, 'F-Score': 0.6860643625259399, 'True Positives': 15397.0, 'True Negatives': 627232.0, 'False Positives': 5220.0, 'False Negatives': 8871.0, 'BB-Loc': 0.2982470243299675, 'BB-IoU': 0.21273635489660014, 'Average-Loss': 0.06837530481145884}
Current Pareto Front Size: 2
Pareto Costs: (0.7016,0.2928,0.2290,1)(0.6861,0.2982,0.2127,4)

Epoch: 4, Average Loss: 0.028281962499022484
Validation Metrics: {'Accuracy': 0.97797691822052, 'Precision': 0.7303481698036194, 'Recall': 0.6405142545700073, 'F-Score': 0.6824877858161926, 'True Positives': 15544.0, 'True Negatives': 626713.0, 'False Positives': 5739.0, 'False Negatives': 8724.0, 'BB-Loc': 0.29906688556512545, 'BB-IoU': 0.20752717659260375, 'Average-Loss': 0.07298322675985865}
Current Pareto Front Size: 2
Pareto Costs: (0.7016,0.2928,0.2290,1)(0.6861,0.2982,0.2127,4)

Epoch: 5, Average Loss: 0.02443915419280529
Validation Metrics: {'Accuracy': 0.9772840738296509, 'Precision': 0.7139979600906372, 'Recall': 0.6427394151687622, 'F-Score': 0.6764973998069763, 'True Positives': 15598.0, 'True Negatives': 626204.0, 'False Positives': 6248.0, 'False Negatives': 8670.0, 'BB-Loc': 0.30036355923098096, 'BB-IoU': 0.20239058114787248, 'Average-Loss': 0.07837531365928878}
Current Pareto Front Size: 2
Pareto Costs: (0.7016,0.2928,0.2290,1)(0.6861,0.2982,0.2127,4)

Epoch: 6, Average Loss: 0.02098514325916767
Validation Metrics: {'Accuracy': 0.9768821001052856, 'Precision': 0.7069892287254333, 'Recall': 0.6394016742706299, 'F-Score': 0.6714990735054016, 'True Positives': 15517.0, 'True Negatives': 626021.0, 'False Positives': 6431.0, 'False Negatives': 8751.0, 'BB-Loc': 0.3011506245053855, 'BB-IoU': 0.19752448467864867, 'Average-Loss': 0.08326289023242402}
Current Pareto Front Size: 2
Pareto Costs: (0.7016,0.2928,0.2290,1)(0.6861,0.2982,0.2127,4)

Epoch: 7, Average Loss: 0.018465720117092133
Validation Metrics: {'Accuracy': 0.9772368669509888, 'Precision': 0.7262881994247437, 'Recall': 0.6162436008453369, 'F-Score': 0.6667558550834656, 'True Positives': 14955.0, 'True Negatives': 626816.0, 'False Positives': 5636.0, 'False Negatives': 9313.0, 'BB-Loc': 0.3047652156204788, 'BB-IoU': 0.19489411572558524, 'Average-Loss': 0.08631476143097991}
Current Pareto Front Size: 3
Pareto Costs: (0.7016,0.2928,0.2290,1)(0.6861,0.2982,0.2127,4)(0.6668,0.3048,0.1949,8)

Epoch: 8, Average Loss: 0.01659196987748146
Validation Metrics: {'Accuracy': 0.9779829978942871, 'Precision': 0.7595934867858887, 'Recall': 0.5913548469543457, 'F-Score': 0.664998471736908, 'True Positives': 14351.0, 'True Negatives': 627910.0, 'False Positives': 4542.0, 'False Negatives': 9917.0, 'BB-Loc': 0.3075659308277371, 'BB-IoU': 0.1938871755828751, 'Average-Loss': 0.0892248535899765}
Current Pareto Front Size: 3
Pareto Costs: (0.7016,0.2928,0.2290,1)(0.6861,0.2982,0.2127,4)(0.6650,0.3076,0.1939,9)

Epoch: 9, Average Loss: 0.014271513558924198
Validation Metrics: {'Accuracy': 0.9782494902610779, 'Precision': 0.7697795033454895, 'Recall': 0.5869457721710205, 'F-Score': 0.666043221950531, 'True Positives': 14244.0, 'True Negatives': 628192.0, 'False Positives': 4260.0, 'False Negatives': 10024.0, 'BB-Loc': 0.30827196997107964, 'BB-IoU': 0.19151603339631904, 'Average-Loss': 0.0937498884727319}
Current Pareto Front Size: 3
Pareto Costs: (0.7016,0.2928,0.2290,1)(0.6861,0.2982,0.2127,4)(0.6650,0.3076,0.1939,9)
Loading test dataset from datasets/COCO2014/processed
Validation Metrics: {'Accuracy': 0.9782675504684448, 'Precision': 0.7592534422874451, 'Recall': 0.5798854231834412, 'F-Score': 0.6575568914413452, 'True Positives': 67610.0, 'True Negatives': 3102290.0, 'False Positives': 21438.0, 'False Negatives': 48982.0, 'BB-Loc': 0.31389881308112355, 'BB-IoU': 0.19135374994805876, 'Average-Loss': 0.09334585154784095}
Validation Metrics: {'Accuracy': 0.9804664254188538, 'Precision': 0.7899317741394043, 'Recall': 0.62272709608078, 'F-Score': 0.6964341402053833, 'True Positives': 72605.0, 'True Negatives': 3104420.0, 'False Positives': 19308.0, 'False Negatives': 43987.0, 'BB-Loc': 0.29840130980813623, 'BB-IoU': 0.23006647224155907, 'Average-Loss': 0.0582983554551518}
