Attribution_method: BCos, Layer: Final, AdaptiveLambda: True, Lambda: 0.001, SimilarityThreshold: 0.9, NumGuidingPoints: 50.
loading bcos resnet50 model
Loading guiding points train dataset from datasets/COCO2014/processed
Loading guiding points validation dataset from datasets/COCO2014/processed
Train data size: 73872
Annotated: 73872, Total: 73872

Epoch: 0, Average Loss: 0.07434902340173721
Validation Metrics: {'Accuracy': 0.9803904294967651, 'Precision': 0.8033127188682556, 'Recall': 0.621518075466156, 'F-Score': 0.7008177638053894, 'True Positives': 15083.0, 'True Negatives': 628759.0, 'False Positives': 3693.0, 'False Negatives': 9185.0, 'BB-Loc': 0.27111930152133895, 'BB-IoU': 0.2318357949994372, 'Average-Loss': 0.05857009506643813}
Current Pareto Front Size: 1
Pareto Costs: (0.7008,0.2711,0.2318,1)

Epoch: 1, Average Loss: 0.06845808774232864
Validation Metrics: {'Accuracy': 0.9799381494522095, 'Precision': 0.7904382944107056, 'Recall': 0.6220125555992126, 'F-Score': 0.6961835622787476, 'True Positives': 15095.0, 'True Negatives': 628450.0, 'False Positives': 4002.0, 'False Negatives': 9173.0, 'BB-Loc': 0.2665317151530119, 'BB-IoU': 0.21476327914428778, 'Average-Loss': 0.06052797856320996}
Current Pareto Front Size: 1
Pareto Costs: (0.7008,0.2711,0.2318,1)

Epoch: 2, Average Loss: 0.06391983479261398
Validation Metrics: {'Accuracy': 0.9793184399604797, 'Precision': 0.7743658423423767, 'Recall': 0.6213944554328918, 'F-Score': 0.6894975304603577, 'True Positives': 15080.0, 'True Negatives': 628058.0, 'False Positives': 4394.0, 'False Negatives': 9188.0, 'BB-Loc': 0.26365882861147594, 'BB-IoU': 0.1988398616092854, 'Average-Loss': 0.063319517236227}
Current Pareto Front Size: 1
Pareto Costs: (0.7008,0.2711,0.2318,1)

Epoch: 3, Average Loss: 0.05959920957684517
Validation Metrics: {'Accuracy': 0.9784778952598572, 'Precision': 0.7494338750839233, 'Recall': 0.6273281574249268, 'F-Score': 0.6829662322998047, 'True Positives': 15224.0, 'True Negatives': 627362.0, 'False Positives': 5090.0, 'False Negatives': 9044.0, 'BB-Loc': 0.26188100987751434, 'BB-IoU': 0.18362836482659944, 'Average-Loss': 0.0669739256533654}
Current Pareto Front Size: 1
Pareto Costs: (0.7008,0.2711,0.2318,1)

Epoch: 4, Average Loss: 0.055471453815698624
Validation Metrics: {'Accuracy': 0.9778185486793518, 'Precision': 0.7344256043434143, 'Recall': 0.6261743903160095, 'F-Score': 0.6759936809539795, 'True Positives': 15196.0, 'True Negatives': 626957.0, 'False Positives': 5495.0, 'False Negatives': 9072.0, 'BB-Loc': 0.260431385923706, 'BB-IoU': 0.1705612870200519, 'Average-Loss': 0.07133141869763274}
Current Pareto Front Size: 1
Pareto Costs: (0.7008,0.2711,0.2318,1)

Epoch: 5, Average Loss: 0.05145978182554245
Validation Metrics: {'Accuracy': 0.977052628993988, 'Precision': 0.7142457962036133, 'Recall': 0.6317784786224365, 'F-Score': 0.6704858541488647, 'True Positives': 15332.0, 'True Negatives': 626318.0, 'False Positives': 6134.0, 'False Negatives': 8936.0, 'BB-Loc': 0.26077536192855966, 'BB-IoU': 0.15973404694832427, 'Average-Loss': 0.07541334459154014}
Current Pareto Front Size: 1
Pareto Costs: (0.7008,0.2711,0.2318,1)

Epoch: 6, Average Loss: 0.04765525087714195
Validation Metrics: {'Accuracy': 0.9765942692756653, 'Precision': 0.7032299041748047, 'Recall': 0.6342920660972595, 'F-Score': 0.6669844388961792, 'True Positives': 15393.0, 'True Negatives': 625956.0, 'False Positives': 6496.0, 'False Negatives': 8875.0, 'BB-Loc': 0.2581084565699308, 'BB-IoU': 0.14856350448843755, 'Average-Loss': 0.07945421729806366}
Current Pareto Front Size: 1
Pareto Costs: (0.7008,0.2711,0.2318,1)

Epoch: 7, Average Loss: 0.0442744679749012
Validation Metrics: {'Accuracy': 0.9759441018104553, 'Precision': 0.6891300678253174, 'Recall': 0.6358579397201538, 'F-Score': 0.6614230871200562, 'True Positives': 15431.0, 'True Negatives': 625491.0, 'False Positives': 6961.0, 'False Negatives': 8837.0, 'BB-Loc': 0.2568576446884613, 'BB-IoU': 0.13874707383835552, 'Average-Loss': 0.08348798571760986}
Current Pareto Front Size: 1
Pareto Costs: (0.7008,0.2711,0.2318,1)

Epoch: 8, Average Loss: 0.04180759936571121
Validation Metrics: {'Accuracy': 0.9757065176963806, 'Precision': 0.6849199533462524, 'Recall': 0.6344568729400635, 'F-Score': 0.6587233543395996, 'True Positives': 15397.0, 'True Negatives': 625369.0, 'False Positives': 7083.0, 'False Negatives': 8871.0, 'BB-Loc': 0.2568685568866385, 'BB-IoU': 0.1328486152195659, 'Average-Loss': 0.08735606365131829}
Current Pareto Front Size: 1
Pareto Costs: (0.7008,0.2711,0.2318,1)

Epoch: 9, Average Loss: 0.03960716351866722
Validation Metrics: {'Accuracy': 0.9769795536994934, 'Precision': 0.7308973670005798, 'Recall': 0.596752941608429, 'F-Score': 0.657048225402832, 'True Positives': 14482.0, 'True Negatives': 627120.0, 'False Positives': 5332.0, 'False Negatives': 9786.0, 'BB-Loc': 0.25586332271612044, 'BB-IoU': 0.12287039260217968, 'Average-Loss': 0.08835554872248637}
Current Pareto Front Size: 1
Pareto Costs: (0.7008,0.2711,0.2318,1)
Loading test dataset from datasets/COCO2014/processed
Validation Metrics: {'Accuracy': 0.9770213961601257, 'Precision': 0.7212037444114685, 'Recall': 0.5891141891479492, 'F-Score': 0.6485011577606201, 'True Positives': 68686.0, 'True Negatives': 3097176.0, 'False Positives': 26552.0, 'False Negatives': 47906.0, 'BB-Loc': 0.2628774608316899, 'BB-IoU': 0.12309925035825676, 'Average-Loss': 0.08797393202098866}
Validation Metrics: {'Accuracy': 0.9804438948631287, 'Precision': 0.7935298085212708, 'Recall': 0.6170492172241211, 'F-Score': 0.6942495703697205, 'True Positives': 71943.0, 'True Negatives': 3105009.0, 'False Positives': 18719.0, 'False Negatives': 44649.0, 'BB-Loc': 0.2768908926570571, 'BB-IoU': 0.23310742043149185, 'Average-Loss': 0.05794034502427615}
