Attribution_method: BCos, Layer: Final, AdaptiveLambda: True, Lambda: 0.0001, SimilarityThreshold: 0.95, NumGuidingPoints: 50.
loading bcos resnet50 model
Loading guiding points train dataset from datasets/COCO2014/processed
Loading guiding points validation dataset from datasets/COCO2014/processed
Train data size: 73872
Annotated: 73872, Total: 73872

Epoch: 0, Average Loss: 0.04555591195821762
Validation Metrics: {'Accuracy': 0.9803355932235718, 'Precision': 0.7986323237419128, 'Recall': 0.6255974769592285, 'F-Score': 0.7016035914421082, 'True Positives': 15182.0, 'True Negatives': 628624.0, 'False Positives': 3828.0, 'False Negatives': 9086.0, 'BB-Loc': 0.2928812156057535, 'BB-IoU': 0.22887242018415407, 'Average-Loss': 0.058777558090538966}
Current Pareto Front Size: 1
Pareto Costs: (0.7016,0.2929,0.2289,1)

Epoch: 1, Average Loss: 0.040661100298166275
Validation Metrics: {'Accuracy': 0.9798848628997803, 'Precision': 0.7850881814956665, 'Recall': 0.6274105906486511, 'F-Score': 0.6974486112594604, 'True Positives': 15226.0, 'True Negatives': 628284.0, 'False Positives': 4168.0, 'False Negatives': 9042.0, 'BB-Loc': 0.29488035792256523, 'BB-IoU': 0.22345485097152748, 'Average-Loss': 0.061242087660789604}
Current Pareto Front Size: 1
Pareto Costs: (0.7016,0.2929,0.2289,1)

Epoch: 2, Average Loss: 0.03639419004321098
Validation Metrics: {'Accuracy': 0.9793031811714172, 'Precision': 0.7688897848129272, 'Recall': 0.6289764046669006, 'F-Score': 0.6919310688972473, 'True Positives': 15264.0, 'True Negatives': 627864.0, 'False Positives': 4588.0, 'False Negatives': 9004.0, 'BB-Loc': 0.2968091761546221, 'BB-IoU': 0.21822732647712031, 'Average-Loss': 0.06436584375999284}
Current Pareto Front Size: 1
Pareto Costs: (0.7016,0.2929,0.2289,1)

Epoch: 3, Average Loss: 0.03222362697124481
Validation Metrics: {'Accuracy': 0.9785890579223633, 'Precision': 0.7479473352432251, 'Recall': 0.6343744993209839, 'F-Score': 0.686495304107666, 'True Positives': 15395.0, 'True Negatives': 627264.0, 'False Positives': 5188.0, 'False Negatives': 8873.0, 'BB-Loc': 0.29827317506287176, 'BB-IoU': 0.21271668346547842, 'Average-Loss': 0.06839827942868536}
Current Pareto Front Size: 2
Pareto Costs: (0.7016,0.2929,0.2289,1)(0.6865,0.2983,0.2127,4)

Epoch: 4, Average Loss: 0.02820274420082569
Validation Metrics: {'Accuracy': 0.977912962436676, 'Precision': 0.7293398976325989, 'Recall': 0.639690101146698, 'F-Score': 0.6815797090530396, 'True Positives': 15524.0, 'True Negatives': 626691.0, 'False Positives': 5761.0, 'False Negatives': 8744.0, 'BB-Loc': 0.2991883804634343, 'BB-IoU': 0.20753894498327302, 'Average-Loss': 0.07306865107085211}
Current Pareto Front Size: 2
Pareto Costs: (0.7016,0.2929,0.2289,1)(0.6865,0.2983,0.2127,4)

Epoch: 5, Average Loss: 0.024373870342969894
Validation Metrics: {'Accuracy': 0.9772536158561707, 'Precision': 0.713598906993866, 'Recall': 0.6422037482261658, 'F-Score': 0.6760215163230896, 'True Positives': 15585.0, 'True Negatives': 626197.0, 'False Positives': 6255.0, 'False Negatives': 8683.0, 'BB-Loc': 0.30016195818731184, 'BB-IoU': 0.2022098437075367, 'Average-Loss': 0.0784731063443134}
Current Pareto Front Size: 2
Pareto Costs: (0.7016,0.2929,0.2289,1)(0.6865,0.2983,0.2127,4)

Epoch: 6, Average Loss: 0.020933950319886208
Validation Metrics: {'Accuracy': 0.9768805503845215, 'Precision': 0.7071458101272583, 'Recall': 0.6389896273612976, 'F-Score': 0.6713423132896423, 'True Positives': 15507.0, 'True Negatives': 626030.0, 'False Positives': 6422.0, 'False Negatives': 8761.0, 'BB-Loc': 0.30143312279532763, 'BB-IoU': 0.19775042398016612, 'Average-Loss': 0.08327448906830535}
Current Pareto Front Size: 2
Pareto Costs: (0.7016,0.2929,0.2289,1)(0.6865,0.2983,0.2127,4)

Epoch: 7, Average Loss: 0.01835240051150322
Validation Metrics: {'Accuracy': 0.9770100116729736, 'Precision': 0.7203479409217834, 'Recall': 0.6176446080207825, 'F-Score': 0.6650545597076416, 'True Positives': 14989.0, 'True Negatives': 626633.0, 'False Positives': 5819.0, 'False Negatives': 9279.0, 'BB-Loc': 0.304379359644259, 'BB-IoU': 0.19474777676845595, 'Average-Loss': 0.08654478084505192}
Current Pareto Front Size: 3
Pareto Costs: (0.7016,0.2929,0.2289,1)(0.6865,0.2983,0.2127,4)(0.6651,0.3044,0.1947,8)

Epoch: 8, Average Loss: 0.016497325152158737
Validation Metrics: {'Accuracy': 0.9779845476150513, 'Precision': 0.7592768669128418, 'Recall': 0.5918905735015869, 'F-Score': 0.6652155518531799, 'True Positives': 14364.0, 'True Negatives': 627898.0, 'False Positives': 4554.0, 'False Negatives': 9904.0, 'BB-Loc': 0.3081464737228265, 'BB-IoU': 0.1947528882266244, 'Average-Loss': 0.08941388673302549}
Current Pareto Front Size: 3
Pareto Costs: (0.7016,0.2929,0.2289,1)(0.6865,0.2983,0.2127,4)(0.6652,0.3081,0.1948,9)

Epoch: 9, Average Loss: 0.014206302352249622
Validation Metrics: {'Accuracy': 0.978220522403717, 'Precision': 0.7726998925209045, 'Recall': 0.5817537307739258, 'F-Score': 0.6637673377990723, 'True Positives': 14118.0, 'True Negatives': 628299.0, 'False Positives': 4153.0, 'False Negatives': 10150.0, 'BB-Loc': 0.30794812187604076, 'BB-IoU': 0.19128646743319908, 'Average-Loss': 0.09401794426158598}
Current Pareto Front Size: 3
Pareto Costs: (0.7016,0.2929,0.2289,1)(0.6865,0.2983,0.2127,4)(0.6652,0.3081,0.1948,9)
Loading test dataset from datasets/COCO2014/processed
Validation Metrics: {'Accuracy': 0.978238582611084, 'Precision': 0.7621702551841736, 'Recall': 0.5744647979736328, 'F-Score': 0.6551376581192017, 'True Positives': 66978.0, 'True Negatives': 3102828.0, 'False Positives': 20900.0, 'False Negatives': 49614.0, 'BB-Loc': 0.3135654150345282, 'BB-IoU': 0.19094246640864868, 'Average-Loss': 0.09354319714661669}
Validation Metrics: {'Accuracy': 0.9804655313491821, 'Precision': 0.7897672653198242, 'Recall': 0.6229158043861389, 'F-Score': 0.6964881420135498, 'True Positives': 72627.0, 'True Negatives': 3104395.0, 'False Positives': 19333.0, 'False Negatives': 43965.0, 'BB-Loc': 0.29844527474526705, 'BB-IoU': 0.2298903817306986, 'Average-Loss': 0.058308395876989}
