Attribution_method: BCos, Layer: Final, AdaptiveLambda: True, Lambda: 0.0001, SimilarityThreshold: 0.9, NumGuidingPoints: 50.
loading bcos resnet50 model
Loading guiding points train dataset from datasets/COCO2014/processed
Loading guiding points validation dataset from datasets/COCO2014/processed
Train data size: 73872
Annotated: 73872, Total: 73872

Epoch: 0, Average Loss: 0.04540231451392174
Validation Metrics: {'Accuracy': 0.9803325533866882, 'Precision': 0.7985796928405762, 'Recall': 0.6255562901496887, 'F-Score': 0.7015573978424072, 'True Positives': 15181.0, 'True Negatives': 628623.0, 'False Positives': 3829.0, 'False Negatives': 9087.0, 'BB-Loc': 0.29302767446191247, 'BB-IoU': 0.22841808868222613, 'Average-Loss': 0.058790327962735256}
Current Pareto Front Size: 1
Pareto Costs: (0.7016,0.2930,0.2284,1)

Epoch: 1, Average Loss: 0.04050682857632637
Validation Metrics: {'Accuracy': 0.9798635840415955, 'Precision': 0.784609854221344, 'Recall': 0.627286970615387, 'F-Score': 0.6971834301948547, 'True Positives': 15223.0, 'True Negatives': 628273.0, 'False Positives': 4179.0, 'False Negatives': 9045.0, 'BB-Loc': 0.29501330853708685, 'BB-IoU': 0.22296952742378223, 'Average-Loss': 0.06125740593106175}
Current Pareto Front Size: 1
Pareto Costs: (0.7016,0.2930,0.2284,1)

Epoch: 2, Average Loss: 0.03622834384441376
Validation Metrics: {'Accuracy': 0.9792696833610535, 'Precision': 0.7680656313896179, 'Recall': 0.6289352178573608, 'F-Score': 0.6915722489356995, 'True Positives': 15263.0, 'True Negatives': 627843.0, 'False Positives': 4609.0, 'False Negatives': 9005.0, 'BB-Loc': 0.2969088487286377, 'BB-IoU': 0.21772235544735039, 'Average-Loss': 0.06445653773440355}
Current Pareto Front Size: 1
Pareto Costs: (0.7016,0.2930,0.2284,1)

Epoch: 3, Average Loss: 0.03205692023038864
Validation Metrics: {'Accuracy': 0.9785737991333008, 'Precision': 0.7471520900726318, 'Recall': 0.6351162195205688, 'F-Score': 0.686593770980835, 'True Positives': 15413.0, 'True Negatives': 627236.0, 'False Positives': 5216.0, 'False Negatives': 8855.0, 'BB-Loc': 0.29829190473432005, 'BB-IoU': 0.21215579951741104, 'Average-Loss': 0.06850488276788909}
Current Pareto Front Size: 2
Pareto Costs: (0.7016,0.2930,0.2284,1)(0.6866,0.2983,0.2122,4)

Epoch: 4, Average Loss: 0.028025658801198006
Validation Metrics: {'Accuracy': 0.9779373407363892, 'Precision': 0.7291344404220581, 'Recall': 0.6411323547363281, 'F-Score': 0.6823075413703918, 'True Positives': 15559.0, 'True Negatives': 626672.0, 'False Positives': 5780.0, 'False Negatives': 8709.0, 'BB-Loc': 0.29924780252787525, 'BB-IoU': 0.20716416179820277, 'Average-Loss': 0.0732077032687066}
Current Pareto Front Size: 2
Pareto Costs: (0.7016,0.2930,0.2284,1)(0.6866,0.2983,0.2122,4)

Epoch: 5, Average Loss: 0.024191370233893394
Validation Metrics: {'Accuracy': 0.9771729111671448, 'Precision': 0.7108696699142456, 'Recall': 0.6443464756011963, 'F-Score': 0.6759753823280334, 'True Positives': 15637.0, 'True Negatives': 626092.0, 'False Positives': 6360.0, 'False Negatives': 8631.0, 'BB-Loc': 0.30036082036611594, 'BB-IoU': 0.20198007781695462, 'Average-Loss': 0.07873254107534414}
Current Pareto Front Size: 2
Pareto Costs: (0.7016,0.2930,0.2284,1)(0.6866,0.2983,0.2122,4)

Epoch: 6, Average Loss: 0.0207450482994318
Validation Metrics: {'Accuracy': 0.9769536256790161, 'Precision': 0.709790050983429, 'Recall': 0.6366408467292786, 'F-Score': 0.6712284088134766, 'True Positives': 15450.0, 'True Negatives': 626135.0, 'False Positives': 6317.0, 'False Negatives': 8818.0, 'BB-Loc': 0.30168023658902227, 'BB-IoU': 0.19738254929247376, 'Average-Loss': 0.08332769315154764}
Current Pareto Front Size: 2
Pareto Costs: (0.7016,0.2930,0.2284,1)(0.6866,0.2983,0.2122,4)

Epoch: 7, Average Loss: 0.018211739137768745
Validation Metrics: {'Accuracy': 0.9772505760192871, 'Precision': 0.727957010269165, 'Recall': 0.6137300133705139, 'F-Score': 0.6659810543060303, 'True Positives': 14894.0, 'True Negatives': 626886.0, 'False Positives': 5566.0, 'False Negatives': 9374.0, 'BB-Loc': 0.30513653862866935, 'BB-IoU': 0.1947883959757978, 'Average-Loss': 0.08626168002773252}
Current Pareto Front Size: 3
Pareto Costs: (0.7016,0.2930,0.2284,1)(0.6866,0.2983,0.2122,4)(0.6660,0.3051,0.1948,8)

Epoch: 8, Average Loss: 0.01635192334651947
Validation Metrics: {'Accuracy': 0.9780423641204834, 'Precision': 0.7623055577278137, 'Recall': 0.589665412902832, 'F-Score': 0.6649628281593323, 'True Positives': 14310.0, 'True Negatives': 627990.0, 'False Positives': 4462.0, 'False Negatives': 9958.0, 'BB-Loc': 0.3080942960342506, 'BB-IoU': 0.19407975002486705, 'Average-Loss': 0.08961930880812027}
Current Pareto Front Size: 3
Pareto Costs: (0.7016,0.2930,0.2284,1)(0.6866,0.2983,0.2122,4)(0.6650,0.3081,0.1941,9)

Epoch: 9, Average Loss: 0.014052573591470718
Validation Metrics: {'Accuracy': 0.9783104062080383, 'Precision': 0.7737002968788147, 'Recall': 0.5838140845298767, 'F-Score': 0.6654767394065857, 'True Positives': 14168.0, 'True Negatives': 628308.0, 'False Positives': 4144.0, 'False Negatives': 10100.0, 'BB-Loc': 0.3086971169143703, 'BB-IoU': 0.19124004769129127, 'Average-Loss': 0.0937654019157232}
Current Pareto Front Size: 3
Pareto Costs: (0.7016,0.2930,0.2284,1)(0.6866,0.2983,0.2122,4)(0.6650,0.3081,0.1941,9)
Loading test dataset from datasets/COCO2014/processed
Validation Metrics: {'Accuracy': 0.9783055186271667, 'Precision': 0.762779951095581, 'Recall': 0.5762916803359985, 'F-Score': 0.6565499901771545, 'True Positives': 67191.0, 'True Negatives': 3102832.0, 'False Positives': 20896.0, 'False Negatives': 49401.0, 'BB-Loc': 0.31437215116152034, 'BB-IoU': 0.19111341401065238, 'Average-Loss': 0.09332269664435149}
Validation Metrics: {'Accuracy': 0.980467677116394, 'Precision': 0.7898337244987488, 'Recall': 0.6229072213172913, 'F-Score': 0.6965086460113525, 'True Positives': 72626.0, 'True Negatives': 3104403.0, 'False Positives': 19325.0, 'False Negatives': 43966.0, 'BB-Loc': 0.29858932008141853, 'BB-IoU': 0.2293963279163263, 'Average-Loss': 0.058333133017147994}
