Attribution_method: BCos, Layer: Final, AdaptiveLambda: True, Lambda: 0.0001, SimilarityThreshold: 0.95, NumGuidingPoints: 10.
loading bcos resnet50 model
Loading guiding points train dataset from datasets/COCO2014/processed
Loading guiding points validation dataset from datasets/COCO2014/processed
Train data size: 73872
Annotated: 73872, Total: 73872

Epoch: 0, Average Loss: 0.04609740525484085
Validation Metrics: {'Accuracy': 0.9803508520126343, 'Precision': 0.7986753582954407, 'Recall': 0.6260919570922852, 'F-Score': 0.7019310593605042, 'True Positives': 15194.0, 'True Negatives': 628622.0, 'False Positives': 3830.0, 'False Negatives': 9074.0, 'BB-Loc': 0.2893109917883816, 'BB-IoU': 0.2300294570169352, 'Average-Loss': 0.05872498413636138}
Current Pareto Front Size: 1
Pareto Costs: (0.7019,0.2893,0.2300,1)

Epoch: 1, Average Loss: 0.04119563847780228
Validation Metrics: {'Accuracy': 0.9798589944839478, 'Precision': 0.7841371297836304, 'Recall': 0.6277814507484436, 'F-Score': 0.6973018646240234, 'True Positives': 15235.0, 'True Negatives': 628258.0, 'False Positives': 4194.0, 'False Negatives': 9033.0, 'BB-Loc': 0.29024272773159104, 'BB-IoU': 0.22474529932047238, 'Average-Loss': 0.06113417387618581}
Current Pareto Front Size: 1
Pareto Costs: (0.7019,0.2893,0.2300,1)

Epoch: 2, Average Loss: 0.03693702444434166
Validation Metrics: {'Accuracy': 0.9792666435241699, 'Precision': 0.7680692672729492, 'Recall': 0.6288115978240967, 'F-Score': 0.6914989948272705, 'True Positives': 15260.0, 'True Negatives': 627844.0, 'False Positives': 4608.0, 'False Negatives': 9008.0, 'BB-Loc': 0.2912442219561159, 'BB-IoU': 0.21949248223402887, 'Average-Loss': 0.06420975019557422}
Current Pareto Front Size: 1
Pareto Costs: (0.7019,0.2893,0.2300,1)

Epoch: 3, Average Loss: 0.03277286887168884
Validation Metrics: {'Accuracy': 0.9785327315330505, 'Precision': 0.7465096116065979, 'Recall': 0.6345393061637878, 'F-Score': 0.6859853863716125, 'True Positives': 15399.0, 'True Negatives': 627223.0, 'False Positives': 5229.0, 'False Negatives': 8869.0, 'BB-Loc': 0.29204486555961606, 'BB-IoU': 0.21381625746351188, 'Average-Loss': 0.0682313621428986}
Current Pareto Front Size: 1
Pareto Costs: (0.7019,0.2893,0.2300,1)

Epoch: 4, Average Loss: 0.028742941096425056
Validation Metrics: {'Accuracy': 0.977830708026886, 'Precision': 0.7268564105033875, 'Recall': 0.6409263014793396, 'F-Score': 0.6811921000480652, 'True Positives': 15554.0, 'True Negatives': 626607.0, 'False Positives': 5845.0, 'False Negatives': 8714.0, 'BB-Loc': 0.2924365727501428, 'BB-IoU': 0.20840337579803228, 'Average-Loss': 0.07302846221979592}
Current Pareto Front Size: 1
Pareto Costs: (0.7019,0.2893,0.2300,1)

Epoch: 5, Average Loss: 0.024894045665860176
Validation Metrics: {'Accuracy': 0.9771363735198975, 'Precision': 0.7103815078735352, 'Recall': 0.6437283754348755, 'F-Score': 0.675414502620697, 'True Positives': 15622.0, 'True Negatives': 626083.0, 'False Positives': 6369.0, 'False Negatives': 8646.0, 'BB-Loc': 0.2929029487620462, 'BB-IoU': 0.2030901118540662, 'Average-Loss': 0.07832339213962952}
Current Pareto Front Size: 2
Pareto Costs: (0.7019,0.2893,0.2300,1)(0.6754,0.2929,0.2031,6)

Epoch: 6, Average Loss: 0.021421218290925026
Validation Metrics: {'Accuracy': 0.9770206212997437, 'Precision': 0.7134285569190979, 'Recall': 0.6320257186889648, 'F-Score': 0.6702646017074585, 'True Positives': 15338.0, 'True Negatives': 626291.0, 'False Positives': 6161.0, 'False Negatives': 8930.0, 'BB-Loc': 0.29332324262872905, 'BB-IoU': 0.1972387852285734, 'Average-Loss': 0.08249059735908187}
Current Pareto Front Size: 2
Pareto Costs: (0.7019,0.2893,0.2300,1)(0.6754,0.2929,0.2031,6)

Epoch: 7, Average Loss: 0.018815984949469566
Validation Metrics: {'Accuracy': 0.9767100214958191, 'Precision': 0.7082385420799255, 'Recall': 0.6287704110145569, 'F-Score': 0.6661428213119507, 'True Positives': 15259.0, 'True Negatives': 626166.0, 'False Positives': 6286.0, 'False Negatives': 9009.0, 'BB-Loc': 0.2953133341012653, 'BB-IoU': 0.19505023781069317, 'Average-Loss': 0.0870162846763556}
Current Pareto Front Size: 2
Pareto Costs: (0.7019,0.2893,0.2300,1)(0.6754,0.2929,0.2031,6)

Epoch: 8, Average Loss: 0.01699596643447876
Validation Metrics: {'Accuracy': 0.9779616594314575, 'Precision': 0.7544816732406616, 'Recall': 0.5983187556266785, 'F-Score': 0.6673867702484131, 'True Positives': 14520.0, 'True Negatives': 627727.0, 'False Positives': 4725.0, 'False Negatives': 9748.0, 'BB-Loc': 0.2984534747076133, 'BB-IoU': 0.19335764224406676, 'Average-Loss': 0.08833148671439597}
Current Pareto Front Size: 3
Pareto Costs: (0.7019,0.2893,0.2300,1)(0.6754,0.2929,0.2031,6)(0.6674,0.2985,0.1934,9)

Epoch: 9, Average Loss: 0.014712060801684856
Validation Metrics: {'Accuracy': 0.9781976938247681, 'Precision': 0.7739235758781433, 'Recall': 0.579198956489563, 'F-Score': 0.6625500917434692, 'True Positives': 14056.0, 'True Negatives': 628346.0, 'False Positives': 4106.0, 'False Negatives': 10212.0, 'BB-Loc': 0.29831805753934504, 'BB-IoU': 0.18997367012716815, 'Average-Loss': 0.09355599831715761}
Current Pareto Front Size: 3
Pareto Costs: (0.7019,0.2893,0.2300,1)(0.6754,0.2929,0.2031,6)(0.6674,0.2985,0.1934,9)
Loading test dataset from datasets/COCO2014/processed
Validation Metrics: {'Accuracy': 0.978259265422821, 'Precision': 0.7639723420143127, 'Recall': 0.5727236866950989, 'F-Score': 0.6546664834022522, 'True Positives': 66775.0, 'True Negatives': 3103098.0, 'False Positives': 20630.0, 'False Negatives': 49817.0, 'BB-Loc': 0.3040772615520581, 'BB-IoU': 0.18984832448415181, 'Average-Loss': 0.09305718828985254}
Validation Metrics: {'Accuracy': 0.9804550409317017, 'Precision': 0.7892490029335022, 'Recall': 0.6232245564460754, 'F-Score': 0.6964793801307678, 'True Positives': 72663.0, 'True Negatives': 3104325.0, 'False Positives': 19403.0, 'False Negatives': 43929.0, 'BB-Loc': 0.2948684789902298, 'BB-IoU': 0.2310611565577871, 'Average-Loss': 0.05825422461410061}
