Attribution_method: BCos, Layer: Final, AdaptiveLambda: True, Lambda: 0.0001, SimilarityThreshold: 0.99, NumGuidingPoints: 50.
loading bcos resnet50 model
Loading guiding points train dataset from datasets/COCO2014/processed
Loading guiding points validation dataset from datasets/COCO2014/processed
Train data size: 73872
Annotated: 73872, Total: 73872

Epoch: 0, Average Loss: 0.04571098834276199
Validation Metrics: {'Accuracy': 0.9803341031074524, 'Precision': 0.7984960675239563, 'Recall': 0.6257210969924927, 'F-Score': 0.7016287446022034, 'True Positives': 15185.0, 'True Negatives': 628620.0, 'False Positives': 3832.0, 'False Negatives': 9083.0, 'BB-Loc': 0.29290442245770876, 'BB-IoU': 0.2290201684204742, 'Average-Loss': 0.05875183990251743}
Current Pareto Front Size: 1
Pareto Costs: (0.7016,0.2929,0.2290,1)

Epoch: 1, Average Loss: 0.04082290083169937
Validation Metrics: {'Accuracy': 0.9799016118049622, 'Precision': 0.7851218581199646, 'Recall': 0.6279874444007874, 'F-Score': 0.6978181600570679, 'True Positives': 15240.0, 'True Negatives': 628281.0, 'False Positives': 4171.0, 'False Negatives': 9028.0, 'BB-Loc': 0.29495308980630286, 'BB-IoU': 0.2235594941493594, 'Average-Loss': 0.06118632402674465}
Current Pareto Front Size: 1
Pareto Costs: (0.7016,0.2929,0.2290,1)

Epoch: 2, Average Loss: 0.036555152386426926
Validation Metrics: {'Accuracy': 0.9792956113815308, 'Precision': 0.7682638764381409, 'Recall': 0.629635751247406, 'F-Score': 0.6920760273933411, 'True Positives': 15280.0, 'True Negatives': 627843.0, 'False Positives': 4609.0, 'False Negatives': 8988.0, 'BB-Loc': 0.29690240820977065, 'BB-IoU': 0.2181496998222195, 'Average-Loss': 0.06434792132801079}
Current Pareto Front Size: 1
Pareto Costs: (0.7016,0.2929,0.2290,1)

Epoch: 3, Average Loss: 0.032389119267463684
Validation Metrics: {'Accuracy': 0.9785388112068176, 'Precision': 0.7463915348052979, 'Recall': 0.6349925994873047, 'F-Score': 0.6862003207206726, 'True Positives': 15410.0, 'True Negatives': 627216.0, 'False Positives': 5236.0, 'False Negatives': 8858.0, 'BB-Loc': 0.2983246600392997, 'BB-IoU': 0.21252736512824957, 'Average-Loss': 0.0683913870435174}
Current Pareto Front Size: 2
Pareto Costs: (0.7016,0.2929,0.2290,1)(0.6862,0.2983,0.2125,4)

Epoch: 4, Average Loss: 0.028711292892694473
Validation Metrics: {'Accuracy': 0.9779403805732727, 'Precision': 0.7285173535346985, 'Recall': 0.6424509882926941, 'F-Score': 0.6827826499938965, 'True Positives': 15591.0, 'True Negatives': 626642.0, 'False Positives': 5810.0, 'False Negatives': 8677.0, 'BB-Loc': 0.2993994609304315, 'BB-IoU': 0.20791908589057684, 'Average-Loss': 0.07267683904896208}
Current Pareto Front Size: 2
Pareto Costs: (0.7016,0.2929,0.2290,1)(0.6862,0.2983,0.2125,4)

Epoch: 5, Average Loss: 0.024924444034695625
Validation Metrics: {'Accuracy': 0.9773252010345459, 'Precision': 0.7145668268203735, 'Recall': 0.6433987021446228, 'F-Score': 0.6771178841590881, 'True Positives': 15614.0, 'True Negatives': 626215.0, 'False Positives': 6237.0, 'False Negatives': 8654.0, 'BB-Loc': 0.30052182531665944, 'BB-IoU': 0.2027069352269164, 'Average-Loss': 0.0776838557498582}
Current Pareto Front Size: 2
Pareto Costs: (0.7016,0.2929,0.2290,1)(0.6862,0.2983,0.2125,4)

Epoch: 6, Average Loss: 0.021498240530490875
Validation Metrics: {'Accuracy': 0.9771729111671448, 'Precision': 0.7161563634872437, 'Recall': 0.6332619190216064, 'F-Score': 0.6721630692481995, 'True Positives': 15368.0, 'True Negatives': 626361.0, 'False Positives': 6091.0, 'False Negatives': 8900.0, 'BB-Loc': 0.3014707934593111, 'BB-IoU': 0.19761145886288495, 'Average-Loss': 0.08204198449955365}
Current Pareto Front Size: 2
Pareto Costs: (0.7016,0.2929,0.2290,1)(0.6862,0.2983,0.2125,4)

Epoch: 7, Average Loss: 0.018664656206965446
Validation Metrics: {'Accuracy': 0.9767252206802368, 'Precision': 0.7087807655334473, 'Recall': 0.62831711769104, 'F-Score': 0.6661278605461121, 'True Positives': 15248.0, 'True Negatives': 626187.0, 'False Positives': 6265.0, 'False Negatives': 9020.0, 'BB-Loc': 0.3028846934931908, 'BB-IoU': 0.19414933677496643, 'Average-Loss': 0.08651149553189048}
Current Pareto Front Size: 3
Pareto Costs: (0.7016,0.2929,0.2290,1)(0.6862,0.2983,0.2125,4)(0.6661,0.3029,0.1941,8)

Epoch: 8, Average Loss: 0.01678454503417015
Validation Metrics: {'Accuracy': 0.9780043363571167, 'Precision': 0.759414792060852, 'Recall': 0.5924674272537231, 'F-Score': 0.6656327247619629, 'True Positives': 14378.0, 'True Negatives': 627897.0, 'False Positives': 4555.0, 'False Negatives': 9890.0, 'BB-Loc': 0.3072111829818222, 'BB-IoU': 0.193548714167322, 'Average-Loss': 0.08908137933594225}
Current Pareto Front Size: 3
Pareto Costs: (0.7016,0.2929,0.2290,1)(0.6862,0.2983,0.2125,4)(0.6661,0.3029,0.1941,8)

Epoch: 9, Average Loss: 0.014718892984092236
Validation Metrics: {'Accuracy': 0.9781200289726257, 'Precision': 0.7684256434440613, 'Recall': 0.5838552713394165, 'F-Score': 0.6635445952415466, 'True Positives': 14169.0, 'True Negatives': 628182.0, 'False Positives': 4270.0, 'False Negatives': 10099.0, 'BB-Loc': 0.3084597099550424, 'BB-IoU': 0.19200211411446064, 'Average-Loss': 0.09349002993808243}
Current Pareto Front Size: 4
Pareto Costs: (0.7016,0.2929,0.2290,1)(0.6862,0.2983,0.2125,4)(0.6661,0.3029,0.1941,8)(0.6635,0.3085,0.1920,10)
Loading test dataset from datasets/COCO2014/processed
Validation Metrics: {'Accuracy': 0.978196918964386, 'Precision': 0.7579531073570251, 'Recall': 0.5789247751235962, 'F-Score': 0.6564516425132751, 'True Positives': 67498.0, 'True Negatives': 3102173.0, 'False Positives': 21555.0, 'False Negatives': 49094.0, 'BB-Loc': 0.3141522324029318, 'BB-IoU': 0.19159747692167442, 'Average-Loss': 0.0928200697818811}
Validation Metrics: {'Accuracy': 0.9804608821868896, 'Precision': 0.789770781993866, 'Recall': 0.6227356791496277, 'F-Score': 0.6963769197463989, 'True Positives': 72606.0, 'True Negatives': 3104401.0, 'False Positives': 19327.0, 'False Negatives': 43986.0, 'BB-Loc': 0.2984593877194123, 'BB-IoU': 0.2301135823639817, 'Average-Loss': 0.05828704020262659}
