Attribution_method: BCos, Layer: Final, AdaptiveLambda: True, Lambda: 0.001, SimilarityThreshold: 0.99, NumGuidingPoints: 10.
loading bcos resnet50 model
Loading guiding points train dataset from datasets/COCO2014/processed
Loading guiding points validation dataset from datasets/COCO2014/processed
Train data size: 73872
Annotated: 73872, Total: 73872

Epoch: 0, Average Loss: 0.07790977507829666
Validation Metrics: {'Accuracy': 0.9803873896598816, 'Precision': 0.8088187575340271, 'Recall': 0.6145129203796387, 'F-Score': 0.6984030604362488, 'True Positives': 14913.0, 'True Negatives': 628927.0, 'False Positives': 3525.0, 'False Negatives': 9355.0, 'BB-Loc': 0.27040612795522784, 'BB-IoU': 0.22320834286369812, 'Average-Loss': 0.05842309655073223}
Current Pareto Front Size: 1
Pareto Costs: (0.6984,0.2704,0.2232,1)

Epoch: 1, Average Loss: 0.07130789756774902
Validation Metrics: {'Accuracy': 0.9799381494522095, 'Precision': 0.7964615821838379, 'Recall': 0.614018440246582, 'F-Score': 0.6934406757354736, 'True Positives': 14901.0, 'True Negatives': 628644.0, 'False Positives': 3808.0, 'False Negatives': 9367.0, 'BB-Loc': 0.26979039921824116, 'BB-IoU': 0.20337553979259684, 'Average-Loss': 0.06054597906427967}
Current Pareto Front Size: 1
Pareto Costs: (0.6984,0.2704,0.2232,1)

Epoch: 2, Average Loss: 0.0663817897439003
Validation Metrics: {'Accuracy': 0.9791296124458313, 'Precision': 0.7719641327857971, 'Recall': 0.617685854434967, 'F-Score': 0.6862610578536987, 'True Positives': 14990.0, 'True Negatives': 628024.0, 'False Positives': 4428.0, 'False Negatives': 9278.0, 'BB-Loc': 0.2705775266842106, 'BB-IoU': 0.1867106230063687, 'Average-Loss': 0.06361866125106114}
Current Pareto Front Size: 1
Pareto Costs: (0.6984,0.2704,0.2232,1)

Epoch: 3, Average Loss: 0.06167338415980339
Validation Metrics: {'Accuracy': 0.9786773920059204, 'Precision': 0.764466404914856, 'Recall': 0.6113400459289551, 'F-Score': 0.679381787776947, 'True Positives': 14836.0, 'True Negatives': 627881.0, 'False Positives': 4571.0, 'False Negatives': 9432.0, 'BB-Loc': 0.2700823088013941, 'BB-IoU': 0.16872524701692876, 'Average-Loss': 0.06637639043275673}
Current Pareto Front Size: 1
Pareto Costs: (0.6984,0.2704,0.2232,1)

Epoch: 4, Average Loss: 0.057218827307224274
Validation Metrics: {'Accuracy': 0.9781109094619751, 'Precision': 0.7483057975769043, 'Recall': 0.6142656803131104, 'F-Score': 0.6746928095817566, 'True Positives': 14907.0, 'True Negatives': 627438.0, 'False Positives': 5014.0, 'False Negatives': 9361.0, 'BB-Loc': 0.2709547125348039, 'BB-IoU': 0.15934546246467216, 'Average-Loss': 0.06947611798205}
Current Pareto Front Size: 1
Pareto Costs: (0.6984,0.2704,0.2232,1)

Epoch: 5, Average Loss: 0.052776265889406204
Validation Metrics: {'Accuracy': 0.9772368669509888, 'Precision': 0.7285076975822449, 'Recall': 0.6121229529380798, 'F-Score': 0.6652634143829346, 'True Positives': 14855.0, 'True Negatives': 626916.0, 'False Positives': 5536.0, 'False Negatives': 9413.0, 'BB-Loc': 0.27140333172237924, 'BB-IoU': 0.15062284735147338, 'Average-Loss': 0.0738928598874901}
Current Pareto Front Size: 1
Pareto Costs: (0.6984,0.2704,0.2232,1)

Epoch: 6, Average Loss: 0.04868123680353165
Validation Metrics: {'Accuracy': 0.9773982763290405, 'Precision': 0.7374892830848694, 'Recall': 0.6030163168907166, 'F-Score': 0.6635079979896545, 'True Positives': 14634.0, 'True Negatives': 627243.0, 'False Positives': 5209.0, 'False Negatives': 9634.0, 'BB-Loc': 0.2709667404765243, 'BB-IoU': 0.14422541602328046, 'Average-Loss': 0.07689641189714604}
Current Pareto Front Size: 1
Pareto Costs: (0.6984,0.2704,0.2232,1)

Epoch: 7, Average Loss: 0.04524639993906021
Validation Metrics: {'Accuracy': 0.9770830869674683, 'Precision': 0.7287572026252747, 'Recall': 0.6050354242324829, 'F-Score': 0.6611581444740295, 'True Positives': 14683.0, 'True Negatives': 626987.0, 'False Positives': 5465.0, 'False Negatives': 9585.0, 'BB-Loc': 0.27141011435105394, 'BB-IoU': 0.13637848861350113, 'Average-Loss': 0.0800115079039821}
Current Pareto Front Size: 1
Pareto Costs: (0.6984,0.2704,0.2232,1)

Epoch: 8, Average Loss: 0.04236384108662605
Validation Metrics: {'Accuracy': 0.9761146306991577, 'Precision': 0.6967085599899292, 'Recall': 0.6262568235397339, 'F-Score': 0.6596068143844604, 'True Positives': 15198.0, 'True Negatives': 625836.0, 'False Positives': 6616.0, 'False Negatives': 9070.0, 'BB-Loc': 0.2741298942482219, 'BB-IoU': 0.13378114591058535, 'Average-Loss': 0.08375397267564087}
Current Pareto Front Size: 2
Pareto Costs: (0.6984,0.2704,0.2232,1)(0.6596,0.2741,0.1338,9)

Epoch: 9, Average Loss: 0.03973960876464844
Validation Metrics: {'Accuracy': 0.975784182548523, 'Precision': 0.690485954284668, 'Recall': 0.6247321367263794, 'F-Score': 0.6559653878211975, 'True Positives': 15161.0, 'True Negatives': 625656.0, 'False Positives': 6796.0, 'False Negatives': 9107.0, 'BB-Loc': 0.2743527935339749, 'BB-IoU': 0.1281515206657627, 'Average-Loss': 0.08784507726371207}
Current Pareto Front Size: 2
Pareto Costs: (0.6984,0.2704,0.2232,1)(0.6596,0.2741,0.1338,9)
Loading test dataset from datasets/COCO2014/processed
Validation Metrics: {'Accuracy': 0.9758625626564026, 'Precision': 0.6816138625144958, 'Recall': 0.6177096366882324, 'F-Score': 0.6480902433395386, 'True Positives': 72020.0, 'True Negatives': 3090087.0, 'False Positives': 33641.0, 'False Negatives': 44572.0, 'BB-Loc': 0.2809393064439036, 'BB-IoU': 0.12830051560545203, 'Average-Loss': 0.08759009044631394}
Validation Metrics: {'Accuracy': 0.980443000793457, 'Precision': 0.7991052865982056, 'Recall': 0.6097673773765564, 'F-Score': 0.691713809967041, 'True Positives': 71094.0, 'True Negatives': 3105855.0, 'False Positives': 17873.0, 'False Negatives': 45498.0, 'BB-Loc': 0.27603041840142495, 'BB-IoU': 0.22454218065965698, 'Average-Loss': 0.057721494568823445}
