Attribution_method: BCos, Layer: Final, AdaptiveLambda: True, Lambda: 0.0001, SimilarityThreshold: 0.9, NumGuidingPoints: 10.
loading bcos resnet50 model
Loading guiding points train dataset from datasets/COCO2014/processed
Loading guiding points validation dataset from datasets/COCO2014/processed
Train data size: 73872
Annotated: 73872, Total: 73872

Epoch: 0, Average Loss: 0.046062055975198746
Validation Metrics: {'Accuracy': 0.9803325533866882, 'Precision': 0.7980466485023499, 'Recall': 0.6262568235397339, 'F-Score': 0.7017916440963745, 'True Positives': 15198.0, 'True Negatives': 628606.0, 'False Positives': 3846.0, 'False Negatives': 9070.0, 'BB-Loc': 0.2884324812127587, 'BB-IoU': 0.23004634157087428, 'Average-Loss': 0.05871501917495755}
Current Pareto Front Size: 1
Pareto Costs: (0.7018,0.2884,0.2300,1)

Epoch: 1, Average Loss: 0.041155219078063965
Validation Metrics: {'Accuracy': 0.9799138307571411, 'Precision': 0.7852397561073303, 'Recall': 0.6282759308815002, 'F-Score': 0.6980428099632263, 'True Positives': 15247.0, 'True Negatives': 628282.0, 'False Positives': 4170.0, 'False Negatives': 9021.0, 'BB-Loc': 0.2889591634248628, 'BB-IoU': 0.22474437056668903, 'Average-Loss': 0.061139594101414986}
Current Pareto Front Size: 1
Pareto Costs: (0.7018,0.2884,0.2300,1)

Epoch: 2, Average Loss: 0.036889709532260895
Validation Metrics: {'Accuracy': 0.9793016910552979, 'Precision': 0.768634557723999, 'Recall': 0.6293060779571533, 'F-Score': 0.6920270919799805, 'True Positives': 15272.0, 'True Negatives': 627855.0, 'False Positives': 4597.0, 'False Negatives': 8996.0, 'BB-Loc': 0.2897856949467236, 'BB-IoU': 0.219446484465009, 'Average-Loss': 0.06427315344748333}
Current Pareto Front Size: 1
Pareto Costs: (0.7018,0.2884,0.2300,1)

Epoch: 3, Average Loss: 0.03272382542490959
Validation Metrics: {'Accuracy': 0.97861647605896, 'Precision': 0.7481194138526917, 'Recall': 0.6351985931396484, 'F-Score': 0.6870501041412354, 'True Positives': 15415.0, 'True Negatives': 627262.0, 'False Positives': 5190.0, 'False Negatives': 8853.0, 'BB-Loc': 0.29036515203529856, 'BB-IoU': 0.21393039083026, 'Average-Loss': 0.06823340309190465}
Current Pareto Front Size: 1
Pareto Costs: (0.7018,0.2884,0.2300,1)

Epoch: 4, Average Loss: 0.028697440400719643
Validation Metrics: {'Accuracy': 0.9779327511787415, 'Precision': 0.7296992540359497, 'Recall': 0.6398549675941467, 'F-Score': 0.6818301677703857, 'True Positives': 15528.0, 'True Negatives': 626700.0, 'False Positives': 5752.0, 'False Negatives': 8740.0, 'BB-Loc': 0.29032696580996187, 'BB-IoU': 0.20819222681963276, 'Average-Loss': 0.07286561010293104}
Current Pareto Front Size: 1
Pareto Costs: (0.7018,0.2884,0.2300,1)

Epoch: 5, Average Loss: 0.024846050888299942
Validation Metrics: {'Accuracy': 0.9771561622619629, 'Precision': 0.7112438678741455, 'Recall': 0.642780601978302, 'F-Score': 0.6752814054489136, 'True Positives': 15599.0, 'True Negatives': 626119.0, 'False Positives': 6333.0, 'False Negatives': 8669.0, 'BB-Loc': 0.2908974161884542, 'BB-IoU': 0.20291633540640075, 'Average-Loss': 0.07821115667338725}
Current Pareto Front Size: 1
Pareto Costs: (0.7018,0.2884,0.2300,1)

Epoch: 6, Average Loss: 0.021358847618103027
Validation Metrics: {'Accuracy': 0.9769536256790161, 'Precision': 0.710641622543335, 'Recall': 0.634827733039856, 'F-Score': 0.6705987453460693, 'True Positives': 15406.0, 'True Negatives': 626179.0, 'False Positives': 6273.0, 'False Negatives': 8862.0, 'BB-Loc': 0.29135679103667705, 'BB-IoU': 0.19726440935086687, 'Average-Loss': 0.08289166056785996}
Current Pareto Front Size: 1
Pareto Costs: (0.7018,0.2884,0.2300,1)

Epoch: 7, Average Loss: 0.01871834509074688
Validation Metrics: {'Accuracy': 0.9768151044845581, 'Precision': 0.7126728892326355, 'Recall': 0.6242789030075073, 'F-Score': 0.6655537486076355, 'True Positives': 15150.0, 'True Negatives': 626344.0, 'False Positives': 6108.0, 'False Negatives': 9118.0, 'BB-Loc': 0.2925108424613416, 'BB-IoU': 0.19353493908453726, 'Average-Loss': 0.0867257617193448}
Current Pareto Front Size: 2
Pareto Costs: (0.7018,0.2884,0.2300,1)(0.6656,0.2925,0.1935,8)

Epoch: 8, Average Loss: 0.016975410282611847
Validation Metrics: {'Accuracy': 0.97797691822052, 'Precision': 0.7568771243095398, 'Recall': 0.5952282547950745, 'F-Score': 0.6663898825645447, 'True Positives': 14445.0, 'True Negatives': 627812.0, 'False Positives': 4640.0, 'False Negatives': 9823.0, 'BB-Loc': 0.2961739293354656, 'BB-IoU': 0.19321459204388242, 'Average-Loss': 0.08856936880086833}
Current Pareto Front Size: 2
Pareto Costs: (0.7018,0.2884,0.2300,1)(0.6656,0.2925,0.1935,8)

Epoch: 9, Average Loss: 0.01471414603292942
Validation Metrics: {'Accuracy': 0.9782342314720154, 'Precision': 0.7732003927230835, 'Recall': 0.5815889239311218, 'F-Score': 0.6638445854187012, 'True Positives': 14114.0, 'True Negatives': 628312.0, 'False Positives': 4140.0, 'False Negatives': 10154.0, 'BB-Loc': 0.2964472137498317, 'BB-IoU': 0.19059315065414817, 'Average-Loss': 0.09282838326741229}
Current Pareto Front Size: 2
Pareto Costs: (0.7018,0.2884,0.2300,1)(0.6656,0.2925,0.1935,8)
Loading test dataset from datasets/COCO2014/processed
Validation Metrics: {'Accuracy': 0.978304922580719, 'Precision': 0.7632347941398621, 'Recall': 0.5756140947341919, 'F-Score': 0.6562782526016235, 'True Positives': 67112.0, 'True Negatives': 3102909.0, 'False Positives': 20819.0, 'False Negatives': 49480.0, 'BB-Loc': 0.3021610873214618, 'BB-IoU': 0.19034550199675118, 'Average-Loss': 0.09237396945459861}
Validation Metrics: {'Accuracy': 0.9804794192314148, 'Precision': 0.789781928062439, 'Recall': 0.623421847820282, 'F-Score': 0.6968100666999817, 'True Positives': 72686.0, 'True Negatives': 3104381.0, 'False Positives': 19347.0, 'False Negatives': 43906.0, 'BB-Loc': 0.29399458618809293, 'BB-IoU': 0.23101907247840384, 'Average-Loss': 0.05825179701098194}
