Attribution_method: BCos, Layer: Final, AdaptiveLambda: True, Lambda: 0.001, SimilarityThreshold: 0.9, NumGuidingPoints: 10.
loading bcos resnet50 model
Loading guiding points train dataset from datasets/COCO2014/processed
Loading guiding points validation dataset from datasets/COCO2014/processed
Train data size: 73872
Annotated: 73872, Total: 73872

Epoch: 0, Average Loss: 0.07709025591611862
Validation Metrics: {'Accuracy': 0.9803081750869751, 'Precision': 0.8056184649467468, 'Recall': 0.6156667470932007, 'F-Score': 0.6979492902755737, 'True Positives': 14941.0, 'True Negatives': 628847.0, 'False Positives': 3605.0, 'False Negatives': 9327.0, 'BB-Loc': 0.25612368312404016, 'BB-IoU': 0.22348381710414578, 'Average-Loss': 0.05862595907502436}
Current Pareto Front Size: 1
Pareto Costs: (0.6979,0.2561,0.2235,1)

Epoch: 1, Average Loss: 0.07051121443510056
Validation Metrics: {'Accuracy': 0.9798803329467773, 'Precision': 0.7931894063949585, 'Recall': 0.6162024140357971, 'F-Score': 0.6935831904411316, 'True Positives': 14954.0, 'True Negatives': 628553.0, 'False Positives': 3899.0, 'False Negatives': 9314.0, 'BB-Loc': 0.2501940063417602, 'BB-IoU': 0.20397385962902956, 'Average-Loss': 0.06080570376620743}
Current Pareto Front Size: 1
Pareto Costs: (0.6979,0.2561,0.2235,1)

Epoch: 2, Average Loss: 0.06581674516201019
Validation Metrics: {'Accuracy': 0.9793503880500793, 'Precision': 0.7793664932250977, 'Recall': 0.6154195070266724, 'F-Score': 0.6877576112747192, 'True Positives': 14935.0, 'True Negatives': 628224.0, 'False Positives': 4228.0, 'False Negatives': 9333.0, 'BB-Loc': 0.24672582776196447, 'BB-IoU': 0.18689592734082777, 'Average-Loss': 0.06287794732367866}
Current Pareto Front Size: 1
Pareto Costs: (0.6979,0.2561,0.2235,1)

Epoch: 3, Average Loss: 0.06140946224331856
Validation Metrics: {'Accuracy': 0.9784870147705078, 'Precision': 0.7499014139175415, 'Recall': 0.6269161105155945, 'F-Score': 0.6829158663749695, 'True Positives': 15214.0, 'True Negatives': 627378.0, 'False Positives': 5074.0, 'False Negatives': 9054.0, 'BB-Loc': 0.24573563742164775, 'BB-IoU': 0.172847207294096, 'Average-Loss': 0.06669165013782985}
Current Pareto Front Size: 1
Pareto Costs: (0.6979,0.2561,0.2235,1)

Epoch: 4, Average Loss: 0.057256441563367844
Validation Metrics: {'Accuracy': 0.977948009967804, 'Precision': 0.7389160394668579, 'Recall': 0.6235783696174622, 'F-Score': 0.6763654351234436, 'True Positives': 15133.0, 'True Negatives': 627105.0, 'False Positives': 5347.0, 'False Negatives': 9135.0, 'BB-Loc': 0.24460526192979365, 'BB-IoU': 0.1614863123993705, 'Average-Loss': 0.06989041390118696}
Current Pareto Front Size: 1
Pareto Costs: (0.6979,0.2561,0.2235,1)

Epoch: 5, Average Loss: 0.05312780290842056
Validation Metrics: {'Accuracy': 0.9769566655158997, 'Precision': 0.7134644985198975, 'Recall': 0.629058837890625, 'F-Score': 0.6686083674430847, 'True Positives': 15266.0, 'True Negatives': 626321.0, 'False Positives': 6131.0, 'False Negatives': 9002.0, 'BB-Loc': 0.24383688405937703, 'BB-IoU': 0.15126619477017855, 'Average-Loss': 0.0742374902986147}
Current Pareto Front Size: 1
Pareto Costs: (0.6979,0.2561,0.2235,1)

Epoch: 6, Average Loss: 0.049273621290922165
Validation Metrics: {'Accuracy': 0.9767374396324158, 'Precision': 0.7131275534629822, 'Recall': 0.6198285818099976, 'F-Score': 0.6632128953933716, 'True Positives': 15042.0, 'True Negatives': 626401.0, 'False Positives': 6051.0, 'False Negatives': 9226.0, 'BB-Loc': 0.24384557473973523, 'BB-IoU': 0.14257070164976243, 'Average-Loss': 0.07775315879424925}
Current Pareto Front Size: 1
Pareto Costs: (0.6979,0.2561,0.2235,1)

Epoch: 7, Average Loss: 0.04598024860024452
Validation Metrics: {'Accuracy': 0.9776906371116638, 'Precision': 0.7577316761016846, 'Recall': 0.5825366973876953, 'F-Score': 0.6586837768554688, 'True Positives': 14137.0, 'True Negatives': 627932.0, 'False Positives': 4520.0, 'False Negatives': 10131.0, 'BB-Loc': 0.244500493640516, 'BB-IoU': 0.13429436991439123, 'Average-Loss': 0.08020646314496664}
Current Pareto Front Size: 1
Pareto Costs: (0.6979,0.2561,0.2235,1)

Epoch: 8, Average Loss: 0.043482352048158646
Validation Metrics: {'Accuracy': 0.9755542874336243, 'Precision': 0.6797531247138977, 'Recall': 0.6399785876274109, 'F-Score': 0.659266471862793, 'True Positives': 15531.0, 'True Negatives': 625135.0, 'False Positives': 7317.0, 'False Negatives': 8737.0, 'BB-Loc': 0.24687363531164544, 'BB-IoU': 0.13421329970895685, 'Average-Loss': 0.08545853871203671}
Current Pareto Front Size: 1
Pareto Costs: (0.6979,0.2561,0.2235,1)

Epoch: 9, Average Loss: 0.04097655043005943
Validation Metrics: {'Accuracy': 0.9762166738510132, 'Precision': 0.7024862766265869, 'Recall': 0.6182215213775635, 'F-Score': 0.6576657295227051, 'True Positives': 15003.0, 'True Negatives': 626098.0, 'False Positives': 6354.0, 'False Negatives': 9265.0, 'BB-Loc': 0.24817409443107175, 'BB-IoU': 0.12771654771705773, 'Average-Loss': 0.08704523715515174}
Current Pareto Front Size: 1
Pareto Costs: (0.6979,0.2561,0.2235,1)
Loading test dataset from datasets/COCO2014/processed
Validation Metrics: {'Accuracy': 0.9764547944068909, 'Precision': 0.6966561675071716, 'Recall': 0.6122032403945923, 'F-Score': 0.6517050862312317, 'True Positives': 71378.0, 'True Negatives': 3092648.0, 'False Positives': 31080.0, 'False Negatives': 45214.0, 'BB-Loc': 0.2542334181493438, 'BB-IoU': 0.12751929014259433, 'Average-Loss': 0.08630030536143035}
Validation Metrics: {'Accuracy': 0.9803537726402283, 'Precision': 0.7951751947402954, 'Recall': 0.6115084886550903, 'F-Score': 0.6913514137268066, 'True Positives': 71297.0, 'True Negatives': 3105363.0, 'False Positives': 18365.0, 'False Negatives': 45295.0, 'BB-Loc': 0.261687890650475, 'BB-IoU': 0.22492185429125164, 'Average-Loss': 0.057987274163894306}
