Attribution_method: BCos, Layer: Input, AdaptiveLambda: True, Lambda: 0.001, SimilarityThreshold: 0.97, NumGuidingPoints: 10.
loading bcos resnet50 model
Loading guiding points train dataset from datasets/COCO2014/processed
Loading guiding points validation dataset from datasets/COCO2014/processed
Train data size: 73872
Annotated: 73872, Total: 73872

Epoch: 0, Average Loss: 0.07300962507724762
Validation Metrics: {'Accuracy': 0.9794661402702332, 'Precision': 0.8383857607841492, 'Recall': 0.550436794757843, 'F-Score': 0.6645605564117432, 'True Positives': 13358.0, 'True Negatives': 629877.0, 'False Positives': 2575.0, 'False Negatives': 10910.0, 'BB-Loc': 0.26632109996883935, 'BB-IoU': 0.006443676960118945, 'Average-Loss': 0.06196350179442913}
Current Pareto Front Size: 1
Pareto Costs: (0.6646,0.2663,0.0064,1)

Epoch: 1, Average Loss: 0.05801721662282944
Validation Metrics: {'Accuracy': 0.9789149165153503, 'Precision': 0.8226116299629211, 'Recall': 0.5474699139595032, 'F-Score': 0.6574136018753052, 'True Positives': 13286.0, 'True Negatives': 629587.0, 'False Positives': 2865.0, 'False Negatives': 10982.0, 'BB-Loc': 0.2480912412432423, 'BB-IoU': 0.003935828733108987, 'Average-Loss': 0.06489696449245397}
Current Pareto Front Size: 1
Pareto Costs: (0.6646,0.2663,0.0064,1)

Epoch: 2, Average Loss: 0.04953831806778908
Validation Metrics: {'Accuracy': 0.9785920977592468, 'Precision': 0.8100212812423706, 'Recall': 0.5495714545249939, 'F-Score': 0.6548498868942261, 'True Positives': 13337.0, 'True Negatives': 629324.0, 'False Positives': 3128.0, 'False Negatives': 10931.0, 'BB-Loc': 0.23949474048416375, 'BB-IoU': 0.0030795997671633525, 'Average-Loss': 0.06743086959981993}
Current Pareto Front Size: 1
Pareto Costs: (0.6646,0.2663,0.0064,1)

Epoch: 3, Average Loss: 0.043675266206264496
Validation Metrics: {'Accuracy': 0.9781520366668701, 'Precision': 0.791799008846283, 'Recall': 0.5545986294746399, 'F-Score': 0.6523045897483826, 'True Positives': 13459.0, 'True Negatives': 628913.0, 'False Positives': 3539.0, 'False Negatives': 10809.0, 'BB-Loc': 0.23358070234267678, 'BB-IoU': 0.002633079773063233, 'Average-Loss': 0.07085312285570239}
Current Pareto Front Size: 1
Pareto Costs: (0.6646,0.2663,0.0064,1)

Epoch: 4, Average Loss: 0.03875351324677467
Validation Metrics: {'Accuracy': 0.9775398969650269, 'Precision': 0.7713226675987244, 'Recall': 0.5574830770492554, 'F-Score': 0.6471967101097107, 'True Positives': 13529.0, 'True Negatives': 628441.0, 'False Positives': 4011.0, 'False Negatives': 10739.0, 'BB-Loc': 0.22963209407205742, 'BB-IoU': 0.002426529645644906, 'Average-Loss': 0.07506784426772445}
Current Pareto Front Size: 1
Pareto Costs: (0.6646,0.2663,0.0064,1)

Epoch: 5, Average Loss: 0.034250155091285706
Validation Metrics: {'Accuracy': 0.976425290107727, 'Precision': 0.7387499809265137, 'Recall': 0.5601203441619873, 'F-Score': 0.6371519565582275, 'True Positives': 13593.0, 'True Negatives': 627645.0, 'False Positives': 4807.0, 'False Negatives': 10675.0, 'BB-Loc': 0.22559591539777807, 'BB-IoU': 0.0022416746183232645, 'Average-Loss': 0.08112160571964173}
Current Pareto Front Size: 1
Pareto Costs: (0.6646,0.2663,0.0064,1)

Epoch: 6, Average Loss: 0.030211659148335457VValidation Metrics: {'Accuracy': 0.9746497869491577, 'Precision': 0.6847362518310547, 'Recall': 0.5819185972213745, 'F-Score': 0.6291544437408447, 'True Positives': 14122.0, 'True Negatives': 625950.0, 'False Positives': 6502.0, 'False Negatives': 10146.0, 'BB-Loc': 0.22377641529866368, 'BB-IoU': 0.002119369727930331, 'Average-Loss': 0.08937653625094218}
Current Pareto Front Size: 1
Pareto Costs: (0.6646,0.2663,0.0064,1)

Epoch: 7, Average Loss: 0.026986006647348404VValidation Metrics: {'Accuracy': 0.9744502902030945, 'Precision': 0.6860620975494385, 'Recall': 0.5689384937286377, 'F-Score': 0.622035026550293, 'True Positives': 13807.0, 'True Negatives': 626134.0, 'False Positives': 6318.0, 'False Negatives': 10461.0, 'BB-Loc': 0.2253885246247528, 'BB-IoU': 0.0020676432310788254, 'Average-Loss': 0.09494163540136016}
Current Pareto Front Size: 1
Pareto Costs: (0.6646,0.2663,0.0064,1)

Epoch: 8, Average Loss: 0.024783503264188766
Validation Metrics: {'Accuracy': 0.9759927988052368, 'Precision': 0.7750032544136047, 'Recall': 0.49365419149398804, 'F-Score': 0.6031314730644226, 'True Positives': 11980.0, 'True Negatives': 628974.0, 'False Positives': 3478.0, 'False Negatives': 12288.0, 'BB-Loc': 0.22931141497125102, 'BB-IoU': 0.0020674740561694017, 'Average-Loss': 0.09965918307792894}
Current Pareto Front Size: 1
Pareto Costs: (0.6646,0.2663,0.0064,1)

Epoch: 9, Average Loss: 0.021814798936247826
Validation Metrics: {'Accuracy': 0.9757781028747559, 'Precision': 0.751307487487793, 'Recall': 0.5149991512298584, 'F-Score': 0.6111043095588684, 'True Positives': 12498.0, 'True Negatives': 628315.0, 'False Positives': 4137.0, 'False Negatives': 11770.0, 'BB-Loc': 0.22885190781591733, 'BB-IoU': 0.0019505160134544017, 'Average-Loss': 0.1016361935011782}
Current Pareto Front Size: 1
Pareto Costs: (0.6646,0.2663,0.0064,1)
Loading test dataset from datasets/COCO2014/processed
Validation Metrics: {'Accuracy': 0.9760249257087708, 'Precision': 0.7413371801376343, 'Recall': 0.5125051736831665, 'F-Score': 0.6060397028923035, 'True Positives': 59754.0, 'True Negatives': 3102879.0, 'False Positives': 20849.0, 'False Negatives': 56838.0, 'BB-Loc': 0.2342573641475787, 'BB-IoU': 0.0018746257655168218, 'Average-Loss': 0.10032321689582356}
Validation Metrics: {'Accuracy': 0.9798507690429688, 'Precision': 0.8331645131111145, 'Recall': 0.5501835346221924, 'F-Score': 0.6627303957939148, 'True Positives': 64147.0, 'True Negatives': 3110883.0, 'False Positives': 12845.0, 'False Negatives': 52445.0, 'BB-Loc': 0.27182206108777796, 'BB-IoU': 0.006454974738529332, 'Average-Loss': 0.06086452181999}
