Attribution_method: BCos, Layer: Final, AdaptiveLambda: True, Lambda: 0.0001, SimilarityThreshold: 0.9, NumGuidingPoints: 50.
loading bcos resnet50 model
Loading guiding points train dataset from datasets/COCO2014/processed
Loading guiding points validation dataset from datasets/COCO2014/processed
Train data size: 73872
Annotated: 73872, Total: 73872

Epoch: 0, Average Loss: 0.0454019270837307
Validation Metrics: {'Accuracy': 0.9803508520126343, 'Precision': 0.7989582419395447, 'Recall': 0.6257210969924927, 'F-Score': 0.7018070816993713, 'True Positives': 15185.0, 'True Negatives': 628631.0, 'False Positives': 3821.0, 'False Negatives': 9083.0, 'BB-Loc': 0.2930425168193228, 'BB-IoU': 0.22844847041680494, 'Average-Loss': 0.05878764015557429}
Current Pareto Front Size: 1
Pareto Costs: (0.7018,0.2930,0.2284,1)

Epoch: 1, Average Loss: 0.040507834404706955
Validation Metrics: {'Accuracy': 0.9798574447631836, 'Precision': 0.7840675115585327, 'Recall': 0.6278226375579834, 'F-Score': 0.6972997784614563, 'True Positives': 15236.0, 'True Negatives': 628256.0, 'False Positives': 4196.0, 'False Negatives': 9032.0, 'BB-Loc': 0.2949992779118166, 'BB-IoU': 0.22302323651226927, 'Average-Loss': 0.061263171890822}
Current Pareto Front Size: 1
Pareto Costs: (0.7018,0.2930,0.2284,1)

Epoch: 2, Average Loss: 0.036231886595487595
Validation Metrics: {'Accuracy': 0.9792605638504028, 'Precision': 0.7674839496612549, 'Recall': 0.6294708847999573, 'F-Score': 0.6916598677635193, 'True Positives': 15276.0, 'True Negatives': 627824.0, 'False Positives': 4628.0, 'False Negatives': 8992.0, 'BB-Loc': 0.296857947516263, 'BB-IoU': 0.21775785029548342, 'Average-Loss': 0.06443215229723569}
Current Pareto Front Size: 1
Pareto Costs: (0.7018,0.2930,0.2284,1)

Epoch: 3, Average Loss: 0.032053474336862564
Validation Metrics: {'Accuracy': 0.9785723090171814, 'Precision': 0.7469004392623901, 'Recall': 0.6354870796203613, 'F-Score': 0.6867040991783142, 'True Positives': 15422.0, 'True Negatives': 627226.0, 'False Positives': 5226.0, 'False Negatives': 8846.0, 'BB-Loc': 0.29826628280670686, 'BB-IoU': 0.2121888631991596, 'Average-Loss': 0.0684831851378822}
Current Pareto Front Size: 2
Pareto Costs: (0.7018,0.2930,0.2284,1)(0.6867,0.2983,0.2122,4)

Epoch: 4, Average Loss: 0.028020113706588745
Validation Metrics: {'Accuracy': 0.9779236316680908, 'Precision': 0.7289986610412598, 'Recall': 0.6408026814460754, 'F-Score': 0.6820613741874695, 'True Positives': 15551.0, 'True Negatives': 626671.0, 'False Positives': 5781.0, 'False Negatives': 8717.0, 'BB-Loc': 0.299108294080025, 'BB-IoU': 0.2071615697126883, 'Average-Loss': 0.07318786256771341}
Current Pareto Front Size: 2
Pareto Costs: (0.7018,0.2930,0.2284,1)(0.6867,0.2983,0.2122,4)

Epoch: 5, Average Loss: 0.024187691509723663
Validation Metrics: {'Accuracy': 0.9772140383720398, 'Precision': 0.7123425006866455, 'Recall': 0.6430690884590149, 'F-Score': 0.6759355664253235, 'True Positives': 15606.0, 'True Negatives': 626150.0, 'False Positives': 6302.0, 'False Negatives': 8662.0, 'BB-Loc': 0.3004672607617759, 'BB-IoU': 0.20200326729540083, 'Average-Loss': 0.07863482088304376}
Current Pareto Front Size: 2
Pareto Costs: (0.7018,0.2930,0.2284,1)(0.6867,0.2983,0.2122,4)

Epoch: 6, Average Loss: 0.020736010745167732
Validation Metrics: {'Accuracy': 0.9768729209899902, 'Precision': 0.7083524465560913, 'Recall': 0.6360227465629578, 'F-Score': 0.6702418923377991, 'True Positives': 15435.0, 'True Negatives': 626097.0, 'False Positives': 6355.0, 'False Negatives': 8833.0, 'BB-Loc': 0.30138472838238056, 'BB-IoU': 0.19703445064892494, 'Average-Loss': 0.08350968334761676}
Current Pareto Front Size: 2
Pareto Costs: (0.7018,0.2930,0.2284,1)(0.6867,0.2983,0.2122,4)

Epoch: 7, Average Loss: 0.018193667754530907
Validation Metrics: {'Accuracy': 0.9773038625717163, 'Precision': 0.7275776863098145, 'Recall': 0.6167380809783936, 'F-Score': 0.667588472366333, 'True Positives': 14967.0, 'True Negatives': 626848.0, 'False Positives': 5604.0, 'False Negatives': 9301.0, 'BB-Loc': 0.3049038269379964, 'BB-IoU': 0.1950357212525011, 'Average-Loss': 0.08628508402494119}
Current Pareto Front Size: 3
Pareto Costs: (0.7018,0.2930,0.2284,1)(0.6867,0.2983,0.2122,4)(0.6676,0.3049,0.1950,8)

Epoch: 8, Average Loss: 0.016373004764318466
Validation Metrics: {'Accuracy': 0.9779647588729858, 'Precision': 0.7587828040122986, 'Recall': 0.5918493270874023, 'F-Score': 0.6649999022483826, 'True Positives': 14363.0, 'True Negatives': 627886.0, 'False Positives': 4566.0, 'False Negatives': 9905.0, 'BB-Loc': 0.3080241896884509, 'BB-IoU': 0.1939931179682812, 'Average-Loss': 0.08971214968244172}
Current Pareto Front Size: 4
Pareto Costs: (0.7018,0.2930,0.2284,1)(0.6867,0.2983,0.2122,4)(0.6676,0.3049,0.1950,8)(0.6650,0.3080,0.1940,9)

Epoch: 9, Average Loss: 0.014077803120017052
Validation Metrics: {'Accuracy': 0.9782251119613647, 'Precision': 0.766923725605011, 'Recall': 0.5900774598121643, 'F-Score': 0.6669771671295166, 'True Positives': 14320.0, 'True Negatives': 628100.0, 'False Positives': 4352.0, 'False Negatives': 9948.0, 'BB-Loc': 0.3078318597650611, 'BB-IoU': 0.1916206555580247, 'Average-Loss': 0.09303416780612837}
Current Pareto Front Size: 4
Pareto Costs: (0.7018,0.2930,0.2284,1)(0.6867,0.2983,0.2122,4)(0.6676,0.3049,0.1950,8)(0.6650,0.3080,0.1940,9)
Loading test dataset from datasets/COCO2014/processed
Validation Metrics: {'Accuracy': 0.9782148003578186, 'Precision': 0.75518399477005, 'Recall': 0.5838050842285156, 'F-Score': 0.6585270166397095, 'True Positives': 68067.0, 'True Negatives': 3101662.0, 'False Positives': 22066.0, 'False Negatives': 48525.0, 'BB-Loc': 0.3135315211679439, 'BB-IoU': 0.19163220624680036, 'Average-Loss': 0.09236590456826023}
Validation Metrics: {'Accuracy': 0.9804726243019104, 'Precision': 0.7901037335395813, 'Recall': 0.62272709608078, 'F-Score': 0.6965009570121765, 'True Positives': 72605.0, 'True Negatives': 3104440.0, 'False Positives': 19288.0, 'False Negatives': 43987.0, 'BB-Loc': 0.29859731077356194, 'BB-IoU': 0.22945718252096362, 'Average-Loss': 0.05833240066760381}
