loading bcos resnet50 model
Loading guiding points train dataset from datasets/COCO2014/processed
Loading guiding points validation dataset from datasets/COCO2014/processed
Train data size: 73872
Annotated: 73872, Total: 73872

Epoch: 0, Average Loss: 0.041677385568618774
Validation Metrics: {'Accuracy': 0.9803173542022705, 'Precision': 0.7991349101066589, 'Recall': 0.6242789030075073, 'F-Score': 0.700967013835907, 'True Positives': 15150.0, 'True Negatives': 628644.0, 'False Positives': 3808.0, 'False Negatives': 9118.0, 'BB-Loc': 0.297087440258984, 'BB-IoU': 0.22554219414642046, 'Average-Loss': 0.05887351057564011}
Current Pareto Front Size: 1
Pareto Costs: (0.7010,0.2971,0.2255,1)

Epoch: 1, Average Loss: 0.036715976893901825
Validation Metrics: {'Accuracy': 0.979866623878479, 'Precision': 0.7851610779762268, 'Recall': 0.6266276836395264, 'F-Score': 0.6969932913780212, 'True Positives': 15207.0, 'True Negatives': 628291.0, 'False Positives': 4161.0, 'False Negatives': 9061.0, 'BB-Loc': 0.30008848286411205, 'BB-IoU': 0.2192340826614818, 'Average-Loss': 0.06140022775057768}
Current Pareto Front Size: 2
Pareto Costs: (0.7010,0.2971,0.2255,1)(0.6970,0.3001,0.2192,2)

Epoch: 2, Average Loss: 0.03237198665738106
Validation Metrics: {'Accuracy': 0.9792575240135193, 'Precision': 0.7686755657196045, 'Recall': 0.6275342106819153, 'F-Score': 0.6909709572792053, 'True Positives': 15229.0, 'True Negatives': 627869.0, 'False Positives': 4583.0, 'False Negatives': 9039.0, 'BB-Loc': 0.3026904851534571, 'BB-IoU': 0.213527814117299, 'Average-Loss': 0.06466361598942948}
Current Pareto Front Size: 3
Pareto Costs: (0.7010,0.2971,0.2255,1)(0.6970,0.3001,0.2192,2)(0.6910,0.3027,0.2135,3)

Epoch: 3, Average Loss: 0.02813863195478916
Validation Metrics: {'Accuracy': 0.97861647605896, 'Precision': 0.7486987113952637, 'Recall': 0.6342096328735352, 'F-Score': 0.6867150068283081, 'True Positives': 15391.0, 'True Negatives': 627286.0, 'False Positives': 5166.0, 'False Negatives': 8877.0, 'BB-Loc': 0.30450004602847014, 'BB-IoU': 0.20753830715644656, 'Average-Loss': 0.06875410717752618}
Current Pareto Front Size: 3
Pareto Costs: (0.7010,0.2971,0.2255,1)(0.6970,0.3001,0.2192,2)(0.6910,0.3027,0.2135,3)

Epoch: 4, Average Loss: 0.024052457883954048
Validation Metrics: {'Accuracy': 0.9779038429260254, 'Precision': 0.7287476062774658, 'Recall': 0.640431821346283, 'F-Score': 0.6817414164543152, 'True Positives': 15542.0, 'True Negatives': 626667.0, 'False Positives': 5785.0, 'False Negatives': 8726.0, 'BB-Loc': 0.30579195762402905, 'BB-IoU': 0.2022037403779893, 'Average-Loss': 0.07364090863614821}
Current Pareto Front Size: 3
Pareto Costs: (0.7010,0.2971,0.2255,1)(0.6970,0.3001,0.2192,2)(0.6910,0.3027,0.2135,3)

Epoch: 5, Average Loss: 0.02019292302429676
Validation Metrics: {'Accuracy': 0.9772642850875854, 'Precision': 0.7138081192970276, 'Recall': 0.6422449350357056, 'F-Score': 0.6761382222175598, 'True Positives': 15586.0, 'True Negatives': 626203.0, 'False Positives': 6249.0, 'False Negatives': 8682.0, 'BB-Loc': 0.3073133208169284, 'BB-IoU': 0.19694931848079614, 'Average-Loss': 0.07903801983900577}
Current Pareto Front Size: 3
Pareto Costs: (0.7010,0.2971,0.2255,1)(0.6970,0.3001,0.2192,2)(0.6910,0.3027,0.2135,3)

Epoch: 6, Average Loss: 0.01670277863740921
Validation Metrics: {'Accuracy': 0.977075457572937, 'Precision': 0.712486743927002, 'Recall': 0.6364760398864746, 'F-Score': 0.6723398566246033, 'True Positives': 15446.0, 'True Negatives': 626219.0, 'False Positives': 6233.0, 'False Negatives': 8822.0, 'BB-Loc': 0.3085442940390259, 'BB-IoU': 0.19186553463822106, 'Average-Loss': 0.08391102537456507}
Current Pareto Front Size: 4
Pareto Costs: (0.7010,0.2971,0.2255,1)(0.6970,0.3001,0.2192,2)(0.6910,0.3027,0.2135,3)(0.6723,0.3085,0.1919,7)

Epoch: 7, Average Loss: 0.014153077267110348
Validation Metrics: {'Accuracy': 0.9772322773933411, 'Precision': 0.7242010235786438, 'Recall': 0.6199933886528015, 'F-Score': 0.668057918548584, 'True Positives': 15046.0, 'True Negatives': 626722.0, 'False Positives': 5730.0, 'False Negatives': 9222.0, 'BB-Loc': 0.3117471505894367, 'BB-IoU': 0.1900182576490368, 'Average-Loss': 0.08711723915943058}
Current Pareto Front Size: 4
Pareto Costs: (0.7010,0.2971,0.2255,1)(0.6970,0.3001,0.2192,2)(0.6910,0.3027,0.2135,3)(0.6723,0.3085,0.1919,7)

Epoch: 8, Average Loss: 0.012325574643909931
Validation Metrics: {'Accuracy': 0.9781962037086487, 'Precision': 0.7663721442222595, 'Recall': 0.5897477865219116, 'F-Score': 0.6665579676628113, 'True Positives': 14312.0, 'True Negatives': 628089.0, 'False Positives': 4363.0, 'False Negatives': 9956.0, 'BB-Loc': 0.31526786624969405, 'BB-IoU': 0.18923242802607143, 'Average-Loss': 0.09036684820430986}
Current Pareto Front Size: 5
Pareto Costs: (0.7010,0.2971,0.2255,1)(0.6970,0.3001,0.2192,2)(0.6910,0.3027,0.2135,3)(0.6723,0.3085,0.1919,7)(0.6666,0.3153,0.1892,9)

Epoch: 9, Average Loss: 0.01011808030307293
Validation Metrics: {'Accuracy': 0.9780454635620117, 'Precision': 0.7659287452697754, 'Recall': 0.5845145583152771, 'F-Score': 0.6630363464355469, 'True Positives': 14185.0, 'True Negatives': 628117.0, 'False Positives': 4335.0, 'False Negatives': 10083.0, 'BB-Loc': 0.3156083978171757, 'BB-IoU': 0.18618867780878, 'Average-Loss': 0.0953588700640113}
Current Pareto Front Size: 5
Pareto Costs: (0.7010,0.2971,0.2255,1)(0.6970,0.3001,0.2192,2)(0.6910,0.3027,0.2135,3)(0.6723,0.3085,0.1919,7)(0.6666,0.3153,0.1892,9)
Loading test dataset from datasets/COCO2014/processed
Validation Metrics: {'Accuracy': 0.9781549572944641, 'Precision': 0.7571491003036499, 'Recall': 0.5784016251564026, 'F-Score': 0.6558137536048889, 'True Positives': 67437.0, 'True Negatives': 3102098.0, 'False Positives': 21630.0, 'False Negatives': 49155.0, 'BB-Loc': 0.32116316869875, 'BB-IoU': 0.18619917154192298, 'Average-Loss': 0.09476288462636406}
Validation Metrics: {'Accuracy': 0.9804840087890625, 'Precision': 0.79106205701828, 'Recall': 0.6218608617782593, 'F-Score': 0.6963303089141846, 'True Positives': 72504.0, 'True Negatives': 3104578.0, 'False Positives': 19150.0, 'False Negatives': 44088.0, 'BB-Loc': 0.3026290786505349, 'BB-IoU': 0.22655605967724773, 'Average-Loss': 0.05841348803657895}

real	141m30.410s
user	147m30.859s
sys	32m45.624s
